{
  "stats": {
    "suites": 1,
    "tests": 6,
    "passes": 4,
    "pending": 0,
    "failures": 2,
    "start": "2025-07-03T08:26:06.731Z",
    "end": "2025-07-03T08:27:06.048Z",
    "duration": 59317,
    "testsRegistered": 6,
    "passPercent": 66.66666666666666,
    "pendingPercent": 0,
    "other": 0,
    "hasOther": false,
    "skipped": 0,
    "hasSkipped": false
  },
  "results": [
    {
      "uuid": "ffa62574-9efa-4e61-83e0-c9ba763297cc",
      "title": "",
      "fullFile": "cypress\\e2e\\adminProductList.cy.js",
      "file": "cypress\\e2e\\adminProductList.cy.js",
      "beforeHooks": [],
      "afterHooks": [],
      "tests": [],
      "suites": [
        {
          "uuid": "8aa3ad52-c717-43d7-84bb-60c4d1b01742",
          "title": "Admin Produk list",
          "fullFile": "",
          "file": "",
          "beforeHooks": [],
          "afterHooks": [],
          "tests": [
            {
              "title": "Tambah produk tanpa nama",
              "fullTitle": "Admin Produk list Tambah produk tanpa nama",
              "timedOut": null,
              "duration": 9673,
              "state": "passed",
              "speed": "medium",
              "pass": true,
              "fail": false,
              "pending": false,
              "context": null,
              "code": "cy.xpath(\"//a[normalize-space()='Create']\").click();\ncy.get(\"button[class='btn btn-primary btn-next']\").click();\ncy.get(\".swal2-popup\").should(\"be.visible\").and(\"contain\", \"Harap isi formulir\");",
              "err": {},
              "uuid": "4cc7c016-0a75-4be8-b81c-ee468fad6809",
              "parentUUID": "8aa3ad52-c717-43d7-84bb-60c4d1b01742",
              "isHook": false,
              "skipped": false
            },
            {
              "title": "Tambah produk tanpa harga",
              "fullTitle": "Admin Produk list Tambah produk tanpa harga",
              "timedOut": null,
              "duration": 7839,
              "state": "passed",
              "speed": "medium",
              "pass": true,
              "fail": false,
              "pending": false,
              "context": null,
              "code": "cy.xpath(\"//a[normalize-space()='Create']\").click();\ncy.get(\"input[placeholder='Product Name']\").type(\"test\");\ncy.get(\"input[placeholder='Product SKU']\").type(\"test\");\ncy.get(\"input[placeholder='Product Barcode']\").type(\"test\");\ncy.get(\"input[placeholder='Product Weight']\").type(\"10\");\ncy.get(\"input[placeholder='Product Width']\").type(\"10\");\ncy.get(\"input[placeholder='Product Height']\").type(\"10\");\ncy.get(\"input[placeholder='Product Length']\").type(\"10\");\ncy.get(\"input[placeholder='Product Minimum Quantity']\").type(\"10\");\ncy.get(\"#select2-type-container\").click();\ncy.get(\"input[role='searchbox']\").type(\"Ready Order\").type(\"{enter}\");\ncy.get(\"#select2-kind-container\").click();\ncy.get(\"input[role='searchbox']\").type(\"Finish Good\").type(\"{enter}\");\ncy.frameLoaded(\"iframe[title='Rich Text Editor, summary-ckeditor']\");\ncy.iframe(\"iframe[title='Rich Text Editor, summary-ckeditor']\").clear().type(\"Welcome\");\ncy.get(\"button[class='btn btn-primary btn-next']\").click();\ncy.get(\"button[class='btn btn-primary btn-next']\").click();\ncy.get(\".swal2-popup\").should(\"be.visible\").and(\"contain\", \"Harap isi formulir\");",
              "err": {},
              "uuid": "6eac3525-60af-4291-9820-f7452143ed22",
              "parentUUID": "8aa3ad52-c717-43d7-84bb-60c4d1b01742",
              "isHook": false,
              "skipped": false
            },
            {
              "title": "Tambah produk valid",
              "fullTitle": "Admin Produk list Tambah produk valid",
              "timedOut": null,
              "duration": 7994,
              "state": "failed",
              "speed": null,
              "pass": false,
              "fail": true,
              "pending": false,
              "context": "{\n  \"title\": \"cypress-mochawesome-reporter-screenshots\",\n  \"value\": [\n    [\n      \"\\\\adminProductList.cy.js\\\\Admin Produk list -- Tambah produk valid (failed).png\"\n    ]\n  ]\n}",
              "code": "cy.xpath(\"//a[normalize-space()='Create']\").click();\ncy.get(\"input[placeholder='Product Name']\").type(\"test\");\ncy.get(\"input[placeholder='Product SKU']\").type(\"test\");\ncy.get(\"input[placeholder='Product Barcode']\").type(\"test\");\ncy.get(\"input[placeholder='Product Weight']\").type(\"10\");\ncy.get(\"input[placeholder='Product Width']\").type(\"10\");\ncy.get(\"input[placeholder='Product Height']\").type(\"10\");\ncy.get(\"input[placeholder='Product Length']\").type(\"10\");\ncy.get(\"input[placeholder='Product Minimum Quantity']\").type(\"10\");\ncy.get(\"#select2-type-container\").click();\ncy.get(\"input[role='searchbox']\").type(\"Ready Order\").type(\"{enter}\");\ncy.get(\"#select2-kind-container\").click();\ncy.get(\"input[role='searchbox']\").type(\"Finish Good\").type(\"{enter}\");\ncy.frameLoaded(\"iframe[title='Rich Text Editor, summary-ckeditor']\");\ncy.iframe(\"iframe[title='Rich Text Editor, summary-ckeditor']\").clear().type(\"Welcome\");\ncy.get(\"button[class='btn btn-primary btn-next']\").click();\ncy.get(\"input[placeholder='Price']\").type(\"10\");\ncy.get(\"button[class='btn btn-primary btn-next']\").click();\ncy.get(\"button[data-model='Category']\").click().wait(500);\ncy.xpath(\"(//span[@role='combobox'])[3]\").click();\ncy.get(\"input[role='searchbox']\").type(\"Jilbab\").type(\"{enter}\");\ncy.xpath(\"(//span[@role='combobox'])[4]\").click();\ncy.get(\"input[role='searchbox']\").type(\"Cadar\").type(\"{enter}\");\ncy.get(\"#continue_category_series\").click();\ncy.get(\".modal-backdrop\").invoke(\"remove\");\ncy.get(\"button[data-model='Series']\").click();\ncy.xpath(\"(//span[@role='combobox'])[3]\").click();\ncy.get(\"input[role='searchbox']\").type(\"Series\").type(\"{enter}\");\ncy.get(\"#continue_category_series\").click();\ncy.get(\".modal-backdrop\").invoke(\"remove\");\ncy.get(\"button[class='btn btn-primary btn-next']\").click();\ncy.xpath(\"(//input[@name='image[]'])[1]\").attachFile(\"test.png\");\ncy.get(\".modal-backdrop\").invoke(\"remove\");\ncy.get(\"button[class='btn btn-primary btn-next']\").click();\ncy.xpath(\"(//textarea[@placeholder='Content'])[1]\").clear().type(\"Test\");\ncy.xpath(\"(//textarea[@placeholder='Content'])[2]\").clear().type(\"Test\");\n// cy.get(\"button[class='btn btn-primary btn-next']\").click();\n// cy.get(\".swal2-popup\").should(\"be.visible\").and(\"contain\", \"success\");",
              "err": {
                "message": "AssertionError: Timed out retrying after 4000ms: Expected to find element: `//a[normalize-space()='Create']`, but never found it.",
                "estack": "AssertionError: Timed out retrying after 4000ms: Expected to find element: `//a[normalize-space()='Create']`, but never found it.\n    at Context.eval (webpack://cypress_wikanta/./cypress/e2e/adminProductList.cy.js:49:7)",
                "diff": null
              },
              "uuid": "1990fea0-7a15-40bc-b7ee-ccc8b91a59cf",
              "parentUUID": "8aa3ad52-c717-43d7-84bb-60c4d1b01742",
              "isHook": false,
              "skipped": false
            },
            {
              "title": "Edit Produk",
              "fullTitle": "Admin Produk list Edit Produk",
              "timedOut": null,
              "duration": 18208,
              "state": "passed",
              "speed": "slow",
              "pass": true,
              "fail": false,
              "pending": false,
              "context": null,
              "code": "cy.get(\"input[type='search']\").type(\"test\");\ncy.get(\"#table-product_wrapper\").should(\"contain\", \"test\");\ncy.get(\".btn.btn-primary.btn-icon\").click();\ncy.get(\"input[placeholder='Product Name']\").clear().type(\"test2\");\ncy.get(\"input[placeholder='Product SKU']\").clear().type(\"test2\");\ncy.get(\"input[placeholder='Product Barcode']\").clear().type(\"test2\");\ncy.get(\"input[placeholder='Product Weight']\").clear().type(\"10\");\ncy.get(\"input[placeholder='Product Width']\").clear().type(\"10\");\ncy.get(\"input[placeholder='Product Height']\").clear().type(\"10\");\ncy.get(\"input[placeholder='Product Length']\").clear().type(\"10\");\ncy.get(\"input[placeholder='Product Minimum Quantity']\").clear().type(\"10\");\ncy.get(\"#select2-type-container\").click();\ncy.get(\"input[role='searchbox']\").type(\"Ready Order\").type(\"{enter}\");\ncy.get(\"#select2-kind-container\").click();\ncy.get(\"input[role='searchbox']\").type(\"Finish Good\").type(\"{enter}\");\ncy.frameLoaded(\"iframe[title='Rich Text Editor, summary-ckeditor']\");\ncy.iframe(\"iframe[title='Rich Text Editor, summary-ckeditor']\").clear().type(\"Welcome\");\ncy.get(\"button[class='btn btn-primary btn-next']\").click();\n//cy.get(\"input[placeholder='Price']\").type(\"10\");\ncy.get(\"button[class='btn btn-primary btn-next']\").click();\n// cy.get(\"button[data-model='Category']\").click();\n// cy.xpath(\"(//span[@role='combobox'])[3]\").click();\n// cy.get(\"input[role='searchbox']\").type(\"Category\").type(\"{enter}\");\n// cy.get(\"#continue_category_series\").click();\n// cy.get(\".modal-backdrop\").invoke(\"remove\");\n// cy.xpath(\"//button[@data-model='Series'][normalize-space()='Select']\")\n//   .should(\"be.visible\")\n//   .click();\n// cy.xpath(\"(//span[@role='combobox'])[3]\").click();\n// cy.get(\"input[role='searchbox']\").type(\"Series\").type(\"{enter}\");\n// cy.get(\"#continue_category_series\").click();\n// cy.get(\".modal-backdrop\").invoke(\"remove\");\ncy.get(\"button[class='btn btn-primary btn-next']\").click();\n// cy.xpath(\"(//input[@name='image[]'])[1]\").attachFile(\"test.png\");\n// cy.get(\".modal-backdrop\").invoke(\"remove\");\ncy.get(\"button[class='btn btn-primary btn-next']\").click();\ncy.get(\"button[class='btn btn-primary btn-next']\").click();\ncy.get(\".swal2-popup\").should(\"be.visible\").and(\"contain\", \"success\");\ncy.get(\"input[type='search']\").clear().type(\"test2\");\ncy.get(\"#table-product_wrapper\").should(\"contain\", \"test2\");",
              "err": {},
              "uuid": "da421211-44f2-4e28-8945-530a7eeb930e",
              "parentUUID": "8aa3ad52-c717-43d7-84bb-60c4d1b01742",
              "isHook": false,
              "skipped": false
            },
            {
              "title": "Cari Produk",
              "fullTitle": "Admin Produk list Cari Produk",
              "timedOut": null,
              "duration": 5091,
              "state": "passed",
              "speed": "medium",
              "pass": true,
              "fail": false,
              "pending": false,
              "context": null,
              "code": "cy.get(\"input[type='search']\").clear().type(\"test2\");\ncy.get(\"#table-product_wrapper\").should(\"contain\", \"test2\");",
              "err": {},
              "uuid": "556db3fe-4a43-4508-93c7-d551e7d31622",
              "parentUUID": "8aa3ad52-c717-43d7-84bb-60c4d1b01742",
              "isHook": false,
              "skipped": false
            },
            {
              "title": "Hapus Produk",
              "fullTitle": "Admin Produk list Hapus Produk",
              "timedOut": null,
              "duration": 9602,
              "state": "failed",
              "speed": null,
              "pass": false,
              "fail": true,
              "pending": false,
              "context": "{\n  \"title\": \"cypress-mochawesome-reporter-screenshots\",\n  \"value\": [\n    [\n      \"\\\\adminProductList.cy.js\\\\Admin Produk list -- Hapus Produk (failed).png\"\n    ]\n  ]\n}",
              "code": "cy.get(\"input[type='search']\").clear().type(\"test2\");\ncy.wait(1000);\ncy.get(\"button[name='button']\").click();\ncy.xpath(\"//button[normalize-space()='Iya, hapus itu!']\").should(\"be.visible\").click();\n//cy.xpath(\"//button[normalize-space()='Kembali']\").click();\ncy.get(\"#table-product_wrapper\").should(\"not.contain\", \"test2\");",
              "err": {
                "message": "AssertionError: Timed out retrying after 4000ms: expected '<div#table-product_wrapper.dataTables_wrapper.no-footer>' not to contain 'test2'",
                "estack": "AssertionError: Timed out retrying after 4000ms: expected '<div#table-product_wrapper.dataTables_wrapper.no-footer>' not to contain 'test2'\n    at Context.eval (webpack://cypress_wikanta/./cypress/e2e/adminProductList.cy.js:160:37)",
                "diff": null
              },
              "uuid": "bc7cb78f-f4ee-4a03-a542-3ebc5f276a50",
              "parentUUID": "8aa3ad52-c717-43d7-84bb-60c4d1b01742",
              "isHook": false,
              "skipped": false
            }
          ],
          "suites": [],
          "passes": [
            "4cc7c016-0a75-4be8-b81c-ee468fad6809",
            "6eac3525-60af-4291-9820-f7452143ed22",
            "da421211-44f2-4e28-8945-530a7eeb930e",
            "556db3fe-4a43-4508-93c7-d551e7d31622"
          ],
          "failures": [
            "1990fea0-7a15-40bc-b7ee-ccc8b91a59cf",
            "bc7cb78f-f4ee-4a03-a542-3ebc5f276a50"
          ],
          "pending": [],
          "skipped": [],
          "duration": 58407,
          "root": false,
          "rootEmpty": false,
          "_timeout": 2000
        }
      ],
      "passes": [],
      "failures": [],
      "pending": [],
      "skipped": [],
      "duration": 0,
      "root": true,
      "rootEmpty": true,
      "_timeout": 2000
    }
  ],
  "meta": {
    "mocha": {
      "version": "7.2.0"
    },
    "mochawesome": {
      "options": {
        "quiet": false,
        "reportFilename": "[status]-[name]-report",
        "saveHtml": false,
        "saveJson": true,
        "consoleReporter": "spec",
        "useInlineDiffs": false,
        "code": true
      },
      "version": "7.1.3"
    },
    "marge": {
      "options": {
        "charts": true,
        "reportPageTitle": "Cypress Inline Reporter",
        "reportFilename": "[status]-[name]-report",
        "embeddedScreenshots": true,
        "inlineAssets": true,
        "overwrite": false,
        "html": false,
        "json": true,
        "reportDir": "cypress\\reports\\html\\.jsons"
      },
      "version": "6.2.0"
    }
  }
}