{
  "stats": {
    "suites": 1,
    "tests": 5,
    "passes": 4,
    "pending": 0,
    "failures": 1,
    "start": "2025-06-23T03:08:30.695Z",
    "end": "2025-06-23T03:09:05.407Z",
    "duration": 34712,
    "testsRegistered": 5,
    "passPercent": 80,
    "pendingPercent": 0,
    "other": 0,
    "hasOther": false,
    "skipped": 0,
    "hasSkipped": false
  },
  "results": [
    {
      "uuid": "d0600f0b-1b6a-4d02-a2d9-27ce901fbbf4",
      "title": "",
      "fullFile": "cypress\\e2e\\adminCategory.cy.js",
      "file": "cypress\\e2e\\adminCategory.cy.js",
      "beforeHooks": [],
      "afterHooks": [],
      "tests": [],
      "suites": [
        {
          "uuid": "abc51a1c-41c4-4a44-ab1b-6c87d4c40c4d",
          "title": "Admin Category",
          "fullFile": "",
          "file": "",
          "beforeHooks": [],
          "afterHooks": [],
          "tests": [
            {
              "title": "Tambah category tanpa isi",
              "fullTitle": "Admin Category Tambah category tanpa isi",
              "timedOut": null,
              "duration": 6233,
              "state": "passed",
              "speed": "medium",
              "pass": true,
              "fail": false,
              "pending": false,
              "context": null,
              "code": "cy.xpath(\"//a[normalize-space()='Create']\").click();\ncy.xpath(\"//button[normalize-space()='Buat']\").click();\ncy.xpath(\"//input[@id='name']\").invoke(\"prop\", \"validationMessage\").should(\"contain\", \"Silahkan isi kolomnya.\");",
              "err": {},
              "uuid": "5c7eaa9f-cdd7-4508-a578-63e279374bf8",
              "parentUUID": "abc51a1c-41c4-4a44-ab1b-6c87d4c40c4d",
              "isHook": false,
              "skipped": false
            },
            {
              "title": "Tambah category valid",
              "fullTitle": "Admin Category Tambah category valid",
              "timedOut": null,
              "duration": 7160,
              "state": "passed",
              "speed": "medium",
              "pass": true,
              "fail": false,
              "pending": false,
              "context": null,
              "code": "cy.xpath(\"//a[normalize-space()='Create']\").click();\ncy.xpath(\"//input[@id='name']\").type(\"testing\");\ncy.get(\"#select2-parent_id-container\").click();\ncy.get(\"input[role='searchbox']\").type(\"Cadar\").wait(1000).type(\"{enter}\");\ncy.get(\"#select2-status-container\").click();\ncy.get(\"input[role='searchbox']\").clear().type(\"Active\");\ncy.get(\".select2-dropdown.select2-dropdown--below\").contains(/^Active$/) // regex match persis \"Active\"\n.click();\ncy.xpath(\"//button[normalize-space()='Buat']\").click();\ncy.get(\".swal2-popup\").should(\"be.visible\").and(\"contain\", \"Berhasil\");\ncy.get(\"input[type='search']\").clear().type(\"testing\").wait(1000);\ncy.get(\"#table-category_wrapper\").should(\"contain\", \"testing\").should(\"contain\", \"Cadar\");",
              "err": {},
              "uuid": "31a460e0-549d-4d9e-90fd-3abf32da8ea2",
              "parentUUID": "abc51a1c-41c4-4a44-ab1b-6c87d4c40c4d",
              "isHook": false,
              "skipped": false
            },
            {
              "title": "Edit category ",
              "fullTitle": "Admin Category Edit category ",
              "timedOut": null,
              "duration": 7758,
              "state": "passed",
              "speed": "medium",
              "pass": true,
              "fail": false,
              "pending": false,
              "context": null,
              "code": "cy.get(\"input[type='search']\").type(\"testing\").wait(1000);\ncy.xpath(\"(//a[@class='btn btn-primary btn-icon'])[1]\").click();\ncy.xpath(\"//input[@id='name']\").clear().type(\"testing2\");\ncy.get(\"#select2-parent_id-container\").click();\ncy.get(\"input[role='searchbox']\").clear().type(\"Cadar\").wait(500).type(\"{enter}\");\ncy.get(\"#select2-status-container\").click();\ncy.get(\"input[role='searchbox']\").type(\"Active\").click();\ncy.xpath(\"//button[normalize-space()='Ubah']\").click();\ncy.get(\"input[type='search']\").clear().type(\"testing2\").wait(500);\ncy.get(\".swal2-popup\").should(\"be.visible\").and(\"contain\", \"Berhasil\");\ncy.get(\"#table-category_wrapper\").should(\"contain\", \"testing2\").should(\"contain\", \"Cadar\");",
              "err": {},
              "uuid": "0cf0b449-0211-409d-b38f-cbae3ea02f27",
              "parentUUID": "abc51a1c-41c4-4a44-ab1b-6c87d4c40c4d",
              "isHook": false,
              "skipped": false
            },
            {
              "title": "Hapus kategori tidak digunakan",
              "fullTitle": "Admin Category Hapus kategori tidak digunakan",
              "timedOut": null,
              "duration": 4712,
              "state": "passed",
              "speed": "fast",
              "pass": true,
              "fail": false,
              "pending": false,
              "context": null,
              "code": "cy.get(\"input[type='search']\").clear().type(\"testing2\").wait(1000);\ncy.xpath(\"(//i[@class='mdi mdi-delete'])[1]\").click();\ncy.xpath(\"//button[normalize-space()='Iya, hapus itu!']\").click().wait(100);\n//cy.xpath(\"//button[normalize-space()='Kembali']\").click()\ncy.get(\".swal2-popup\").should(\"be.visible\").and(\"contain\", \"Berhasil\");",
              "err": {},
              "uuid": "1951cc22-5279-4c7e-b1a5-c93b83a0ab74",
              "parentUUID": "abc51a1c-41c4-4a44-ab1b-6c87d4c40c4d",
              "isHook": false,
              "skipped": false
            },
            {
              "title": "Hapus kategori yang sedang digunakan digunakan",
              "fullTitle": "Admin Category Hapus kategori yang sedang digunakan digunakan",
              "timedOut": null,
              "duration": 8526,
              "state": "failed",
              "speed": null,
              "pass": false,
              "fail": true,
              "pending": false,
              "context": "{\n  \"title\": \"cypress-mochawesome-reporter-screenshots\",\n  \"value\": [\n    [\n      \"\\\\adminCategory.cy.js\\\\Admin Category -- Hapus kategori yang sedang digunakan digunakan (failed).png\"\n    ]\n  ]\n}",
              "code": "cy.get(\"input[type='search']\").clear().type(\"Hijab Instan\").wait(1000);\ncy.xpath(\"(//i[@class='mdi mdi-delete'])[1]\").click();\ncy.xpath(\"//button[normalize-space()='Iya, hapus itu!']\").click().wait(100);\n//cy.xpath(\"//button[normalize-space()='Kembali']\").click()\ncy.get(\".swal2-popup\").should(\"be.visible\").and(\"contain\", \"Gagal\");",
              "err": {
                "message": "AssertionError: Timed out retrying after 4000ms: Expected to find element: `.swal2-popup`, but never found it.",
                "estack": "AssertionError: Timed out retrying after 4000ms: Expected to find element: `.swal2-popup`, but never found it.\n    at Context.eval (webpack://cypress_wikanta/./cypress/e2e/adminCategory.cy.js:74:27)",
                "diff": null
              },
              "uuid": "d45ff53f-4bb0-4238-b24c-2f28bb9c1639",
              "parentUUID": "abc51a1c-41c4-4a44-ab1b-6c87d4c40c4d",
              "isHook": false,
              "skipped": false
            }
          ],
          "suites": [],
          "passes": [
            "5c7eaa9f-cdd7-4508-a578-63e279374bf8",
            "31a460e0-549d-4d9e-90fd-3abf32da8ea2",
            "0cf0b449-0211-409d-b38f-cbae3ea02f27",
            "1951cc22-5279-4c7e-b1a5-c93b83a0ab74"
          ],
          "failures": [
            "d45ff53f-4bb0-4238-b24c-2f28bb9c1639"
          ],
          "pending": [],
          "skipped": [],
          "duration": 34389,
          "root": false,
          "rootEmpty": false,
          "_timeout": 2000
        }
      ],
      "passes": [],
      "failures": [],
      "pending": [],
      "skipped": [],
      "duration": 0,
      "root": true,
      "rootEmpty": true,
      "_timeout": 2000
    }
  ],
  "meta": {
    "mocha": {
      "version": "7.2.0"
    },
    "mochawesome": {
      "options": {
        "quiet": false,
        "reportFilename": "[status]-[name]-report",
        "saveHtml": false,
        "saveJson": true,
        "consoleReporter": "spec",
        "useInlineDiffs": false,
        "code": true
      },
      "version": "7.1.3"
    },
    "marge": {
      "options": {
        "charts": true,
        "reportPageTitle": "Cypress Inline Reporter",
        "reportFilename": "[status]-[name]-report",
        "embeddedScreenshots": true,
        "inlineAssets": true,
        "overwrite": false,
        "html": false,
        "json": true,
        "reportDir": "cypress\\reports\\html\\.jsons"
      },
      "version": "6.2.0"
    }
  }
}