{
  "stats": {
    "suites": 1,
    "tests": 5,
    "passes": 4,
    "pending": 0,
    "failures": 1,
    "start": "2025-07-03T08:10:29.265Z",
    "end": "2025-07-03T08:11:08.505Z",
    "duration": 39240,
    "testsRegistered": 5,
    "passPercent": 80,
    "pendingPercent": 0,
    "other": 0,
    "hasOther": false,
    "skipped": 0,
    "hasSkipped": false
  },
  "results": [
    {
      "uuid": "fdbda029-e83c-488c-8b48-302c99f9ebd7",
      "title": "",
      "fullFile": "cypress\\e2e\\adminCategory.cy.js",
      "file": "cypress\\e2e\\adminCategory.cy.js",
      "beforeHooks": [],
      "afterHooks": [],
      "tests": [],
      "suites": [
        {
          "uuid": "f52dd26e-d8f2-428c-abf2-046969c32851",
          "title": "Admin Category",
          "fullFile": "",
          "file": "",
          "beforeHooks": [],
          "afterHooks": [],
          "tests": [
            {
              "title": "Tambah category tanpa isi",
              "fullTitle": "Admin Category Tambah category tanpa isi",
              "timedOut": null,
              "duration": 8600,
              "state": "passed",
              "speed": "medium",
              "pass": true,
              "fail": false,
              "pending": false,
              "context": null,
              "code": "cy.xpath(\"//a[normalize-space()='Create']\").click();\ncy.xpath(\"//button[normalize-space()='Buat']\").click();\ncy.xpath(\"//input[@id='name']\").invoke(\"prop\", \"validationMessage\").should(\"contain\", \"Silahkan isi kolomnya.\");",
              "err": {},
              "uuid": "e321e80d-37ab-4d85-82c7-4fbc2e17cb18",
              "parentUUID": "f52dd26e-d8f2-428c-abf2-046969c32851",
              "isHook": false,
              "skipped": false
            },
            {
              "title": "Tambah category valid",
              "fullTitle": "Admin Category Tambah category valid",
              "timedOut": null,
              "duration": 7671,
              "state": "passed",
              "speed": "medium",
              "pass": true,
              "fail": false,
              "pending": false,
              "context": null,
              "code": "cy.xpath(\"//a[normalize-space()='Create']\").click();\ncy.xpath(\"//input[@id='name']\").type(\"testing\");\ncy.get(\"#select2-parent_id-container\").click();\ncy.get(\"input[role='searchbox']\").type(\"Cadar\").wait(1000).type(\"{enter}\");\ncy.get(\"#select2-status-container\").click();\ncy.get(\"input[role='searchbox']\").clear().type(\"Active\");\ncy.get(\".select2-dropdown.select2-dropdown--below\").contains(/^Active$/) // regex match persis \"Active\"\n.click();\ncy.xpath(\"//button[normalize-space()='Buat']\").click();\ncy.get(\".swal2-popup\").should(\"be.visible\").and(\"contain\", \"Berhasil\");\ncy.get(\"input[type='search']\").clear().type(\"testing\").wait(1000);\ncy.get(\"#table-category_wrapper\").should(\"contain\", \"testing\").should(\"contain\", \"Cadar\");",
              "err": {},
              "uuid": "84b968b4-4acd-446b-835a-add79140875c",
              "parentUUID": "f52dd26e-d8f2-428c-abf2-046969c32851",
              "isHook": false,
              "skipped": false
            },
            {
              "title": "Edit category ",
              "fullTitle": "Admin Category Edit category ",
              "timedOut": null,
              "duration": 7891,
              "state": "passed",
              "speed": "medium",
              "pass": true,
              "fail": false,
              "pending": false,
              "context": null,
              "code": "cy.get(\"input[type='search']\").type(\"testing\").wait(1000);\ncy.xpath(\"(//a[@class='btn btn-primary btn-icon'])[1]\").click();\ncy.xpath(\"//input[@id='name']\").clear().type(\"testing2\");\ncy.get(\"#select2-parent_id-container\").click();\ncy.get(\"input[role='searchbox']\").clear().type(\"Cadar\").wait(500).type(\"{enter}\");\ncy.get(\"#select2-status-container\").click();\ncy.get(\"input[role='searchbox']\").type(\"Active\").click();\ncy.xpath(\"//button[normalize-space()='Ubah']\").click();\ncy.get(\"input[type='search']\").clear().type(\"testing2\").wait(500);\ncy.get(\".swal2-popup\").should(\"be.visible\").and(\"contain\", \"Berhasil\");\ncy.get(\"#table-category_wrapper\").should(\"contain\", \"testing2\").should(\"contain\", \"Cadar\");",
              "err": {},
              "uuid": "111309e8-56bc-474f-b12d-400116a4a67f",
              "parentUUID": "f52dd26e-d8f2-428c-abf2-046969c32851",
              "isHook": false,
              "skipped": false
            },
            {
              "title": "Hapus kategori tidak digunakan",
              "fullTitle": "Admin Category Hapus kategori tidak digunakan",
              "timedOut": null,
              "duration": 4995,
              "state": "passed",
              "speed": "fast",
              "pass": true,
              "fail": false,
              "pending": false,
              "context": null,
              "code": "cy.get(\"input[type='search']\").clear().type(\"testing2\").wait(1000);\ncy.xpath(\"(//i[@class='mdi mdi-delete'])[1]\").click();\ncy.xpath(\"//button[normalize-space()='Iya, hapus itu!']\").click().wait(100);\n//cy.xpath(\"//button[normalize-space()='Kembali']\").click()\ncy.get(\".swal2-popup\").should(\"be.visible\").and(\"contain\", \"Berhasil\");",
              "err": {},
              "uuid": "7b315180-36e1-4cfc-9730-33bf2c6a81bf",
              "parentUUID": "f52dd26e-d8f2-428c-abf2-046969c32851",
              "isHook": false,
              "skipped": false
            },
            {
              "title": "Hapus kategori yang sedang digunakan",
              "fullTitle": "Admin Category Hapus kategori yang sedang digunakan",
              "timedOut": null,
              "duration": 9721,
              "state": "failed",
              "speed": null,
              "pass": false,
              "fail": true,
              "pending": false,
              "context": "{\n  \"title\": \"cypress-mochawesome-reporter-screenshots\",\n  \"value\": [\n    [\n      \"\\\\adminCategory.cy.js\\\\Admin Category -- Hapus kategori yang sedang digunakan (failed).png\"\n    ]\n  ]\n}",
              "code": "cy.get(\"input[type='search']\").clear().type(\"Hijab Instan\").wait(1000);\ncy.xpath(\"(//i[@class='mdi mdi-delete'])[1]\").click();\ncy.xpath(\"//button[normalize-space()='Iya, hapus itu!']\").click().wait(100);\n//cy.xpath(\"//button[normalize-space()='Kembali']\").click()\ncy.get(\".swal2-popup\").should(\"be.visible\").and(\"contain\", \"Gagal\");",
              "err": {
                "message": "AssertionError: Timed out retrying after 4000ms: Expected to find element: `.swal2-popup`, but never found it.",
                "estack": "AssertionError: Timed out retrying after 4000ms: Expected to find element: `.swal2-popup`, but never found it.\n    at Context.eval (webpack://cypress_wikanta/./cypress/e2e/adminCategory.cy.js:74:27)",
                "diff": null
              },
              "uuid": "bc82cbec-5e64-41b2-bcbf-6d5abe3a0fa0",
              "parentUUID": "f52dd26e-d8f2-428c-abf2-046969c32851",
              "isHook": false,
              "skipped": false
            }
          ],
          "suites": [],
          "passes": [
            "e321e80d-37ab-4d85-82c7-4fbc2e17cb18",
            "84b968b4-4acd-446b-835a-add79140875c",
            "111309e8-56bc-474f-b12d-400116a4a67f",
            "7b315180-36e1-4cfc-9730-33bf2c6a81bf"
          ],
          "failures": [
            "bc82cbec-5e64-41b2-bcbf-6d5abe3a0fa0"
          ],
          "pending": [],
          "skipped": [],
          "duration": 38878,
          "root": false,
          "rootEmpty": false,
          "_timeout": 2000
        }
      ],
      "passes": [],
      "failures": [],
      "pending": [],
      "skipped": [],
      "duration": 0,
      "root": true,
      "rootEmpty": true,
      "_timeout": 2000
    }
  ],
  "meta": {
    "mocha": {
      "version": "7.2.0"
    },
    "mochawesome": {
      "options": {
        "quiet": false,
        "reportFilename": "[status]-[name]-report",
        "saveHtml": false,
        "saveJson": true,
        "consoleReporter": "spec",
        "useInlineDiffs": false,
        "code": true
      },
      "version": "7.1.3"
    },
    "marge": {
      "options": {
        "charts": true,
        "reportPageTitle": "Cypress Inline Reporter",
        "reportFilename": "[status]-[name]-report",
        "embeddedScreenshots": true,
        "inlineAssets": true,
        "overwrite": false,
        "html": false,
        "json": true,
        "reportDir": "cypress\\reports\\html\\.jsons"
      },
      "version": "6.2.0"
    }
  }
}