{
  "stats": {
    "suites": 1,
    "tests": 11,
    "passes": 10,
    "pending": 0,
    "failures": 1,
    "start": "2025-06-29T23:30:49.652Z",
    "end": "2025-06-29T23:32:39.859Z",
    "duration": 110207,
    "testsRegistered": 11,
    "passPercent": 90.9090909090909,
    "pendingPercent": 0,
    "other": 0,
    "hasOther": false,
    "skipped": 0,
    "hasSkipped": false
  },
  "results": [
    {
      "uuid": "c936d396-34a3-42f6-92ec-671d2cfcda5f",
      "title": "",
      "fullFile": "cypress\\e2e\\userOrder.cy.js",
      "file": "cypress\\e2e\\userOrder.cy.js",
      "beforeHooks": [],
      "afterHooks": [],
      "tests": [],
      "suites": [
        {
          "uuid": "488bd174-cea4-4508-a198-0de3ea708099",
          "title": "User Order",
          "fullFile": "",
          "file": "",
          "beforeHooks": [],
          "afterHooks": [],
          "tests": [
            {
              "title": "Order tanpa produk",
              "fullTitle": "User Order Order tanpa produk",
              "timedOut": null,
              "duration": 6890,
              "state": "passed",
              "speed": "medium",
              "pass": true,
              "fail": false,
              "pending": false,
              "context": null,
              "code": "cy.xpath(\"(//div[@class='product-view'])[36]\").invoke('attr', 'style', 'display: none');\ncy.xpath(\"//a[normalize-space()='Contoh Product']\").first().click();\ncy.get(\"#add-to-cart\").click().wait(500);\ncy.get(\".swal2-popup\").should(\"be.visible\").and(\"contain\", \"Berhasil\");\ncy.get(\"a[href='https://wikanta.com/cart']\").click();\n//cy.xpath(\"//label[@for='cart_30']\").check()\ncy.xpath(\"//button[@id='processToCheckout']\").should(\"have.attr\", \"disabled\");\ncy.get(\".btn-delete\").click();\ncy.get(\".swal2-confirm\").click();\ncy.get(\".text-center.mt-5.mb-5\").should(\"contain\", \"Tidak ada data\");",
              "err": {},
              "uuid": "bbf8ccae-fc02-42c3-b59e-5e4d89028415",
              "parentUUID": "488bd174-cea4-4508-a198-0de3ea708099",
              "isHook": false,
              "skipped": false
            },
            {
              "title": "Order tanpa shipping method",
              "fullTitle": "User Order Order tanpa shipping method",
              "timedOut": null,
              "duration": 9796,
              "state": "passed",
              "speed": "medium",
              "pass": true,
              "fail": false,
              "pending": false,
              "context": null,
              "code": "cy.xpath(\"(//div[@class='product-view'])[36]\").invoke('attr', 'style', 'display: none');\ncy.xpath(\"//a[normalize-space()='Contoh Product']\").first().click();\ncy.get(\"#add-to-cart\").click().wait(500);\ncy.get(\".swal2-popup\").should(\"be.visible\").and(\"contain\", \"Berhasil\");\ncy.get(\"a[href='https://wikanta.com/cart']\").click();\ncy.get(\"input[type='checkbox']\").check();\n//cy.xpath(\"//label[@for='cart_30']\").check()\ncy.xpath(\"//button[@id='processToCheckout']\").click();\ncy.get(\"#processCheckout\").click();\ncy.get(\".swal2-popup\").should(\"be.visible\").and(\"contain\", \"Kesalahan\");\ncy.go(\"back\");\ncy.get(\".btn-delete\").click();\ncy.get(\".swal2-confirm\").click();\ncy.get(\".text-center.mt-5.mb-5\").should(\"contain\", \"Tidak ada data\");",
              "err": {},
              "uuid": "0333bd5a-ca10-4cfa-914e-98dfa728b859",
              "parentUUID": "488bd174-cea4-4508-a198-0de3ea708099",
              "isHook": false,
              "skipped": false
            },
            {
              "title": "Order tanpa shipping service",
              "fullTitle": "User Order Order tanpa shipping service",
              "timedOut": null,
              "duration": 8236,
              "state": "passed",
              "speed": "medium",
              "pass": true,
              "fail": false,
              "pending": false,
              "context": null,
              "code": "cy.xpath(\"(//div[@class='product-view'])[36]\").invoke('attr', 'style', 'display: none');\ncy.xpath(\"//a[normalize-space()='Contoh Product']\").first().click();\ncy.get(\"#add-to-cart\").click().wait(500);\ncy.get(\".swal2-popup\").should(\"be.visible\").and(\"contain\", \"Berhasil\");\ncy.get(\"a[href='https://wikanta.com/cart']\").click();\ncy.get(\"input[type='checkbox']\").check();\n//cy.xpath(\"//label[@for='cart_30']\").check()\ncy.xpath(\"//button[@id='processToCheckout']\").click();\ncy.get(\"#shipping_method_2\").check();\ncy.get(\"#processCheckout\").click();\ncy.get(\".swal2-popup\").should(\"be.visible\").and(\"contain\", \"Kesalahan\");\ncy.go(\"back\");\ncy.get(\".btn-delete\").click();\ncy.get(\".swal2-confirm\").click();\ncy.get(\".text-center.mt-5.mb-5\").should(\"contain\", \"Tidak ada data\");",
              "err": {},
              "uuid": "c2d4f596-09d3-4e39-ad36-edb91ae7a2af",
              "parentUUID": "488bd174-cea4-4508-a198-0de3ea708099",
              "isHook": false,
              "skipped": false
            },
            {
              "title": "Order tanpa payment method",
              "fullTitle": "User Order Order tanpa payment method",
              "timedOut": null,
              "duration": 8082,
              "state": "passed",
              "speed": "medium",
              "pass": true,
              "fail": false,
              "pending": false,
              "context": null,
              "code": "cy.xpath(\"(//div[@class='product-view'])[36]\").invoke('attr', 'style', 'display: none');\ncy.xpath(\"//a[normalize-space()='Contoh Product']\").first().click();\ncy.get(\"#add-to-cart\").click().wait(500);\ncy.get(\".swal2-popup\").should(\"be.visible\").and(\"contain\", \"Berhasil\");\ncy.get(\"a[href='https://wikanta.com/cart']\").click();\ncy.get(\"input[type='checkbox']\").check();\n//cy.xpath(\"//label[@for='cart_30']\").check()\ncy.xpath(\"//button[@id='processToCheckout']\").click();\ncy.get(\"#shipping_method_2\").check();\ncy.get(\"#shipping_service_1\").check();\ncy.get(\"#processCheckout\").click();\ncy.get(\".swal2-popup\").should(\"be.visible\").and(\"contain\", \"Kesalahan\");\ncy.go(\"back\");\ncy.get(\".btn-delete\").click();\ncy.get(\".swal2-confirm\").click();\ncy.get(\".text-center.mt-5.mb-5\").should(\"contain\", \"Tidak ada data\");",
              "err": {},
              "uuid": "ed0c1257-9534-499f-8b1e-12a013bbc7e2",
              "parentUUID": "488bd174-cea4-4508-a198-0de3ea708099",
              "isHook": false,
              "skipped": false
            },
            {
              "title": "Order tanpa isi form origin payment",
              "fullTitle": "User Order Order tanpa isi form origin payment",
              "timedOut": null,
              "duration": 9498,
              "state": "passed",
              "speed": "medium",
              "pass": true,
              "fail": false,
              "pending": false,
              "context": null,
              "code": "cy.xpath(\"(//div[@class='product-view'])[36]\").invoke('attr', 'style', 'display: none');\ncy.xpath(\"//a[normalize-space()='Contoh Product']\").first().click();\ncy.get(\"#add-to-cart\").click().wait(500);\ncy.get(\".swal2-popup\").should(\"be.visible\").and(\"contain\", \"Berhasil\");\ncy.get(\"a[href='https://wikanta.com/cart']\").click();\ncy.get(\"input[type='checkbox']\").check();\n//cy.xpath(\"//label[@for='cart_30']\").check()\ncy.xpath(\"//button[@id='processToCheckout']\").click();\ncy.get(\"#shipping_method_2\").check();\ncy.get(\"#shipping_service_1\").check();\ncy.get(\"#payment_method_2\").check();\ncy.get(\"#processCheckout\").click();\ncy.xpath(\"//a[normalize-space()='Konfirmasi Disini']\").click();\ncy.get(\"#orderPayment_origin_payment\").invoke(\"prop\", \"validationMessage\").should(\"contain\", \"Silahkan isi kolomnya\");",
              "err": {},
              "uuid": "f1974711-6ddb-48c2-80c6-be7c8e23db96",
              "parentUUID": "488bd174-cea4-4508-a198-0de3ea708099",
              "isHook": false,
              "skipped": false
            },
            {
              "title": "Order tanpa isi form origin payment name",
              "fullTitle": "User Order Order tanpa isi form origin payment name",
              "timedOut": null,
              "duration": 10402,
              "state": "passed",
              "speed": "slow",
              "pass": true,
              "fail": false,
              "pending": false,
              "context": null,
              "code": "cy.xpath(\"(//div[@class='product-view'])[36]\").invoke('attr', 'style', 'display: none');\ncy.xpath(\"//a[normalize-space()='Contoh Product']\").first().click();\ncy.get(\"#add-to-cart\").click().wait(500);\ncy.get(\".swal2-popup\").should(\"be.visible\").and(\"contain\", \"Berhasil\");\ncy.get(\"a[href='https://wikanta.com/cart']\").click();\ncy.get(\"input[type='checkbox']\").check();\n//cy.xpath(\"//label[@for='cart_30']\").check()\ncy.xpath(\"//button[@id='processToCheckout']\").click();\ncy.get(\"#shipping_method_2\").check();\ncy.get(\"#shipping_service_1\").check();\ncy.get(\"#payment_method_2\").check();\ncy.get(\"#processCheckout\").click();\ncy.xpath(\"//a[normalize-space()='Konfirmasi Disini']\").click();\ncy.get(\"#orderPayment_origin_payment\").type(\"BCA\");\ncy.get(\"#orderPayment_origin_payment_name\").invoke(\"prop\", \"validationMessage\").should(\"contain\", \"Silahkan isi kolomnya\");",
              "err": {},
              "uuid": "93c954f7-08be-4d52-bf39-1ae1f4ddde73",
              "parentUUID": "488bd174-cea4-4508-a198-0de3ea708099",
              "isHook": false,
              "skipped": false
            },
            {
              "title": "Order tanpa isi form origin payment number",
              "fullTitle": "User Order Order tanpa isi form origin payment number",
              "timedOut": null,
              "duration": 9643,
              "state": "passed",
              "speed": "medium",
              "pass": true,
              "fail": false,
              "pending": false,
              "context": null,
              "code": "cy.xpath(\"(//div[@class='product-view'])[36]\").invoke('attr', 'style', 'display: none');\ncy.xpath(\"//a[normalize-space()='Contoh Product']\").first().click();\ncy.get(\"#add-to-cart\").click().wait(500);\ncy.get(\".swal2-popup\").should(\"be.visible\").and(\"contain\", \"Berhasil\");\ncy.get(\"a[href='https://wikanta.com/cart']\").click();\ncy.get(\"input[type='checkbox']\").check();\n//cy.xpath(\"//label[@for='cart_30']\").check()\ncy.xpath(\"//button[@id='processToCheckout']\").click();\ncy.get(\"#shipping_method_2\").check();\ncy.get(\"#shipping_service_1\").check();\ncy.get(\"#payment_method_2\").check();\ncy.get(\"#processCheckout\").click();\ncy.xpath(\"//a[normalize-space()='Konfirmasi Disini']\").click();\ncy.get(\"#orderPayment_origin_payment\").type(\"BCA\");\ncy.get(\"#orderPayment_origin_payment_name\").type(\"Hema\");\ncy.get(\"#orderPayment_origin_payment_number\").invoke(\"prop\", \"validationMessage\").should(\"contain\", \"Silahkan isi kolomnya\");",
              "err": {},
              "uuid": "a85dca49-326c-4b51-b82f-4ad9136d3a03",
              "parentUUID": "488bd174-cea4-4508-a198-0de3ea708099",
              "isHook": false,
              "skipped": false
            },
            {
              "title": "Order tanpa isi form destination payment",
              "fullTitle": "User Order Order tanpa isi form destination payment",
              "timedOut": null,
              "duration": 8190,
              "state": "passed",
              "speed": "medium",
              "pass": true,
              "fail": false,
              "pending": false,
              "context": null,
              "code": "cy.xpath(\"(//div[@class='product-view'])[36]\").invoke('attr', 'style', 'display: none');\ncy.xpath(\"//a[normalize-space()='Contoh Product']\").first().click();\ncy.get(\"#add-to-cart\").click().wait(500);\ncy.get(\".swal2-popup\").should(\"be.visible\").and(\"contain\", \"Berhasil\");\ncy.get(\"a[href='https://wikanta.com/cart']\").click();\ncy.get(\"input[type='checkbox']\").check();\n//cy.xpath(\"//label[@for='cart_30']\").check()\ncy.xpath(\"//button[@id='processToCheckout']\").click();\ncy.get(\"#shipping_method_2\").check();\ncy.get(\"#shipping_service_1\").check();\ncy.get(\"#payment_method_2\").check();\ncy.get(\"#processCheckout\").click();\ncy.xpath(\"//a[normalize-space()='Konfirmasi Disini']\").click();\ncy.get(\"#orderPayment_origin_payment\").type(\"BCA\");\ncy.get(\"#orderPayment_origin_payment_name\").type(\"Hema\");\ncy.get(\"#orderPayment_origin_payment_number\").type(\"8080\");\ncy.get(\"#orderPayment_destination_payment\").invoke(\"prop\", \"validationMessage\").should(\"contain\", \"Silahkan isi kolomnya\");",
              "err": {},
              "uuid": "f5e17979-f696-4382-bcd8-4186dcaa5d20",
              "parentUUID": "488bd174-cea4-4508-a198-0de3ea708099",
              "isHook": false,
              "skipped": false
            },
            {
              "title": "Order tanpa isi form destination payment name",
              "fullTitle": "User Order Order tanpa isi form destination payment name",
              "timedOut": null,
              "duration": 8355,
              "state": "passed",
              "speed": "medium",
              "pass": true,
              "fail": false,
              "pending": false,
              "context": null,
              "code": "cy.xpath(\"(//div[@class='product-view'])[36]\").invoke('attr', 'style', 'display: none');\ncy.xpath(\"//a[normalize-space()='Contoh Product']\").first().click();\ncy.get(\"#add-to-cart\").click().wait(500);\ncy.get(\".swal2-popup\").should(\"be.visible\").and(\"contain\", \"Berhasil\");\ncy.get(\"a[href='https://wikanta.com/cart']\").click();\ncy.get(\"input[type='checkbox']\").check();\n//cy.xpath(\"//label[@for='cart_30']\").check()\ncy.xpath(\"//button[@id='processToCheckout']\").click();\ncy.get(\"#shipping_method_2\").check();\ncy.get(\"#shipping_service_1\").check();\ncy.get(\"#payment_method_2\").check();\ncy.get(\"#processCheckout\").click();\ncy.xpath(\"//a[normalize-space()='Konfirmasi Disini']\").click();\ncy.get(\"#orderPayment_origin_payment\").type(\"BCA\");\ncy.get(\"#orderPayment_origin_payment_name\").type(\"Hema\");\ncy.get(\"#orderPayment_origin_payment_number\").type(\"8080\");\ncy.get(\"#orderPayment_destination_payment\").type(\"BCA\");\ncy.get(\"#orderPayment_destination_payment_name\").invoke(\"prop\", \"validationMessage\").should(\"contain\", \"Silahkan isi kolomnya\");",
              "err": {},
              "uuid": "58e7942a-ce9a-4499-9ef1-1297c801ad49",
              "parentUUID": "488bd174-cea4-4508-a198-0de3ea708099",
              "isHook": false,
              "skipped": false
            },
            {
              "title": "Order tanpa isi form destination number",
              "fullTitle": "User Order Order tanpa isi form destination number",
              "timedOut": null,
              "duration": 8864,
              "state": "passed",
              "speed": "medium",
              "pass": true,
              "fail": false,
              "pending": false,
              "context": null,
              "code": "cy.xpath(\"(//div[@class='product-view'])[36]\").invoke('attr', 'style', 'display: none');\ncy.xpath(\"//a[normalize-space()='Contoh Product']\").first().click();\ncy.get(\"#add-to-cart\").click().wait(500);\ncy.get(\".swal2-popup\").should(\"be.visible\").and(\"contain\", \"Berhasil\");\ncy.get(\"a[href='https://wikanta.com/cart']\").click();\ncy.get(\"input[type='checkbox']\").check();\n//cy.xpath(\"//label[@for='cart_30']\").check()\ncy.xpath(\"//button[@id='processToCheckout']\").click();\ncy.get(\"#shipping_method_2\").check();\ncy.get(\"#shipping_service_1\").check();\ncy.get(\"#payment_method_2\").check();\ncy.get(\"#processCheckout\").click();\ncy.xpath(\"//a[normalize-space()='Konfirmasi Disini']\").click();\ncy.get(\"#orderPayment_origin_payment\").type(\"BCA\");\ncy.get(\"#orderPayment_origin_payment_name\").type(\"Hema\");\ncy.get(\"#orderPayment_origin_payment_number\").type(\"8080\");\ncy.get(\"#orderPayment_destination_payment\").type(\"BCA\");\ncy.get(\"#orderPayment_destination_payment_name\").type(\"test\");\ncy.get(\"#orderPayment_destination_payment_number\").invoke(\"prop\", \"validationMessage\").should(\"contain\", \"Silahkan isi kolomnya\");",
              "err": {},
              "uuid": "2acf8dff-5850-4ea2-9519-128cdbe74b18",
              "parentUUID": "488bd174-cea4-4508-a198-0de3ea708099",
              "isHook": false,
              "skipped": false
            },
            {
              "title": "Checkout berhasil",
              "fullTitle": "User Order Checkout berhasil",
              "timedOut": null,
              "duration": 20822,
              "state": "failed",
              "speed": null,
              "pass": false,
              "fail": true,
              "pending": false,
              "context": "{\n  \"title\": \"cypress-mochawesome-reporter-screenshots\",\n  \"value\": [\n    [\n      \"\\\\userOrder.cy.js\\\\User Order -- Checkout berhasil (failed).png\"\n    ]\n  ]\n}",
              "code": "cy.xpath(\"(//div[@class='product-view'])[36]\").invoke('attr', 'style', 'display: none');\ncy.xpath(\"//a[normalize-space()='Contoh Product']\").first().click();\ncy.get(\"#add-to-cart\").click().wait(500);\ncy.get(\".swal2-popup\").should(\"be.visible\").and(\"contain\", \"Berhasil\");\ncy.get(\"a[href='https://wikanta.com/cart']\").click();\ncy.get(\"input[type='checkbox']\").check();\n//cy.xpath(\"//label[@for='cart_30']\").check()\ncy.xpath(\"//button[@id='processToCheckout']\").click();\ncy.get(\"#shipping_method_2\").check();\ncy.get(\"#shipping_service_1\").check();\ncy.get(\"#payment_method_2\").check();\ncy.get(\"#processCheckout\").click();\ncy.xpath(\"//a[normalize-space()='Konfirmasi Disini']\").click();\ncy.get(\"#orderPayment_origin_payment\").type(\"BCA\");\ncy.get(\"#orderPayment_origin_payment_name\").type(\"Hema\");\ncy.get(\"#orderPayment_origin_payment_number\").type(\"8080\");\ncy.get(\"#orderPayment_destination_payment\").type(\"BCA\");\ncy.get(\"#orderPayment_destination_payment_name\").type(\"test\");\ncy.get(\"#orderPayment_destination_payment_number\").type(\"5050\");\ncy.get(\"input[name='orderPayment[transaction_date]']\").type(\"2025-06-24T08:30\");\ncy.xpath(\"(//input[@name='image[]'])[1]\").attachFile(\"test.png\");\ncy.xpath(\"//button[normalize-space()='Konfirmasi']\").click();\n//cy.xpath(\"//button[normalize-space()='Atur Kembali']\").click()\ncy.get('.page-content').should(\"contain\", \"INV/2025/06/24\");",
              "err": {
                "message": "AssertionError: Timed out retrying after 4000ms: expected '<div.page-content>' to contain 'INV/2025/06/24'",
                "estack": "AssertionError: Timed out retrying after 4000ms: expected '<div.page-content>' to contain 'INV/2025/06/24'\n    at Context.eval (webpack://cypress_wikanta/./cypress/e2e/userOrder.cy.js:290:28)",
                "diff": null
              },
              "uuid": "faeb0f50-c842-45b1-8e9a-bb6d28ef3ea9",
              "parentUUID": "488bd174-cea4-4508-a198-0de3ea708099",
              "isHook": false,
              "skipped": false
            }
          ],
          "suites": [],
          "passes": [
            "bbf8ccae-fc02-42c3-b59e-5e4d89028415",
            "0333bd5a-ca10-4cfa-914e-98dfa728b859",
            "c2d4f596-09d3-4e39-ad36-edb91ae7a2af",
            "ed0c1257-9534-499f-8b1e-12a013bbc7e2",
            "f1974711-6ddb-48c2-80c6-be7c8e23db96",
            "93c954f7-08be-4d52-bf39-1ae1f4ddde73",
            "a85dca49-326c-4b51-b82f-4ad9136d3a03",
            "f5e17979-f696-4382-bcd8-4186dcaa5d20",
            "58e7942a-ce9a-4499-9ef1-1297c801ad49",
            "2acf8dff-5850-4ea2-9519-128cdbe74b18"
          ],
          "failures": [
            "faeb0f50-c842-45b1-8e9a-bb6d28ef3ea9"
          ],
          "pending": [],
          "skipped": [],
          "duration": 108778,
          "root": false,
          "rootEmpty": false,
          "_timeout": 2000
        }
      ],
      "passes": [],
      "failures": [],
      "pending": [],
      "skipped": [],
      "duration": 0,
      "root": true,
      "rootEmpty": true,
      "_timeout": 2000
    }
  ],
  "meta": {
    "mocha": {
      "version": "7.2.0"
    },
    "mochawesome": {
      "options": {
        "quiet": false,
        "reportFilename": "[status]-[name]-report",
        "saveHtml": false,
        "saveJson": true,
        "consoleReporter": "spec",
        "useInlineDiffs": false,
        "code": true
      },
      "version": "7.1.3"
    },
    "marge": {
      "options": {
        "charts": true,
        "reportPageTitle": "Cypress Inline Reporter",
        "reportFilename": "[status]-[name]-report",
        "embeddedScreenshots": true,
        "inlineAssets": true,
        "overwrite": false,
        "html": false,
        "json": true,
        "reportDir": "cypress\\reports\\html\\.jsons"
      },
      "version": "6.2.0"
    }
  }
}