{
  "stats": {
    "suites": 1,
    "tests": 11,
    "passes": 10,
    "pending": 0,
    "failures": 1,
    "start": "2025-07-03T23:20:43.325Z",
    "end": "2025-07-03T23:22:15.103Z",
    "duration": 91778,
    "testsRegistered": 11,
    "passPercent": 90.9090909090909,
    "pendingPercent": 0,
    "other": 0,
    "hasOther": false,
    "skipped": 0,
    "hasSkipped": false
  },
  "results": [
    {
      "uuid": "7c80b6e5-38cf-4766-855e-f727cfe60deb",
      "title": "",
      "fullFile": "cypress\\e2e\\userOrder.cy.js",
      "file": "cypress\\e2e\\userOrder.cy.js",
      "beforeHooks": [],
      "afterHooks": [],
      "tests": [],
      "suites": [
        {
          "uuid": "9bb010fb-cdb3-4208-ad77-f6e94dc314d4",
          "title": "User Order",
          "fullFile": "",
          "file": "",
          "beforeHooks": [],
          "afterHooks": [],
          "tests": [
            {
              "title": "Order tanpa produk",
              "fullTitle": "User Order Order tanpa produk",
              "timedOut": null,
              "duration": 5924,
              "state": "passed",
              "speed": "medium",
              "pass": true,
              "fail": false,
              "pending": false,
              "context": null,
              "code": "cy.xpath(\"(//div[@class='product-view'])[36]\").invoke('attr', 'style', 'display: none');\ncy.xpath(\"//a[normalize-space()='Contoh Product']\").first().click();\ncy.get(\"#add-to-cart\").click().wait(500);\ncy.get(\".swal2-popup\").should(\"be.visible\").and(\"contain\", \"Berhasil\");\ncy.get(\"a[href='https://wikanta.com/cart']\").click();\n//cy.xpath(\"//label[@for='cart_30']\").check()\ncy.xpath(\"//button[@id='processToCheckout']\").should(\"have.attr\", \"disabled\");\ncy.get(\".btn-delete\").click();\ncy.get(\".swal2-confirm\").click();\ncy.get(\".text-center.mt-5.mb-5\").should(\"contain\", \"Tidak ada data\");",
              "err": {},
              "uuid": "6c4dd66f-80eb-464a-b8b1-e510f77c2b24",
              "parentUUID": "9bb010fb-cdb3-4208-ad77-f6e94dc314d4",
              "isHook": false,
              "skipped": false
            },
            {
              "title": "Order tanpa shipping method",
              "fullTitle": "User Order Order tanpa shipping method",
              "timedOut": null,
              "duration": 7046,
              "state": "passed",
              "speed": "medium",
              "pass": true,
              "fail": false,
              "pending": false,
              "context": null,
              "code": "cy.xpath(\"(//div[@class='product-view'])[36]\").invoke('attr', 'style', 'display: none');\ncy.xpath(\"//a[normalize-space()='Contoh Product']\").first().click();\ncy.get(\"#add-to-cart\").click().wait(500);\ncy.get(\".swal2-popup\").should(\"be.visible\").and(\"contain\", \"Berhasil\");\ncy.get(\"a[href='https://wikanta.com/cart']\").click();\ncy.get(\"input[type='checkbox']\").check();\n//cy.xpath(\"//label[@for='cart_30']\").check()\ncy.xpath(\"//button[@id='processToCheckout']\").click();\ncy.get(\"#processCheckout\").click();\ncy.get(\".swal2-popup\").should(\"be.visible\").and(\"contain\", \"Kesalahan\");\ncy.go(\"back\");\ncy.get(\".btn-delete\").click();\ncy.get(\".swal2-confirm\").click();\ncy.get(\".text-center.mt-5.mb-5\").should(\"contain\", \"Tidak ada data\");",
              "err": {},
              "uuid": "e855530f-da14-418b-ba5b-1f5d195c7ecf",
              "parentUUID": "9bb010fb-cdb3-4208-ad77-f6e94dc314d4",
              "isHook": false,
              "skipped": false
            },
            {
              "title": "Order tanpa shipping service",
              "fullTitle": "User Order Order tanpa shipping service",
              "timedOut": null,
              "duration": 6592,
              "state": "passed",
              "speed": "medium",
              "pass": true,
              "fail": false,
              "pending": false,
              "context": null,
              "code": "cy.xpath(\"(//div[@class='product-view'])[36]\").invoke('attr', 'style', 'display: none');\ncy.xpath(\"//a[normalize-space()='Contoh Product']\").first().click();\ncy.get(\"#add-to-cart\").click().wait(500);\ncy.get(\".swal2-popup\").should(\"be.visible\").and(\"contain\", \"Berhasil\");\ncy.get(\"a[href='https://wikanta.com/cart']\").click();\ncy.get(\"input[type='checkbox']\").check();\n//cy.xpath(\"//label[@for='cart_30']\").check()\ncy.xpath(\"//button[@id='processToCheckout']\").click();\ncy.get(\"#shipping_method_2\").check();\ncy.get(\"#processCheckout\").click();\ncy.get(\".swal2-popup\").should(\"be.visible\").and(\"contain\", \"Kesalahan\");\ncy.go(\"back\");\ncy.get(\".btn-delete\").click();\ncy.get(\".swal2-confirm\").click();\ncy.get(\".text-center.mt-5.mb-5\").should(\"contain\", \"Tidak ada data\");",
              "err": {},
              "uuid": "2ff27c70-44c1-4a04-8ed0-aa4288d5219a",
              "parentUUID": "9bb010fb-cdb3-4208-ad77-f6e94dc314d4",
              "isHook": false,
              "skipped": false
            },
            {
              "title": "Order tanpa payment method",
              "fullTitle": "User Order Order tanpa payment method",
              "timedOut": null,
              "duration": 8376,
              "state": "passed",
              "speed": "medium",
              "pass": true,
              "fail": false,
              "pending": false,
              "context": null,
              "code": "cy.xpath(\"(//div[@class='product-view'])[36]\").invoke('attr', 'style', 'display: none');\ncy.xpath(\"//a[normalize-space()='Contoh Product']\").first().click();\ncy.get(\"#add-to-cart\").click().wait(500);\ncy.get(\".swal2-popup\").should(\"be.visible\").and(\"contain\", \"Berhasil\");\ncy.get(\"a[href='https://wikanta.com/cart']\").click();\ncy.get(\"input[type='checkbox']\").check();\n//cy.xpath(\"//label[@for='cart_30']\").check()\ncy.xpath(\"//button[@id='processToCheckout']\").click();\ncy.get(\"#shipping_method_2\").check();\ncy.get(\"#shipping_service_1\").check();\ncy.get(\"#processCheckout\").click();\ncy.get(\".swal2-popup\").should(\"be.visible\").and(\"contain\", \"Kesalahan\");\ncy.go(\"back\");\ncy.get(\".btn-delete\").click();\ncy.get(\".swal2-confirm\").click();\ncy.get(\".text-center.mt-5.mb-5\").should(\"contain\", \"Tidak ada data\");",
              "err": {},
              "uuid": "5b6edb68-70f0-43f6-9f24-ea0c678d071c",
              "parentUUID": "9bb010fb-cdb3-4208-ad77-f6e94dc314d4",
              "isHook": false,
              "skipped": false
            },
            {
              "title": "Order tanpa isi form origin payment",
              "fullTitle": "User Order Order tanpa isi form origin payment",
              "timedOut": null,
              "duration": 7674,
              "state": "passed",
              "speed": "medium",
              "pass": true,
              "fail": false,
              "pending": false,
              "context": null,
              "code": "cy.xpath(\"(//div[@class='product-view'])[36]\").invoke('attr', 'style', 'display: none');\ncy.xpath(\"//a[normalize-space()='Contoh Product']\").first().click();\ncy.get(\"#add-to-cart\").click().wait(500);\ncy.get(\".swal2-popup\").should(\"be.visible\").and(\"contain\", \"Berhasil\");\ncy.get(\"a[href='https://wikanta.com/cart']\").click();\ncy.get(\"input[type='checkbox']\").check();\n//cy.xpath(\"//label[@for='cart_30']\").check()\ncy.xpath(\"//button[@id='processToCheckout']\").click();\ncy.get(\"#shipping_method_2\").check();\ncy.get(\"#shipping_service_1\").check();\ncy.get(\"#payment_method_2\").check();\ncy.get(\"#processCheckout\").click();\ncy.xpath(\"//a[normalize-space()='Konfirmasi Disini']\").click();\ncy.get(\"#orderPayment_origin_payment\").invoke(\"prop\", \"validationMessage\").should(\"contain\", \"Silahkan isi kolomnya\");",
              "err": {},
              "uuid": "51ca21e1-2996-4fed-b3d2-079c75673a7a",
              "parentUUID": "9bb010fb-cdb3-4208-ad77-f6e94dc314d4",
              "isHook": false,
              "skipped": false
            },
            {
              "title": "Order tanpa isi form origin payment name",
              "fullTitle": "User Order Order tanpa isi form origin payment name",
              "timedOut": null,
              "duration": 9472,
              "state": "passed",
              "speed": "medium",
              "pass": true,
              "fail": false,
              "pending": false,
              "context": null,
              "code": "cy.xpath(\"(//div[@class='product-view'])[36]\").invoke('attr', 'style', 'display: none');\ncy.xpath(\"//a[normalize-space()='Contoh Product']\").first().click();\ncy.get(\"#add-to-cart\").click().wait(500);\ncy.get(\".swal2-popup\").should(\"be.visible\").and(\"contain\", \"Berhasil\");\ncy.get(\"a[href='https://wikanta.com/cart']\").click();\ncy.get(\"input[type='checkbox']\").check();\n//cy.xpath(\"//label[@for='cart_30']\").check()\ncy.xpath(\"//button[@id='processToCheckout']\").click();\ncy.get(\"#shipping_method_2\").check();\ncy.get(\"#shipping_service_1\").check();\ncy.get(\"#payment_method_2\").check();\ncy.get(\"#processCheckout\").click();\ncy.xpath(\"//a[normalize-space()='Konfirmasi Disini']\").click();\ncy.get(\"#orderPayment_origin_payment\").type(\"BCA\");\ncy.get(\"#orderPayment_origin_payment_name\").invoke(\"prop\", \"validationMessage\").should(\"contain\", \"Silahkan isi kolomnya\");",
              "err": {},
              "uuid": "58847b49-6e18-4226-923f-5506d677dccc",
              "parentUUID": "9bb010fb-cdb3-4208-ad77-f6e94dc314d4",
              "isHook": false,
              "skipped": false
            },
            {
              "title": "Order tanpa isi form origin payment number",
              "fullTitle": "User Order Order tanpa isi form origin payment number",
              "timedOut": null,
              "duration": 7626,
              "state": "passed",
              "speed": "medium",
              "pass": true,
              "fail": false,
              "pending": false,
              "context": null,
              "code": "cy.xpath(\"(//div[@class='product-view'])[36]\").invoke('attr', 'style', 'display: none');\ncy.xpath(\"//a[normalize-space()='Contoh Product']\").first().click();\ncy.get(\"#add-to-cart\").click().wait(500);\ncy.get(\".swal2-popup\").should(\"be.visible\").and(\"contain\", \"Berhasil\");\ncy.get(\"a[href='https://wikanta.com/cart']\").click();\ncy.get(\"input[type='checkbox']\").check();\n//cy.xpath(\"//label[@for='cart_30']\").check()\ncy.xpath(\"//button[@id='processToCheckout']\").click();\ncy.get(\"#shipping_method_2\").check();\ncy.get(\"#shipping_service_1\").check();\ncy.get(\"#payment_method_2\").check();\ncy.get(\"#processCheckout\").click();\ncy.xpath(\"//a[normalize-space()='Konfirmasi Disini']\").click();\ncy.get(\"#orderPayment_origin_payment\").type(\"BCA\");\ncy.get(\"#orderPayment_origin_payment_name\").type(\"Hema\");\ncy.get(\"#orderPayment_origin_payment_number\").invoke(\"prop\", \"validationMessage\").should(\"contain\", \"Silahkan isi kolomnya\");",
              "err": {},
              "uuid": "44ffb580-d3fb-4136-bd54-72d4d2c15f8d",
              "parentUUID": "9bb010fb-cdb3-4208-ad77-f6e94dc314d4",
              "isHook": false,
              "skipped": false
            },
            {
              "title": "Order tanpa isi form destination payment",
              "fullTitle": "User Order Order tanpa isi form destination payment",
              "timedOut": null,
              "duration": 6966,
              "state": "passed",
              "speed": "medium",
              "pass": true,
              "fail": false,
              "pending": false,
              "context": null,
              "code": "cy.xpath(\"(//div[@class='product-view'])[36]\").invoke('attr', 'style', 'display: none');\ncy.xpath(\"//a[normalize-space()='Contoh Product']\").first().click();\ncy.get(\"#add-to-cart\").click().wait(500);\ncy.get(\".swal2-popup\").should(\"be.visible\").and(\"contain\", \"Berhasil\");\ncy.get(\"a[href='https://wikanta.com/cart']\").click();\ncy.get(\"input[type='checkbox']\").check();\n//cy.xpath(\"//label[@for='cart_30']\").check()\ncy.xpath(\"//button[@id='processToCheckout']\").click();\ncy.get(\"#shipping_method_2\").check();\ncy.get(\"#shipping_service_1\").check();\ncy.get(\"#payment_method_2\").check();\ncy.get(\"#processCheckout\").click();\ncy.xpath(\"//a[normalize-space()='Konfirmasi Disini']\").click();\ncy.get(\"#orderPayment_origin_payment\").type(\"BCA\");\ncy.get(\"#orderPayment_origin_payment_name\").type(\"Hema\");\ncy.get(\"#orderPayment_origin_payment_number\").type(\"8080\");\ncy.get(\"#orderPayment_destination_payment\").invoke(\"prop\", \"validationMessage\").should(\"contain\", \"Silahkan isi kolomnya\");",
              "err": {},
              "uuid": "71745986-8d32-4c0b-b0a6-297a33727382",
              "parentUUID": "9bb010fb-cdb3-4208-ad77-f6e94dc314d4",
              "isHook": false,
              "skipped": false
            },
            {
              "title": "Order tanpa isi form destination payment name",
              "fullTitle": "User Order Order tanpa isi form destination payment name",
              "timedOut": null,
              "duration": 7660,
              "state": "passed",
              "speed": "medium",
              "pass": true,
              "fail": false,
              "pending": false,
              "context": null,
              "code": "cy.xpath(\"(//div[@class='product-view'])[36]\").invoke('attr', 'style', 'display: none');\ncy.xpath(\"//a[normalize-space()='Contoh Product']\").first().click();\ncy.get(\"#add-to-cart\").click().wait(500);\ncy.get(\".swal2-popup\").should(\"be.visible\").and(\"contain\", \"Berhasil\");\ncy.get(\"a[href='https://wikanta.com/cart']\").click();\ncy.get(\"input[type='checkbox']\").check();\n//cy.xpath(\"//label[@for='cart_30']\").check()\ncy.xpath(\"//button[@id='processToCheckout']\").click();\ncy.get(\"#shipping_method_2\").check();\ncy.get(\"#shipping_service_1\").check();\ncy.get(\"#payment_method_2\").check();\ncy.get(\"#processCheckout\").click();\ncy.xpath(\"//a[normalize-space()='Konfirmasi Disini']\").click();\ncy.get(\"#orderPayment_origin_payment\").type(\"BCA\");\ncy.get(\"#orderPayment_origin_payment_name\").type(\"Hema\");\ncy.get(\"#orderPayment_origin_payment_number\").type(\"8080\");\ncy.get(\"#orderPayment_destination_payment\").type(\"BCA\");\ncy.get(\"#orderPayment_destination_payment_name\").invoke(\"prop\", \"validationMessage\").should(\"contain\", \"Silahkan isi kolomnya\");",
              "err": {},
              "uuid": "bdfc42eb-5e0f-42e1-899c-93f11be7089a",
              "parentUUID": "9bb010fb-cdb3-4208-ad77-f6e94dc314d4",
              "isHook": false,
              "skipped": false
            },
            {
              "title": "Order tanpa isi form destination number",
              "fullTitle": "User Order Order tanpa isi form destination number",
              "timedOut": null,
              "duration": 7897,
              "state": "passed",
              "speed": "medium",
              "pass": true,
              "fail": false,
              "pending": false,
              "context": null,
              "code": "cy.xpath(\"(//div[@class='product-view'])[36]\").invoke('attr', 'style', 'display: none');\ncy.xpath(\"//a[normalize-space()='Contoh Product']\").first().click();\ncy.get(\"#add-to-cart\").click().wait(500);\ncy.get(\".swal2-popup\").should(\"be.visible\").and(\"contain\", \"Berhasil\");\ncy.get(\"a[href='https://wikanta.com/cart']\").click();\ncy.get(\"input[type='checkbox']\").check();\n//cy.xpath(\"//label[@for='cart_30']\").check()\ncy.xpath(\"//button[@id='processToCheckout']\").click();\ncy.get(\"#shipping_method_2\").check();\ncy.get(\"#shipping_service_1\").check();\ncy.get(\"#payment_method_2\").check();\ncy.get(\"#processCheckout\").click();\ncy.xpath(\"//a[normalize-space()='Konfirmasi Disini']\").click();\ncy.get(\"#orderPayment_origin_payment\").type(\"BCA\");\ncy.get(\"#orderPayment_origin_payment_name\").type(\"Hema\");\ncy.get(\"#orderPayment_origin_payment_number\").type(\"8080\");\ncy.get(\"#orderPayment_destination_payment\").type(\"BCA\");\ncy.get(\"#orderPayment_destination_payment_name\").type(\"test\");\ncy.get(\"#orderPayment_destination_payment_number\").invoke(\"prop\", \"validationMessage\").should(\"contain\", \"Silahkan isi kolomnya\");",
              "err": {},
              "uuid": "46e5a09b-98c1-4bb4-8cac-697224264144",
              "parentUUID": "9bb010fb-cdb3-4208-ad77-f6e94dc314d4",
              "isHook": false,
              "skipped": false
            },
            {
              "title": "Checkout berhasil",
              "fullTitle": "User Order Checkout berhasil",
              "timedOut": null,
              "duration": 15944,
              "state": "failed",
              "speed": null,
              "pass": false,
              "fail": true,
              "pending": false,
              "context": "{\n  \"title\": \"cypress-mochawesome-reporter-screenshots\",\n  \"value\": [\n    [\n      \"\\\\userOrder.cy.js\\\\User Order -- Checkout berhasil (failed).png\"\n    ]\n  ]\n}",
              "code": "cy.xpath(\"(//div[@class='product-view'])[36]\").invoke('attr', 'style', 'display: none');\ncy.xpath(\"//a[normalize-space()='Contoh Product']\").first().click();\ncy.get(\"#add-to-cart\").click().wait(500);\ncy.get(\".swal2-popup\").should(\"be.visible\").and(\"contain\", \"Berhasil\");\ncy.get(\"a[href='https://wikanta.com/cart']\").click();\ncy.get(\"input[type='checkbox']\").check();\n//cy.xpath(\"//label[@for='cart_30']\").check()\ncy.xpath(\"//button[@id='processToCheckout']\").click();\ncy.get(\"#shipping_method_2\").check();\ncy.get(\"#shipping_service_1\").check();\ncy.get(\"#payment_method_2\").check();\ncy.get(\"#processCheckout\").click();\ncy.xpath(\"//a[normalize-space()='Konfirmasi Disini']\").click();\ncy.get(\"#orderPayment_origin_payment\").type(\"BCA\");\ncy.get(\"#orderPayment_origin_payment_name\").type(\"Hema\");\ncy.get(\"#orderPayment_origin_payment_number\").type(\"8080\");\ncy.get(\"#orderPayment_destination_payment\").type(\"BCA\");\ncy.get(\"#orderPayment_destination_payment_name\").type(\"test\");\ncy.get(\"#orderPayment_destination_payment_number\").type(\"5050\");\ncy.get(\"input[name='orderPayment[transaction_date]']\").type(\"2025-06-24T08:30\");\ncy.xpath(\"(//input[@name='image[]'])[1]\").attachFile(\"test.png\");\ncy.xpath(\"//button[normalize-space()='Konfirmasi']\").click();\n//cy.xpath(\"//button[normalize-space()='Atur Kembali']\").click()\ncy.get('.page-content').should(\"contain\", \"INV/2025/07/3\");",
              "err": {
                "message": "AssertionError: Timed out retrying after 4000ms: expected '<div.page-content>' to contain 'INV/2025/07/3'",
                "estack": "AssertionError: Timed out retrying after 4000ms: expected '<div.page-content>' to contain 'INV/2025/07/3'\n    at Context.eval (webpack://cypress_wikanta/./cypress/e2e/userOrder.cy.js:290:28)",
                "diff": null
              },
              "uuid": "bc39da23-8870-4010-bdf3-47da55da794b",
              "parentUUID": "9bb010fb-cdb3-4208-ad77-f6e94dc314d4",
              "isHook": false,
              "skipped": false
            }
          ],
          "suites": [],
          "passes": [
            "6c4dd66f-80eb-464a-b8b1-e510f77c2b24",
            "e855530f-da14-418b-ba5b-1f5d195c7ecf",
            "2ff27c70-44c1-4a04-8ed0-aa4288d5219a",
            "5b6edb68-70f0-43f6-9f24-ea0c678d071c",
            "51ca21e1-2996-4fed-b3d2-079c75673a7a",
            "58847b49-6e18-4226-923f-5506d677dccc",
            "44ffb580-d3fb-4136-bd54-72d4d2c15f8d",
            "71745986-8d32-4c0b-b0a6-297a33727382",
            "bdfc42eb-5e0f-42e1-899c-93f11be7089a",
            "46e5a09b-98c1-4bb4-8cac-697224264144"
          ],
          "failures": [
            "bc39da23-8870-4010-bdf3-47da55da794b"
          ],
          "pending": [],
          "skipped": [],
          "duration": 91177,
          "root": false,
          "rootEmpty": false,
          "_timeout": 2000
        }
      ],
      "passes": [],
      "failures": [],
      "pending": [],
      "skipped": [],
      "duration": 0,
      "root": true,
      "rootEmpty": true,
      "_timeout": 2000
    }
  ],
  "meta": {
    "mocha": {
      "version": "7.2.0"
    },
    "mochawesome": {
      "options": {
        "quiet": false,
        "reportFilename": "[status]-[name]-report",
        "saveHtml": false,
        "saveJson": true,
        "consoleReporter": "spec",
        "useInlineDiffs": false,
        "code": true
      },
      "version": "7.1.3"
    },
    "marge": {
      "options": {
        "charts": true,
        "reportPageTitle": "Cypress Inline Reporter",
        "reportFilename": "[status]-[name]-report",
        "embeddedScreenshots": true,
        "inlineAssets": true,
        "overwrite": false,
        "html": false,
        "json": true,
        "reportDir": "cypress\\reports\\html\\.jsons"
      },
      "version": "6.2.0"
    }
  }
}