{
  "stats": {
    "suites": 1,
    "tests": 2,
    "passes": 2,
    "pending": 0,
    "failures": 0,
    "start": "2025-07-03T23:19:58.275Z",
    "end": "2025-07-03T23:20:08.517Z",
    "duration": 10242,
    "testsRegistered": 2,
    "passPercent": 100,
    "pendingPercent": 0,
    "other": 0,
    "hasOther": false,
    "skipped": 0,
    "hasSkipped": false
  },
  "results": [
    {
      "uuid": "06205c0e-7ae7-4763-9443-d7da1b0257a7",
      "title": "",
      "fullFile": "cypress\\e2e\\userKategori.cy.js",
      "file": "cypress\\e2e\\userKategori.cy.js",
      "beforeHooks": [],
      "afterHooks": [],
      "tests": [],
      "suites": [
        {
          "uuid": "7fbdfac2-9261-46e0-8b1d-8cb803f99be2",
          "title": "User Kategori",
          "fullFile": "",
          "file": "",
          "beforeHooks": [],
          "afterHooks": [],
          "tests": [
            {
              "title": "Check kategori berisi produk",
              "fullTitle": "User Kategori Check kategori berisi produk",
              "timedOut": null,
              "duration": 5856,
              "state": "passed",
              "speed": "medium",
              "pass": true,
              "fail": false,
              "pending": false,
              "context": null,
              "code": "cy.get(\".toggle-bar-wrapper\").scrollIntoView().trigger('mouseenter');\ncy.get(\":nth-child(3) > #dropdownCategory-1\").trigger(\"mouseenter\");\ncy.contains('a', 'Pashima').click();\ncy.get(\".product-info\").should(\"contain\", \"Pashmina\");",
              "err": {},
              "uuid": "a61428e7-9e57-414a-8d08-057eadb667f3",
              "parentUUID": "7fbdfac2-9261-46e0-8b1d-8cb803f99be2",
              "isHook": false,
              "skipped": false
            },
            {
              "title": "Check kategori tidak berisi produk",
              "fullTitle": "User Kategori Check kategori tidak berisi produk",
              "timedOut": null,
              "duration": 4235,
              "state": "passed",
              "speed": "fast",
              "pass": true,
              "fail": false,
              "pending": false,
              "context": null,
              "code": "cy.get(\".toggle-bar-wrapper\").scrollIntoView().trigger('mouseenter');\ncy.get(\":nth-child(5) > #dropdownCategory-1\").trigger(\"mouseenter\");\ncy.contains('a', 'Vest Muslim').click();\ncy.get(\":nth-child(2) > .text-center\").should(\"contain\", \"Tidak ada data yang cocok\");",
              "err": {},
              "uuid": "87aedaaa-1aef-4d37-9b0f-5b098752b74f",
              "parentUUID": "7fbdfac2-9261-46e0-8b1d-8cb803f99be2",
              "isHook": false,
              "skipped": false
            }
          ],
          "suites": [],
          "passes": [
            "a61428e7-9e57-414a-8d08-057eadb667f3",
            "87aedaaa-1aef-4d37-9b0f-5b098752b74f"
          ],
          "failures": [],
          "pending": [],
          "skipped": [],
          "duration": 10091,
          "root": false,
          "rootEmpty": false,
          "_timeout": 2000
        }
      ],
      "passes": [],
      "failures": [],
      "pending": [],
      "skipped": [],
      "duration": 0,
      "root": true,
      "rootEmpty": true,
      "_timeout": 2000
    }
  ],
  "meta": {
    "mocha": {
      "version": "7.2.0"
    },
    "mochawesome": {
      "options": {
        "quiet": false,
        "reportFilename": "[status]-[name]-report",
        "saveHtml": false,
        "saveJson": true,
        "consoleReporter": "spec",
        "useInlineDiffs": false,
        "code": true
      },
      "version": "7.1.3"
    },
    "marge": {
      "options": {
        "charts": true,
        "reportPageTitle": "Cypress Inline Reporter",
        "reportFilename": "[status]-[name]-report",
        "embeddedScreenshots": true,
        "inlineAssets": true,
        "overwrite": false,
        "html": false,
        "json": true,
        "reportDir": "cypress\\reports\\html\\.jsons"
      },
      "version": "6.2.0"
    }
  }
}