{
  "stats": {
    "suites": 1,
    "tests": 5,
    "passes": 5,
    "pending": 0,
    "failures": 0,
    "start": "2025-07-03T23:29:47.633Z",
    "end": "2025-07-03T23:30:04.740Z",
    "duration": 17107,
    "testsRegistered": 5,
    "passPercent": 100,
    "pendingPercent": 0,
    "other": 0,
    "hasOther": false,
    "skipped": 0,
    "hasSkipped": false
  },
  "results": [
    {
      "uuid": "b5c8a701-d522-4a58-937b-e0fa9e3c0245",
      "title": "",
      "fullFile": "cypress\\e2e\\userKeranjang.cy.js",
      "file": "cypress\\e2e\\userKeranjang.cy.js",
      "beforeHooks": [],
      "afterHooks": [],
      "tests": [],
      "suites": [
        {
          "uuid": "2dffe041-e1f4-48ed-be45-27376ef63149",
          "title": "User Keranjang",
          "fullFile": "",
          "file": "",
          "beforeHooks": [],
          "afterHooks": [],
          "tests": [
            {
              "title": "Check keranjang kosong",
              "fullTitle": "User Keranjang Check keranjang kosong",
              "timedOut": null,
              "duration": 3960,
              "state": "passed",
              "speed": "fast",
              "pass": true,
              "fail": false,
              "pending": false,
              "context": null,
              "code": "cy.get(\"a[href='https://wikanta.com/cart']\").click();\ncy.get(\".text-center.mt-5.mb-5\").should(\"contain\", \"Tidak ada data\");",
              "err": {},
              "uuid": "d68d7ad7-1c1f-4415-a38a-eb6407f4d495",
              "parentUUID": "2dffe041-e1f4-48ed-be45-27376ef63149",
              "isHook": false,
              "skipped": false
            },
            {
              "title": "Check masukkan produk stock 0",
              "fullTitle": "User Keranjang Check masukkan produk stock 0",
              "timedOut": null,
              "duration": 2866,
              "state": "passed",
              "speed": "fast",
              "pass": true,
              "fail": false,
              "pending": false,
              "context": null,
              "code": "cy.xpath(\"//a[normalize-space()='Kemeja Pria Polos Kerah']\").click();\ncy.get(\"#add-to-cart\").click().wait(500);\ncy.get(\".swal2-popup\").should(\"be.visible\").and(\"contain\", \"Stok produk ini adalah 0\");\ncy.get(\"#shop-now\").click();\ncy.get(\".swal2-popup\").should(\"be.visible\").and(\"contain\", \"Stok produk ini adalah 0\");",
              "err": {},
              "uuid": "f91f45d8-bae8-45c4-99dd-9b4c962ab9b8",
              "parentUUID": "2dffe041-e1f4-48ed-be45-27376ef63149",
              "isHook": false,
              "skipped": false
            },
            {
              "title": "Check masukkan produk stock 1",
              "fullTitle": "User Keranjang Check masukkan produk stock 1",
              "timedOut": null,
              "duration": 3463,
              "state": "passed",
              "speed": "fast",
              "pass": true,
              "fail": false,
              "pending": false,
              "context": null,
              "code": "cy.xpath(\"(//div[@class='product-view'])[36]\").invoke('attr', 'style', 'display: none');\ncy.xpath(\"//a[normalize-space()='Contoh Product']\").first().click();\ncy.get(\"#add-to-cart\").click().wait(500);\ncy.get(\".swal2-popup\").should(\"be.visible\").and(\"contain\", \"Berhasil\");",
              "err": {},
              "uuid": "0abd0b7b-33fd-4de2-ab76-19c8f3c392c6",
              "parentUUID": "2dffe041-e1f4-48ed-be45-27376ef63149",
              "isHook": false,
              "skipped": false
            },
            {
              "title": "Check increment produk dikeranjang",
              "fullTitle": "User Keranjang Check increment produk dikeranjang",
              "timedOut": null,
              "duration": 2512,
              "state": "passed",
              "speed": "fast",
              "pass": true,
              "fail": false,
              "pending": false,
              "context": null,
              "code": "cy.get(\"a[href='https://wikanta.com/cart']\").click();\ncy.get(\"  input[placeholder='Kuantitas']\").clear().type(\"10\").type(\"{enter}\");\ncy.get(\".cart-total.d-block.mb-2\").scrollIntoView().should(\"contain\", \"Rp 100.000\");",
              "err": {},
              "uuid": "1fc0727a-cdde-45f1-8604-5fb99c3114e6",
              "parentUUID": "2dffe041-e1f4-48ed-be45-27376ef63149",
              "isHook": false,
              "skipped": false
            },
            {
              "title": "Check hapus produk di keranjang",
              "fullTitle": "User Keranjang Check hapus produk di keranjang",
              "timedOut": null,
              "duration": 4064,
              "state": "passed",
              "speed": "fast",
              "pass": true,
              "fail": false,
              "pending": false,
              "context": null,
              "code": "cy.get(\"a[href='https://wikanta.com/cart']\").click();\ncy.get(\".btn-delete\").click();\ncy.get(\".swal2-confirm\").click();\ncy.get(\".text-center.mt-5.mb-5\").should(\"contain\", \"Tidak ada data\");",
              "err": {},
              "uuid": "f2337dca-2595-4861-844f-bb90acd7e082",
              "parentUUID": "2dffe041-e1f4-48ed-be45-27376ef63149",
              "isHook": false,
              "skipped": false
            }
          ],
          "suites": [],
          "passes": [
            "d68d7ad7-1c1f-4415-a38a-eb6407f4d495",
            "f91f45d8-bae8-45c4-99dd-9b4c962ab9b8",
            "0abd0b7b-33fd-4de2-ab76-19c8f3c392c6",
            "1fc0727a-cdde-45f1-8604-5fb99c3114e6",
            "f2337dca-2595-4861-844f-bb90acd7e082"
          ],
          "failures": [],
          "pending": [],
          "skipped": [],
          "duration": 16865,
          "root": false,
          "rootEmpty": false,
          "_timeout": 2000
        }
      ],
      "passes": [],
      "failures": [],
      "pending": [],
      "skipped": [],
      "duration": 0,
      "root": true,
      "rootEmpty": true,
      "_timeout": 2000
    }
  ],
  "meta": {
    "mocha": {
      "version": "7.2.0"
    },
    "mochawesome": {
      "options": {
        "quiet": false,
        "reportFilename": "[status]-[name]-report",
        "saveHtml": false,
        "saveJson": true,
        "consoleReporter": "spec",
        "useInlineDiffs": false,
        "code": true
      },
      "version": "7.1.3"
    },
    "marge": {
      "options": {
        "charts": true,
        "reportPageTitle": "Cypress Inline Reporter",
        "reportFilename": "[status]-[name]-report",
        "embeddedScreenshots": true,
        "inlineAssets": true,
        "overwrite": false,
        "html": false,
        "json": true,
        "reportDir": "cypress\\reports\\html\\.jsons"
      },
      "version": "6.2.0"
    }
  }
}