{
  "stats": {
    "suites": 1,
    "tests": 6,
    "passes": 6,
    "pending": 0,
    "failures": 0,
    "start": "2025-06-23T03:09:07.004Z",
    "end": "2025-06-23T03:09:20.017Z",
    "duration": 13013,
    "testsRegistered": 6,
    "passPercent": 100,
    "pendingPercent": 0,
    "other": 0,
    "hasOther": false,
    "skipped": 0,
    "hasSkipped": false
  },
  "results": [
    {
      "uuid": "f876d1b4-e72a-4d26-8325-ed914e3e8f2c",
      "title": "",
      "fullFile": "cypress\\e2e\\adminLogin_logout.cy.js",
      "file": "cypress\\e2e\\adminLogin_logout.cy.js",
      "beforeHooks": [],
      "afterHooks": [],
      "tests": [],
      "suites": [
        {
          "uuid": "152c461c-63aa-45b2-8565-b0697aeb4c5d",
          "title": "Admin Login & Logout",
          "fullFile": "",
          "file": "",
          "beforeHooks": [],
          "afterHooks": [],
          "tests": [
            {
              "title": "should login with valid credentials",
              "fullTitle": "Admin Login & Logout should login with valid credentials",
              "timedOut": null,
              "duration": 5000,
              "state": "passed",
              "speed": "fast",
              "pass": true,
              "fail": false,
              "pending": false,
              "context": null,
              "code": "cy.adminLogin(_admin.default.email, _admin.default.password);\ncy.title().should('include', 'Dashboard');",
              "err": {},
              "uuid": "2ad2b2df-9216-4a9c-b0b6-5d8ab173ce3a",
              "parentUUID": "152c461c-63aa-45b2-8565-b0697aeb4c5d",
              "isHook": false,
              "skipped": false
            },
            {
              "title": "should not login with invalid credentials",
              "fullTitle": "Admin Login & Logout should not login with invalid credentials",
              "timedOut": null,
              "duration": 1498,
              "state": "passed",
              "speed": "fast",
              "pass": true,
              "fail": false,
              "pending": false,
              "context": null,
              "code": "cy.adminLogin('admin@gmail.com', 'wrongpass');\ncy.get('span.invalid-feedback > strong').should('contain', 'Identitas tersebut tidak cocok dengan data kami.');",
              "err": {},
              "uuid": "824ef47b-42c9-4245-b25f-f89f100540fb",
              "parentUUID": "152c461c-63aa-45b2-8565-b0697aeb4c5d",
              "isHook": false,
              "skipped": false
            },
            {
              "title": "should show validation error if fields are empty",
              "fullTitle": "Admin Login & Logout should show validation error if fields are empty",
              "timedOut": null,
              "duration": 610,
              "state": "passed",
              "speed": "fast",
              "pass": true,
              "fail": false,
              "pending": false,
              "context": null,
              "code": "cy.adminLogin(' ', ' ');\ncy.get('input#email').invoke('prop', 'validationMessage').should('contain', 'Silahkan isi kolomnya');",
              "err": {},
              "uuid": "90af6c05-7677-47f5-b85c-c1c34c22dbe3",
              "parentUUID": "152c461c-63aa-45b2-8565-b0697aeb4c5d",
              "isHook": false,
              "skipped": false
            },
            {
              "title": "should show validation error if fields email not formated",
              "fullTitle": "Admin Login & Logout should show validation error if fields email not formated",
              "timedOut": null,
              "duration": 800,
              "state": "passed",
              "speed": "fast",
              "pass": true,
              "fail": false,
              "pending": false,
              "context": null,
              "code": "cy.adminLogin('admin', '123123');\ncy.get('input#email').invoke('prop', 'validationMessage').should('contain', \"Harap sertakan '@' di alamat email. \");",
              "err": {},
              "uuid": "bdb8f303-7635-4d71-a1d2-e37183421117",
              "parentUUID": "152c461c-63aa-45b2-8565-b0697aeb4c5d",
              "isHook": false,
              "skipped": false
            },
            {
              "title": "should logout properly",
              "fullTitle": "Admin Login & Logout should logout properly",
              "timedOut": null,
              "duration": 4322,
              "state": "passed",
              "speed": "fast",
              "pass": true,
              "fail": false,
              "pending": false,
              "context": null,
              "code": "cy.adminLogin(_admin.default.email, _admin.default.password);\ncy.adminLogout();\ncy.title().should('include', 'Beranda');",
              "err": {},
              "uuid": "cdd052a9-b1e6-4bea-9f76-23d264ab2929",
              "parentUUID": "152c461c-63aa-45b2-8565-b0697aeb4c5d",
              "isHook": false,
              "skipped": false
            },
            {
              "title": "should not access dashboard when logged out",
              "fullTitle": "Admin Login & Logout should not access dashboard when logged out",
              "timedOut": null,
              "duration": 532,
              "state": "passed",
              "speed": "fast",
              "pass": true,
              "fail": false,
              "pending": false,
              "context": null,
              "code": "cy.visit('/admin');\ncy.url().should('include', '/login/employer');",
              "err": {},
              "uuid": "14a68741-79d9-4c46-b82d-33149d8de18f",
              "parentUUID": "152c461c-63aa-45b2-8565-b0697aeb4c5d",
              "isHook": false,
              "skipped": false
            }
          ],
          "suites": [],
          "passes": [
            "2ad2b2df-9216-4a9c-b0b6-5d8ab173ce3a",
            "824ef47b-42c9-4245-b25f-f89f100540fb",
            "90af6c05-7677-47f5-b85c-c1c34c22dbe3",
            "bdb8f303-7635-4d71-a1d2-e37183421117",
            "cdd052a9-b1e6-4bea-9f76-23d264ab2929",
            "14a68741-79d9-4c46-b82d-33149d8de18f"
          ],
          "failures": [],
          "pending": [],
          "skipped": [],
          "duration": 12762,
          "root": false,
          "rootEmpty": false,
          "_timeout": 2000
        }
      ],
      "passes": [],
      "failures": [],
      "pending": [],
      "skipped": [],
      "duration": 0,
      "root": true,
      "rootEmpty": true,
      "_timeout": 2000
    }
  ],
  "meta": {
    "mocha": {
      "version": "7.2.0"
    },
    "mochawesome": {
      "options": {
        "quiet": false,
        "reportFilename": "[status]-[name]-report",
        "saveHtml": false,
        "saveJson": true,
        "consoleReporter": "spec",
        "useInlineDiffs": false,
        "code": true
      },
      "version": "7.1.3"
    },
    "marge": {
      "options": {
        "charts": true,
        "reportPageTitle": "Cypress Inline Reporter",
        "reportFilename": "[status]-[name]-report",
        "embeddedScreenshots": true,
        "inlineAssets": true,
        "overwrite": false,
        "html": false,
        "json": true,
        "reportDir": "cypress\\reports\\html\\.jsons"
      },
      "version": "6.2.0"
    }
  }
}