{
  "stats": {
    "suites": 1,
    "tests": 6,
    "passes": 6,
    "pending": 0,
    "failures": 0,
    "start": "2025-06-20T04:00:47.221Z",
    "end": "2025-06-20T04:01:01.917Z",
    "duration": 14696,
    "testsRegistered": 6,
    "passPercent": 100,
    "pendingPercent": 0,
    "other": 0,
    "hasOther": false,
    "skipped": 0,
    "hasSkipped": false
  },
  "results": [
    {
      "uuid": "aa73c469-8ed6-43bd-bd80-74016aa1ed47",
      "title": "",
      "fullFile": "cypress\\e2e\\adminLogin_logout.cy.js",
      "file": "cypress\\e2e\\adminLogin_logout.cy.js",
      "beforeHooks": [],
      "afterHooks": [],
      "tests": [],
      "suites": [
        {
          "uuid": "cd938d89-57b9-4998-9d42-d5b9993e9299",
          "title": "Admin Login & Logout",
          "fullFile": "",
          "file": "",
          "beforeHooks": [],
          "afterHooks": [],
          "tests": [
            {
              "title": "should login with valid credentials",
              "fullTitle": "Admin Login & Logout should login with valid credentials",
              "timedOut": null,
              "duration": 7190,
              "state": "passed",
              "speed": "medium",
              "pass": true,
              "fail": false,
              "pending": false,
              "context": null,
              "code": "cy.adminLogin(_admin.default.email, _admin.default.password);\ncy.title().should('include', 'Dashboard');",
              "err": {},
              "uuid": "33875291-6801-487e-89e0-73dd05f9bd0f",
              "parentUUID": "cd938d89-57b9-4998-9d42-d5b9993e9299",
              "isHook": false,
              "skipped": false
            },
            {
              "title": "should not login with invalid credentials",
              "fullTitle": "Admin Login & Logout should not login with invalid credentials",
              "timedOut": null,
              "duration": 1191,
              "state": "passed",
              "speed": "fast",
              "pass": true,
              "fail": false,
              "pending": false,
              "context": null,
              "code": "cy.adminLogin('admin@gmail.com', 'wrongpass');\ncy.get('span.invalid-feedback > strong').should('contain', 'Identitas tersebut tidak cocok dengan data kami.');",
              "err": {},
              "uuid": "e155486e-7ba0-4938-804c-c79d630565f3",
              "parentUUID": "cd938d89-57b9-4998-9d42-d5b9993e9299",
              "isHook": false,
              "skipped": false
            },
            {
              "title": "should show validation error if fields are empty",
              "fullTitle": "Admin Login & Logout should show validation error if fields are empty",
              "timedOut": null,
              "duration": 588,
              "state": "passed",
              "speed": "fast",
              "pass": true,
              "fail": false,
              "pending": false,
              "context": null,
              "code": "cy.adminLogin(' ', ' ');\ncy.get('input#email').invoke('prop', 'validationMessage').should('contain', 'Silahkan isi kolomnya');",
              "err": {},
              "uuid": "14844bfe-8688-4dc6-897f-c300e9cf2250",
              "parentUUID": "cd938d89-57b9-4998-9d42-d5b9993e9299",
              "isHook": false,
              "skipped": false
            },
            {
              "title": "should show validation error if fields email not formated",
              "fullTitle": "Admin Login & Logout should show validation error if fields email not formated",
              "timedOut": null,
              "duration": 726,
              "state": "passed",
              "speed": "fast",
              "pass": true,
              "fail": false,
              "pending": false,
              "context": null,
              "code": "cy.adminLogin('admin', '123123');\ncy.get('input#email').invoke('prop', 'validationMessage').should('contain', \"Harap sertakan '@' di alamat email. \");",
              "err": {},
              "uuid": "38bb86ea-307b-4eac-9190-4603f301dded",
              "parentUUID": "cd938d89-57b9-4998-9d42-d5b9993e9299",
              "isHook": false,
              "skipped": false
            },
            {
              "title": "should logout properly",
              "fullTitle": "Admin Login & Logout should logout properly",
              "timedOut": null,
              "duration": 4489,
              "state": "passed",
              "speed": "fast",
              "pass": true,
              "fail": false,
              "pending": false,
              "context": null,
              "code": "cy.adminLogin(_admin.default.email, _admin.default.password);\ncy.adminLogout();\ncy.title().should('include', 'Beranda');",
              "err": {},
              "uuid": "a7c9a653-9822-47fb-a6e9-a06c1d8bb794",
              "parentUUID": "cd938d89-57b9-4998-9d42-d5b9993e9299",
              "isHook": false,
              "skipped": false
            },
            {
              "title": "should not access dashboard when logged out",
              "fullTitle": "Admin Login & Logout should not access dashboard when logged out",
              "timedOut": null,
              "duration": 305,
              "state": "passed",
              "speed": "fast",
              "pass": true,
              "fail": false,
              "pending": false,
              "context": null,
              "code": "cy.visit('/admin');\ncy.url().should('include', '/login/employer');",
              "err": {},
              "uuid": "82b0ae7a-9220-4b76-8b09-36b373f09ee6",
              "parentUUID": "cd938d89-57b9-4998-9d42-d5b9993e9299",
              "isHook": false,
              "skipped": false
            }
          ],
          "suites": [],
          "passes": [
            "33875291-6801-487e-89e0-73dd05f9bd0f",
            "e155486e-7ba0-4938-804c-c79d630565f3",
            "14844bfe-8688-4dc6-897f-c300e9cf2250",
            "38bb86ea-307b-4eac-9190-4603f301dded",
            "a7c9a653-9822-47fb-a6e9-a06c1d8bb794",
            "82b0ae7a-9220-4b76-8b09-36b373f09ee6"
          ],
          "failures": [],
          "pending": [],
          "skipped": [],
          "duration": 14489,
          "root": false,
          "rootEmpty": false,
          "_timeout": 2000
        }
      ],
      "passes": [],
      "failures": [],
      "pending": [],
      "skipped": [],
      "duration": 0,
      "root": true,
      "rootEmpty": true,
      "_timeout": 2000
    }
  ],
  "meta": {
    "mocha": {
      "version": "7.2.0"
    },
    "mochawesome": {
      "options": {
        "quiet": false,
        "reportFilename": "[status]-[name]-report",
        "saveHtml": false,
        "saveJson": true,
        "consoleReporter": "spec",
        "useInlineDiffs": false,
        "code": true
      },
      "version": "7.1.3"
    },
    "marge": {
      "options": {
        "charts": true,
        "reportPageTitle": "Cypress Inline Reporter",
        "reportFilename": "[status]-[name]-report",
        "overwrite": false,
        "html": false,
        "JSON": false,
        "embeddedScreenshots": true,
        "inlineAssets": true,
        "ignoreVideos": false,
        "videoOnFailOnly": true,
        "json": true,
        "reportDir": "cypress\\reports\\html\\.jsons"
      },
      "version": "6.2.0"
    }
  }
}