{
  "stats": {
    "suites": 1,
    "tests": 6,
    "passes": 6,
    "pending": 0,
    "failures": 0,
    "start": "2025-06-23T15:35:30.072Z",
    "end": "2025-06-23T15:35:40.216Z",
    "duration": 10144,
    "testsRegistered": 6,
    "passPercent": 100,
    "pendingPercent": 0,
    "other": 0,
    "hasOther": false,
    "skipped": 0,
    "hasSkipped": false
  },
  "results": [
    {
      "uuid": "a89c127e-cfdd-4e5c-8ffb-3866be0c0d5b",
      "title": "",
      "fullFile": "cypress\\e2e\\userLogin_logout.cy.js",
      "file": "cypress\\e2e\\userLogin_logout.cy.js",
      "beforeHooks": [],
      "afterHooks": [],
      "tests": [],
      "suites": [
        {
          "uuid": "b802c314-d4dd-4bb4-848d-857655ed4f90",
          "title": "User Login & Logout",
          "fullFile": "",
          "file": "",
          "beforeHooks": [],
          "afterHooks": [],
          "tests": [
            {
              "title": "should login with valid credentials",
              "fullTitle": "User Login & Logout should login with valid credentials",
              "timedOut": null,
              "duration": 3544,
              "state": "passed",
              "speed": "fast",
              "pass": true,
              "fail": false,
              "pending": false,
              "context": null,
              "code": "cy.userLogin(_user.default.email, _user.default.password);\ncy.title().should('include', 'Beranda');",
              "err": {},
              "uuid": "22d3de84-e2dd-4877-8066-59103da219a9",
              "parentUUID": "b802c314-d4dd-4bb4-848d-857655ed4f90",
              "isHook": false,
              "skipped": false
            },
            {
              "title": "should not login with invalid credentials",
              "fullTitle": "User Login & Logout should not login with invalid credentials",
              "timedOut": null,
              "duration": 1448,
              "state": "passed",
              "speed": "fast",
              "pass": true,
              "fail": false,
              "pending": false,
              "context": null,
              "code": "cy.userLogin('admin@gmail.com', 'wrongpass');\ncy.get('span.invalid-feedback > strong').should('contain', 'Identitas tersebut tidak cocok dengan data kami.');",
              "err": {},
              "uuid": "6d005478-ce11-4b82-8dd9-f6796a015d08",
              "parentUUID": "b802c314-d4dd-4bb4-848d-857655ed4f90",
              "isHook": false,
              "skipped": false
            },
            {
              "title": "should show validation error if fields are empty",
              "fullTitle": "User Login & Logout should show validation error if fields are empty",
              "timedOut": null,
              "duration": 887,
              "state": "passed",
              "speed": "fast",
              "pass": true,
              "fail": false,
              "pending": false,
              "context": null,
              "code": "cy.userLogin(' ', ' ');\ncy.get('input#email').invoke('prop', 'validationMessage').should('contain', 'Silahkan isi kolomnya');",
              "err": {},
              "uuid": "ab8af7cc-1388-4fe0-b2a3-830bf34ac260",
              "parentUUID": "b802c314-d4dd-4bb4-848d-857655ed4f90",
              "isHook": false,
              "skipped": false
            },
            {
              "title": "should show validation error if fields email not formated",
              "fullTitle": "User Login & Logout should show validation error if fields email not formated",
              "timedOut": null,
              "duration": 975,
              "state": "passed",
              "speed": "fast",
              "pass": true,
              "fail": false,
              "pending": false,
              "context": null,
              "code": "cy.userLogin('user', '123123');\ncy.get('input#email').invoke('prop', 'validationMessage').should('contain', \"Harap sertakan '@' di alamat email. \");",
              "err": {},
              "uuid": "1b533561-5561-4bbd-b0e1-770bc7bde4bd",
              "parentUUID": "b802c314-d4dd-4bb4-848d-857655ed4f90",
              "isHook": false,
              "skipped": false
            },
            {
              "title": "should logout properly",
              "fullTitle": "User Login & Logout should logout properly",
              "timedOut": null,
              "duration": 2783,
              "state": "passed",
              "speed": "fast",
              "pass": true,
              "fail": false,
              "pending": false,
              "context": null,
              "code": "cy.userLogin(_user.default.email, _user.default.password);\ncy.userLogout();\ncy.title().should('include', 'Beranda');",
              "err": {},
              "uuid": "fc7a5c18-a17d-4d82-8c92-9dd336047ce1",
              "parentUUID": "b802c314-d4dd-4bb4-848d-857655ed4f90",
              "isHook": false,
              "skipped": false
            },
            {
              "title": "should not access dashboard when logged out",
              "fullTitle": "User Login & Logout should not access dashboard when logged out",
              "timedOut": null,
              "duration": 338,
              "state": "passed",
              "speed": "fast",
              "pass": true,
              "fail": false,
              "pending": false,
              "context": null,
              "code": "cy.visit('/account/profile');\ncy.url().should('include', '/login');",
              "err": {},
              "uuid": "13720735-415c-472f-a5cb-fcc30de581ae",
              "parentUUID": "b802c314-d4dd-4bb4-848d-857655ed4f90",
              "isHook": false,
              "skipped": false
            }
          ],
          "suites": [],
          "passes": [
            "22d3de84-e2dd-4877-8066-59103da219a9",
            "6d005478-ce11-4b82-8dd9-f6796a015d08",
            "ab8af7cc-1388-4fe0-b2a3-830bf34ac260",
            "1b533561-5561-4bbd-b0e1-770bc7bde4bd",
            "fc7a5c18-a17d-4d82-8c92-9dd336047ce1",
            "13720735-415c-472f-a5cb-fcc30de581ae"
          ],
          "failures": [],
          "pending": [],
          "skipped": [],
          "duration": 9975,
          "root": false,
          "rootEmpty": false,
          "_timeout": 2000
        }
      ],
      "passes": [],
      "failures": [],
      "pending": [],
      "skipped": [],
      "duration": 0,
      "root": true,
      "rootEmpty": true,
      "_timeout": 2000
    }
  ],
  "meta": {
    "mocha": {
      "version": "7.2.0"
    },
    "mochawesome": {
      "options": {
        "quiet": false,
        "reportFilename": "[status]-[name]-report",
        "saveHtml": false,
        "saveJson": true,
        "consoleReporter": "spec",
        "useInlineDiffs": false,
        "code": true
      },
      "version": "7.1.3"
    },
    "marge": {
      "options": {
        "charts": true,
        "reportPageTitle": "Cypress Inline Reporter",
        "reportFilename": "[status]-[name]-report",
        "embeddedScreenshots": true,
        "inlineAssets": true,
        "overwrite": false,
        "html": false,
        "json": true,
        "reportDir": "cypress\\reports\\html\\.jsons"
      },
      "version": "6.2.0"
    }
  }
}