{
  "stats": {
    "suites": 1,
    "tests": 11,
    "passes": 11,
    "pending": 0,
    "failures": 0,
    "start": "2025-06-23T23:16:41.417Z",
    "end": "2025-06-23T23:18:19.311Z",
    "duration": 97894,
    "testsRegistered": 11,
    "passPercent": 100,
    "pendingPercent": 0,
    "other": 0,
    "hasOther": false,
    "skipped": 0,
    "hasSkipped": false
  },
  "results": [
    {
      "uuid": "d920616e-a6da-4a24-a4c9-99e09f8f6ab8",
      "title": "",
      "fullFile": "cypress\\e2e\\userOrder.cy.js",
      "file": "cypress\\e2e\\userOrder.cy.js",
      "beforeHooks": [],
      "afterHooks": [],
      "tests": [],
      "suites": [
        {
          "uuid": "eec4b7e9-6220-4858-939f-0a0e1aa1764f",
          "title": "User Order",
          "fullFile": "",
          "file": "",
          "beforeHooks": [],
          "afterHooks": [],
          "tests": [
            {
              "title": "Order tanpa produk",
              "fullTitle": "User Order Order tanpa produk",
              "timedOut": null,
              "duration": 6427,
              "state": "passed",
              "speed": "medium",
              "pass": true,
              "fail": false,
              "pending": false,
              "context": null,
              "code": "cy.xpath(\"(//div[@class='product-view'])[36]\").invoke('attr', 'style', 'display: none');\ncy.xpath(\"//a[normalize-space()='Contoh Product']\").first().click();\ncy.get(\"#add-to-cart\").click().wait(500);\ncy.get(\".swal2-popup\").should(\"be.visible\").and(\"contain\", \"Berhasil\");\ncy.get(\"a[href='https://wikanta.com/cart']\").click();\n//cy.xpath(\"//label[@for='cart_30']\").check()\ncy.xpath(\"//button[@id='processToCheckout']\").should(\"have.attr\", \"disabled\");\ncy.get(\".btn-delete\").click();\ncy.get(\".swal2-confirm\").click();\ncy.get(\".text-center.mt-5.mb-5\").should(\"contain\", \"Tidak ada data\");",
              "err": {},
              "uuid": "5a1834f5-927d-43b6-b68a-a996a9d08527",
              "parentUUID": "eec4b7e9-6220-4858-939f-0a0e1aa1764f",
              "isHook": false,
              "skipped": false
            },
            {
              "title": "Order tanpa shipping method",
              "fullTitle": "User Order Order tanpa shipping method",
              "timedOut": null,
              "duration": 8841,
              "state": "passed",
              "speed": "medium",
              "pass": true,
              "fail": false,
              "pending": false,
              "context": null,
              "code": "cy.xpath(\"(//div[@class='product-view'])[36]\").invoke('attr', 'style', 'display: none');\ncy.xpath(\"//a[normalize-space()='Contoh Product']\").first().click();\ncy.get(\"#add-to-cart\").click().wait(500);\ncy.get(\".swal2-popup\").should(\"be.visible\").and(\"contain\", \"Berhasil\");\ncy.get(\"a[href='https://wikanta.com/cart']\").click();\ncy.get(\"input[type='checkbox']\").check();\n//cy.xpath(\"//label[@for='cart_30']\").check()\ncy.xpath(\"//button[@id='processToCheckout']\").click();\ncy.get(\"#processCheckout\").click();\ncy.get(\".swal2-popup\").should(\"be.visible\").and(\"contain\", \"Kesalahan\");\ncy.go(\"back\");\ncy.get(\".btn-delete\").click();\ncy.get(\".swal2-confirm\").click();\ncy.get(\".text-center.mt-5.mb-5\").should(\"contain\", \"Tidak ada data\");",
              "err": {},
              "uuid": "5e7375c6-49dd-4a59-8911-4a8bbfb5f5de",
              "parentUUID": "eec4b7e9-6220-4858-939f-0a0e1aa1764f",
              "isHook": false,
              "skipped": false
            },
            {
              "title": "Order tanpa shipping service",
              "fullTitle": "User Order Order tanpa shipping service",
              "timedOut": null,
              "duration": 7809,
              "state": "passed",
              "speed": "medium",
              "pass": true,
              "fail": false,
              "pending": false,
              "context": null,
              "code": "cy.xpath(\"(//div[@class='product-view'])[36]\").invoke('attr', 'style', 'display: none');\ncy.xpath(\"//a[normalize-space()='Contoh Product']\").first().click();\ncy.get(\"#add-to-cart\").click().wait(500);\ncy.get(\".swal2-popup\").should(\"be.visible\").and(\"contain\", \"Berhasil\");\ncy.get(\"a[href='https://wikanta.com/cart']\").click();\ncy.get(\"input[type='checkbox']\").check();\n//cy.xpath(\"//label[@for='cart_30']\").check()\ncy.xpath(\"//button[@id='processToCheckout']\").click();\ncy.get(\"#shipping_method_2\").check();\ncy.get(\"#processCheckout\").click();\ncy.get(\".swal2-popup\").should(\"be.visible\").and(\"contain\", \"Kesalahan\");\ncy.go(\"back\");\ncy.get(\".btn-delete\").click();\ncy.get(\".swal2-confirm\").click();\ncy.get(\".text-center.mt-5.mb-5\").should(\"contain\", \"Tidak ada data\");",
              "err": {},
              "uuid": "36a683cc-61af-473b-a931-eaf4fcb77cb4",
              "parentUUID": "eec4b7e9-6220-4858-939f-0a0e1aa1764f",
              "isHook": false,
              "skipped": false
            },
            {
              "title": "Order tanpa payment method",
              "fullTitle": "User Order Order tanpa payment method",
              "timedOut": null,
              "duration": 6475,
              "state": "passed",
              "speed": "medium",
              "pass": true,
              "fail": false,
              "pending": false,
              "context": null,
              "code": "cy.xpath(\"(//div[@class='product-view'])[36]\").invoke('attr', 'style', 'display: none');\ncy.xpath(\"//a[normalize-space()='Contoh Product']\").first().click();\ncy.get(\"#add-to-cart\").click().wait(500);\ncy.get(\".swal2-popup\").should(\"be.visible\").and(\"contain\", \"Berhasil\");\ncy.get(\"a[href='https://wikanta.com/cart']\").click();\ncy.get(\"input[type='checkbox']\").check();\n//cy.xpath(\"//label[@for='cart_30']\").check()\ncy.xpath(\"//button[@id='processToCheckout']\").click();\ncy.get(\"#shipping_method_2\").check();\ncy.get(\"#shipping_service_1\").check();\ncy.get(\"#processCheckout\").click();\ncy.get(\".swal2-popup\").should(\"be.visible\").and(\"contain\", \"Kesalahan\");\ncy.go(\"back\");\ncy.get(\".btn-delete\").click();\ncy.get(\".swal2-confirm\").click();\ncy.get(\".text-center.mt-5.mb-5\").should(\"contain\", \"Tidak ada data\");",
              "err": {},
              "uuid": "2d2a28ed-ffe1-40ae-a433-df145b849644",
              "parentUUID": "eec4b7e9-6220-4858-939f-0a0e1aa1764f",
              "isHook": false,
              "skipped": false
            },
            {
              "title": "Order tanpa isi form origin payment",
              "fullTitle": "User Order Order tanpa isi form origin payment",
              "timedOut": null,
              "duration": 8212,
              "state": "passed",
              "speed": "medium",
              "pass": true,
              "fail": false,
              "pending": false,
              "context": null,
              "code": "cy.xpath(\"(//div[@class='product-view'])[36]\").invoke('attr', 'style', 'display: none');\ncy.xpath(\"//a[normalize-space()='Contoh Product']\").first().click();\ncy.get(\"#add-to-cart\").click().wait(500);\ncy.get(\".swal2-popup\").should(\"be.visible\").and(\"contain\", \"Berhasil\");\ncy.get(\"a[href='https://wikanta.com/cart']\").click();\ncy.get(\"input[type='checkbox']\").check();\n//cy.xpath(\"//label[@for='cart_30']\").check()\ncy.xpath(\"//button[@id='processToCheckout']\").click();\ncy.get(\"#shipping_method_2\").check();\ncy.get(\"#shipping_service_1\").check();\ncy.get(\"#payment_method_2\").check();\ncy.get(\"#processCheckout\").click();\ncy.xpath(\"//a[normalize-space()='Konfirmasi Disini']\").click();\ncy.get(\"#orderPayment_origin_payment\").invoke(\"prop\", \"validationMessage\").should(\"contain\", \"Silahkan isi kolomnya\");",
              "err": {},
              "uuid": "578697c3-236e-4d89-b06f-c22db60b444b",
              "parentUUID": "eec4b7e9-6220-4858-939f-0a0e1aa1764f",
              "isHook": false,
              "skipped": false
            },
            {
              "title": "Order tanpa isi form origin payment name",
              "fullTitle": "User Order Order tanpa isi form origin payment name",
              "timedOut": null,
              "duration": 9456,
              "state": "passed",
              "speed": "medium",
              "pass": true,
              "fail": false,
              "pending": false,
              "context": null,
              "code": "cy.xpath(\"(//div[@class='product-view'])[36]\").invoke('attr', 'style', 'display: none');\ncy.xpath(\"//a[normalize-space()='Contoh Product']\").first().click();\ncy.get(\"#add-to-cart\").click().wait(500);\ncy.get(\".swal2-popup\").should(\"be.visible\").and(\"contain\", \"Berhasil\");\ncy.get(\"a[href='https://wikanta.com/cart']\").click();\ncy.get(\"input[type='checkbox']\").check();\n//cy.xpath(\"//label[@for='cart_30']\").check()\ncy.xpath(\"//button[@id='processToCheckout']\").click();\ncy.get(\"#shipping_method_2\").check();\ncy.get(\"#shipping_service_1\").check();\ncy.get(\"#payment_method_2\").check();\ncy.get(\"#processCheckout\").click();\ncy.xpath(\"//a[normalize-space()='Konfirmasi Disini']\").click();\ncy.get(\"#orderPayment_origin_payment\").type(\"BCA\");\ncy.get(\"#orderPayment_origin_payment_name\").invoke(\"prop\", \"validationMessage\").should(\"contain\", \"Silahkan isi kolomnya\");",
              "err": {},
              "uuid": "8da5af14-8b4f-420d-98bb-4014024fd7c3",
              "parentUUID": "eec4b7e9-6220-4858-939f-0a0e1aa1764f",
              "isHook": false,
              "skipped": false
            },
            {
              "title": "Order tanpa isi form origin payment number",
              "fullTitle": "User Order Order tanpa isi form origin payment number",
              "timedOut": null,
              "duration": 9743,
              "state": "passed",
              "speed": "medium",
              "pass": true,
              "fail": false,
              "pending": false,
              "context": null,
              "code": "cy.xpath(\"(//div[@class='product-view'])[36]\").invoke('attr', 'style', 'display: none');\ncy.xpath(\"//a[normalize-space()='Contoh Product']\").first().click();\ncy.get(\"#add-to-cart\").click().wait(500);\ncy.get(\".swal2-popup\").should(\"be.visible\").and(\"contain\", \"Berhasil\");\ncy.get(\"a[href='https://wikanta.com/cart']\").click();\ncy.get(\"input[type='checkbox']\").check();\n//cy.xpath(\"//label[@for='cart_30']\").check()\ncy.xpath(\"//button[@id='processToCheckout']\").click();\ncy.get(\"#shipping_method_2\").check();\ncy.get(\"#shipping_service_1\").check();\ncy.get(\"#payment_method_2\").check();\ncy.get(\"#processCheckout\").click();\ncy.xpath(\"//a[normalize-space()='Konfirmasi Disini']\").click();\ncy.get(\"#orderPayment_origin_payment\").type(\"BCA\");\ncy.get(\"#orderPayment_origin_payment_name\").type(\"Hema\");\ncy.get(\"#orderPayment_origin_payment_number\").invoke(\"prop\", \"validationMessage\").should(\"contain\", \"Silahkan isi kolomnya\");",
              "err": {},
              "uuid": "753795a5-1501-4a58-8c88-99be8b10a29c",
              "parentUUID": "eec4b7e9-6220-4858-939f-0a0e1aa1764f",
              "isHook": false,
              "skipped": false
            },
            {
              "title": "Order tanpa isi form destination payment",
              "fullTitle": "User Order Order tanpa isi form destination payment",
              "timedOut": null,
              "duration": 10638,
              "state": "passed",
              "speed": "slow",
              "pass": true,
              "fail": false,
              "pending": false,
              "context": null,
              "code": "cy.xpath(\"(//div[@class='product-view'])[36]\").invoke('attr', 'style', 'display: none');\ncy.xpath(\"//a[normalize-space()='Contoh Product']\").first().click();\ncy.get(\"#add-to-cart\").click().wait(500);\ncy.get(\".swal2-popup\").should(\"be.visible\").and(\"contain\", \"Berhasil\");\ncy.get(\"a[href='https://wikanta.com/cart']\").click();\ncy.get(\"input[type='checkbox']\").check();\n//cy.xpath(\"//label[@for='cart_30']\").check()\ncy.xpath(\"//button[@id='processToCheckout']\").click();\ncy.get(\"#shipping_method_2\").check();\ncy.get(\"#shipping_service_1\").check();\ncy.get(\"#payment_method_2\").check();\ncy.get(\"#processCheckout\").click();\ncy.xpath(\"//a[normalize-space()='Konfirmasi Disini']\").click();\ncy.get(\"#orderPayment_origin_payment\").type(\"BCA\");\ncy.get(\"#orderPayment_origin_payment_name\").type(\"Hema\");\ncy.get(\"#orderPayment_origin_payment_number\").type(\"8080\");\ncy.get(\"#orderPayment_destination_payment\").invoke(\"prop\", \"validationMessage\").should(\"contain\", \"Silahkan isi kolomnya\");",
              "err": {},
              "uuid": "a48c4986-3668-48b5-8c4f-e06b03e3225f",
              "parentUUID": "eec4b7e9-6220-4858-939f-0a0e1aa1764f",
              "isHook": false,
              "skipped": false
            },
            {
              "title": "Order tanpa isi form destination payment name",
              "fullTitle": "User Order Order tanpa isi form destination payment name",
              "timedOut": null,
              "duration": 8506,
              "state": "passed",
              "speed": "medium",
              "pass": true,
              "fail": false,
              "pending": false,
              "context": null,
              "code": "cy.xpath(\"(//div[@class='product-view'])[36]\").invoke('attr', 'style', 'display: none');\ncy.xpath(\"//a[normalize-space()='Contoh Product']\").first().click();\ncy.get(\"#add-to-cart\").click().wait(500);\ncy.get(\".swal2-popup\").should(\"be.visible\").and(\"contain\", \"Berhasil\");\ncy.get(\"a[href='https://wikanta.com/cart']\").click();\ncy.get(\"input[type='checkbox']\").check();\n//cy.xpath(\"//label[@for='cart_30']\").check()\ncy.xpath(\"//button[@id='processToCheckout']\").click();\ncy.get(\"#shipping_method_2\").check();\ncy.get(\"#shipping_service_1\").check();\ncy.get(\"#payment_method_2\").check();\ncy.get(\"#processCheckout\").click();\ncy.xpath(\"//a[normalize-space()='Konfirmasi Disini']\").click();\ncy.get(\"#orderPayment_origin_payment\").type(\"BCA\");\ncy.get(\"#orderPayment_origin_payment_name\").type(\"Hema\");\ncy.get(\"#orderPayment_origin_payment_number\").type(\"8080\");\ncy.get(\"#orderPayment_destination_payment\").type(\"BCA\");\ncy.get(\"#orderPayment_destination_payment_name\").invoke(\"prop\", \"validationMessage\").should(\"contain\", \"Silahkan isi kolomnya\");",
              "err": {},
              "uuid": "44327b2d-73f7-47db-b1ef-ef21550c0017",
              "parentUUID": "eec4b7e9-6220-4858-939f-0a0e1aa1764f",
              "isHook": false,
              "skipped": false
            },
            {
              "title": "Order tanpa isi form destination number",
              "fullTitle": "User Order Order tanpa isi form destination number",
              "timedOut": null,
              "duration": 11278,
              "state": "passed",
              "speed": "slow",
              "pass": true,
              "fail": false,
              "pending": false,
              "context": null,
              "code": "cy.xpath(\"(//div[@class='product-view'])[36]\").invoke('attr', 'style', 'display: none');\ncy.xpath(\"//a[normalize-space()='Contoh Product']\").first().click();\ncy.get(\"#add-to-cart\").click().wait(500);\ncy.get(\".swal2-popup\").should(\"be.visible\").and(\"contain\", \"Berhasil\");\ncy.get(\"a[href='https://wikanta.com/cart']\").click();\ncy.get(\"input[type='checkbox']\").check();\n//cy.xpath(\"//label[@for='cart_30']\").check()\ncy.xpath(\"//button[@id='processToCheckout']\").click();\ncy.get(\"#shipping_method_2\").check();\ncy.get(\"#shipping_service_1\").check();\ncy.get(\"#payment_method_2\").check();\ncy.get(\"#processCheckout\").click();\ncy.xpath(\"//a[normalize-space()='Konfirmasi Disini']\").click();\ncy.get(\"#orderPayment_origin_payment\").type(\"BCA\");\ncy.get(\"#orderPayment_origin_payment_name\").type(\"Hema\");\ncy.get(\"#orderPayment_origin_payment_number\").type(\"8080\");\ncy.get(\"#orderPayment_destination_payment\").type(\"BCA\");\ncy.get(\"#orderPayment_destination_payment_name\").type(\"test\");\ncy.get(\"#orderPayment_destination_payment_number\").invoke(\"prop\", \"validationMessage\").should(\"contain\", \"Silahkan isi kolomnya\");",
              "err": {},
              "uuid": "1292a6ab-6e63-4305-8a55-b07e9cdb7e29",
              "parentUUID": "eec4b7e9-6220-4858-939f-0a0e1aa1764f",
              "isHook": false,
              "skipped": false
            },
            {
              "title": "Checkout berhasil",
              "fullTitle": "User Order Checkout berhasil",
              "timedOut": null,
              "duration": 9708,
              "state": "passed",
              "speed": "medium",
              "pass": true,
              "fail": false,
              "pending": false,
              "context": null,
              "code": "cy.xpath(\"(//div[@class='product-view'])[36]\").invoke('attr', 'style', 'display: none');\ncy.xpath(\"//a[normalize-space()='Contoh Product']\").first().click();\ncy.get(\"#add-to-cart\").click().wait(500);\ncy.get(\".swal2-popup\").should(\"be.visible\").and(\"contain\", \"Berhasil\");\ncy.get(\"a[href='https://wikanta.com/cart']\").click();\ncy.get(\"input[type='checkbox']\").check();\n//cy.xpath(\"//label[@for='cart_30']\").check()\ncy.xpath(\"//button[@id='processToCheckout']\").click();\ncy.get(\"#shipping_method_2\").check();\ncy.get(\"#shipping_service_1\").check();\ncy.get(\"#payment_method_2\").check();\ncy.get(\"#processCheckout\").click();\ncy.xpath(\"//a[normalize-space()='Konfirmasi Disini']\").click();\ncy.get(\"#orderPayment_origin_payment\").type(\"BCA\");\ncy.get(\"#orderPayment_origin_payment_name\").type(\"Hema\");\ncy.get(\"#orderPayment_origin_payment_number\").type(\"8080\");\ncy.get(\"#orderPayment_destination_payment\").type(\"BCA\");\ncy.get(\"#orderPayment_destination_payment_name\").type(\"test\");\ncy.get(\"#orderPayment_destination_payment_number\").type(\"5050\");\ncy.get(\"input[name='orderPayment[transaction_date]']\").type(\"2025-06-24T08:30\");\ncy.xpath(\"(//input[@name='image[]'])[1]\").attachFile(\"test.png\");\ncy.xpath(\"//button[normalize-space()='Konfirmasi']\").click();\n//cy.xpath(\"//button[normalize-space()='Atur Kembali']\").click()\ncy.get('.page-content').should(\"contain\", \"INV/2025/06/24\");",
              "err": {},
              "uuid": "a745f7fe-8a17-43e6-b6e3-f6a627d06b8f",
              "parentUUID": "eec4b7e9-6220-4858-939f-0a0e1aa1764f",
              "isHook": false,
              "skipped": false
            }
          ],
          "suites": [],
          "passes": [
            "5a1834f5-927d-43b6-b68a-a996a9d08527",
            "5e7375c6-49dd-4a59-8911-4a8bbfb5f5de",
            "36a683cc-61af-473b-a931-eaf4fcb77cb4",
            "2d2a28ed-ffe1-40ae-a433-df145b849644",
            "578697c3-236e-4d89-b06f-c22db60b444b",
            "8da5af14-8b4f-420d-98bb-4014024fd7c3",
            "753795a5-1501-4a58-8c88-99be8b10a29c",
            "a48c4986-3668-48b5-8c4f-e06b03e3225f",
            "44327b2d-73f7-47db-b1ef-ef21550c0017",
            "1292a6ab-6e63-4305-8a55-b07e9cdb7e29",
            "a745f7fe-8a17-43e6-b6e3-f6a627d06b8f"
          ],
          "failures": [],
          "pending": [],
          "skipped": [],
          "duration": 97093,
          "root": false,
          "rootEmpty": false,
          "_timeout": 2000
        }
      ],
      "passes": [],
      "failures": [],
      "pending": [],
      "skipped": [],
      "duration": 0,
      "root": true,
      "rootEmpty": true,
      "_timeout": 2000
    }
  ],
  "meta": {
    "mocha": {
      "version": "7.2.0"
    },
    "mochawesome": {
      "options": {
        "quiet": false,
        "reportFilename": "[status]-[name]-report",
        "saveHtml": false,
        "saveJson": true,
        "consoleReporter": "spec",
        "useInlineDiffs": false,
        "code": true
      },
      "version": "7.1.3"
    },
    "marge": {
      "options": {
        "charts": true,
        "reportPageTitle": "Cypress Inline Reporter",
        "reportFilename": "[status]-[name]-report",
        "embeddedScreenshots": true,
        "inlineAssets": true,
        "overwrite": false,
        "html": false,
        "json": true,
        "reportDir": "cypress\\reports\\html\\.jsons"
      },
      "version": "6.2.0"
    }
  }
}