{
  "stats": {
    "suites": 1,
    "tests": 5,
    "passes": 5,
    "pending": 0,
    "failures": 0,
    "start": "2025-07-03T08:12:36.976Z",
    "end": "2025-07-03T08:12:54.302Z",
    "duration": 17326,
    "testsRegistered": 5,
    "passPercent": 100,
    "pendingPercent": 0,
    "other": 0,
    "hasOther": false,
    "skipped": 0,
    "hasSkipped": false
  },
  "results": [
    {
      "uuid": "b6567b09-fc18-446d-a4b7-cc01b3dbfc10",
      "title": "",
      "fullFile": "cypress\\e2e\\userKeranjang.cy.js",
      "file": "cypress\\e2e\\userKeranjang.cy.js",
      "beforeHooks": [],
      "afterHooks": [],
      "tests": [],
      "suites": [
        {
          "uuid": "a9cfa393-0dc6-4187-a68e-8cc00c46dd0f",
          "title": "User Keranjang",
          "fullFile": "",
          "file": "",
          "beforeHooks": [],
          "afterHooks": [],
          "tests": [
            {
              "title": "Check keranjang kosong",
              "fullTitle": "User Keranjang Check keranjang kosong",
              "timedOut": null,
              "duration": 4258,
              "state": "passed",
              "speed": "fast",
              "pass": true,
              "fail": false,
              "pending": false,
              "context": null,
              "code": "cy.get(\"a[href='https://wikanta.com/cart']\").click();\ncy.get(\".text-center.mt-5.mb-5\").should(\"contain\", \"Tidak ada data\");",
              "err": {},
              "uuid": "097fa0f5-0653-4ab5-9462-bc78e356ceb4",
              "parentUUID": "a9cfa393-0dc6-4187-a68e-8cc00c46dd0f",
              "isHook": false,
              "skipped": false
            },
            {
              "title": "Check masukkan produk stock 0",
              "fullTitle": "User Keranjang Check masukkan produk stock 0",
              "timedOut": null,
              "duration": 3143,
              "state": "passed",
              "speed": "fast",
              "pass": true,
              "fail": false,
              "pending": false,
              "context": null,
              "code": "cy.xpath(\"//a[normalize-space()='Kemeja Pria Polos Kerah']\").click();\ncy.get(\"#add-to-cart\").click().wait(500);\ncy.get(\".swal2-popup\").should(\"be.visible\").and(\"contain\", \"Stok produk ini adalah 0\");\ncy.get(\"#shop-now\").click();\ncy.get(\".swal2-popup\").should(\"be.visible\").and(\"contain\", \"Stok produk ini adalah 0\");",
              "err": {},
              "uuid": "353e5762-7207-4d0e-8718-9adc93388344",
              "parentUUID": "a9cfa393-0dc6-4187-a68e-8cc00c46dd0f",
              "isHook": false,
              "skipped": false
            },
            {
              "title": "Check masukkan produk stock 1",
              "fullTitle": "User Keranjang Check masukkan produk stock 1",
              "timedOut": null,
              "duration": 3750,
              "state": "passed",
              "speed": "fast",
              "pass": true,
              "fail": false,
              "pending": false,
              "context": null,
              "code": "cy.xpath(\"(//div[@class='product-view'])[36]\").invoke('attr', 'style', 'display: none');\ncy.xpath(\"//a[normalize-space()='Contoh Product']\").first().click();\ncy.get(\"#add-to-cart\").click().wait(500);\ncy.get(\".swal2-popup\").should(\"be.visible\").and(\"contain\", \"Berhasil\");",
              "err": {},
              "uuid": "ac7406f4-58f7-4e50-a0b2-d085842673ae",
              "parentUUID": "a9cfa393-0dc6-4187-a68e-8cc00c46dd0f",
              "isHook": false,
              "skipped": false
            },
            {
              "title": "Check increment produk dikeranjang",
              "fullTitle": "User Keranjang Check increment produk dikeranjang",
              "timedOut": null,
              "duration": 3206,
              "state": "passed",
              "speed": "fast",
              "pass": true,
              "fail": false,
              "pending": false,
              "context": null,
              "code": "cy.get(\"a[href='https://wikanta.com/cart']\").click();\ncy.get(\"  input[placeholder='Kuantitas']\").clear().type(\"10\").type(\"{enter}\");\ncy.get(\".cart-total.d-block.mb-2\").scrollIntoView().should(\"contain\", \"Rp 100.000\");",
              "err": {},
              "uuid": "146f935e-eda6-4b90-b34d-e4ea044cc600",
              "parentUUID": "a9cfa393-0dc6-4187-a68e-8cc00c46dd0f",
              "isHook": false,
              "skipped": false
            },
            {
              "title": "Check hapus produk di keranjang",
              "fullTitle": "User Keranjang Check hapus produk di keranjang",
              "timedOut": null,
              "duration": 2720,
              "state": "passed",
              "speed": "fast",
              "pass": true,
              "fail": false,
              "pending": false,
              "context": null,
              "code": "cy.get(\"a[href='https://wikanta.com/cart']\").click();\ncy.get(\".btn-delete\").click();\ncy.get(\".swal2-confirm\").click();\ncy.get(\".text-center.mt-5.mb-5\").should(\"contain\", \"Tidak ada data\");",
              "err": {},
              "uuid": "d1dbd415-8f80-4cf9-b248-a751c9151c95",
              "parentUUID": "a9cfa393-0dc6-4187-a68e-8cc00c46dd0f",
              "isHook": false,
              "skipped": false
            }
          ],
          "suites": [],
          "passes": [
            "097fa0f5-0653-4ab5-9462-bc78e356ceb4",
            "353e5762-7207-4d0e-8718-9adc93388344",
            "ac7406f4-58f7-4e50-a0b2-d085842673ae",
            "146f935e-eda6-4b90-b34d-e4ea044cc600",
            "d1dbd415-8f80-4cf9-b248-a751c9151c95"
          ],
          "failures": [],
          "pending": [],
          "skipped": [],
          "duration": 17077,
          "root": false,
          "rootEmpty": false,
          "_timeout": 2000
        }
      ],
      "passes": [],
      "failures": [],
      "pending": [],
      "skipped": [],
      "duration": 0,
      "root": true,
      "rootEmpty": true,
      "_timeout": 2000
    }
  ],
  "meta": {
    "mocha": {
      "version": "7.2.0"
    },
    "mochawesome": {
      "options": {
        "quiet": false,
        "reportFilename": "[status]-[name]-report",
        "saveHtml": false,
        "saveJson": true,
        "consoleReporter": "spec",
        "useInlineDiffs": false,
        "code": true
      },
      "version": "7.1.3"
    },
    "marge": {
      "options": {
        "charts": true,
        "reportPageTitle": "Cypress Inline Reporter",
        "reportFilename": "[status]-[name]-report",
        "embeddedScreenshots": true,
        "inlineAssets": true,
        "overwrite": false,
        "html": false,
        "json": true,
        "reportDir": "cypress\\reports\\html\\.jsons"
      },
      "version": "6.2.0"
    }
  }
}