{
  "stats": {
    "suites": 1,
    "tests": 5,
    "passes": 5,
    "pending": 0,
    "failures": 0,
    "start": "2025-07-03T22:09:33.890Z",
    "end": "2025-07-03T22:10:17.504Z",
    "duration": 43614,
    "testsRegistered": 5,
    "passPercent": 100,
    "pendingPercent": 0,
    "other": 0,
    "hasOther": false,
    "skipped": 0,
    "hasSkipped": false
  },
  "results": [
    {
      "uuid": "a8827deb-cc0e-4729-ba17-6f2577eef9d9",
      "title": "",
      "fullFile": "cypress\\e2e\\adminArtikel.cy.js",
      "file": "cypress\\e2e\\adminArtikel.cy.js",
      "beforeHooks": [],
      "afterHooks": [],
      "tests": [],
      "suites": [
        {
          "uuid": "93a6127b-1b66-4dc3-8d30-20bd7af3b4e4",
          "title": "Admin Artikel",
          "fullFile": "",
          "file": "",
          "beforeHooks": [],
          "afterHooks": [],
          "tests": [
            {
              "title": "Tambah artikel tanpa judul",
              "fullTitle": "Admin Artikel Tambah artikel tanpa judul",
              "timedOut": null,
              "duration": 9889,
              "state": "passed",
              "speed": "medium",
              "pass": true,
              "fail": false,
              "pending": false,
              "context": null,
              "code": "cy.get(\"a[class='btn btn-primary']\").click();\ncy.get(\"textarea#summary\").type(\"test\");\ncy.get(\".select2-selection\").click();\ncy.get(\".select2-results__option\").contains(/^Active$/) // regex match persis \"Active\"\n.click();\ncy.get(\".direction > .btn-primary\").scrollIntoView().click();\ncy.wait(300); // kalau muncul terlalu cepat lalu hilang\ncy.get(\".swal2-popup\").should(\"be.visible\").and(\"contain\", \"Harap isi formulir\");",
              "err": {},
              "uuid": "280bbe6b-652f-4551-9d20-1491fab3965a",
              "parentUUID": "93a6127b-1b66-4dc3-8d30-20bd7af3b4e4",
              "isHook": false,
              "skipped": false
            },
            {
              "title": "Tambah artikel tanpa konten",
              "fullTitle": "Admin Artikel Tambah artikel tanpa konten",
              "timedOut": null,
              "duration": 5155,
              "state": "passed",
              "speed": "medium",
              "pass": true,
              "fail": false,
              "pending": false,
              "context": null,
              "code": "cy.get(\"a[class='btn btn-primary']\").click();\ncy.get(\"input[placeholder='Title']\").type(\"test\");\ncy.get(\".direction > .btn-primary\").scrollIntoView().click();\ncy.wait(300); // kalau muncul terlalu cepat lalu hilang\ncy.get(\".swal2-popup\").should(\"be.visible\").and(\"contain\", \"Harap isi formulir\");",
              "err": {},
              "uuid": "e13a3add-7705-48c2-b522-a3f413d05eda",
              "parentUUID": "93a6127b-1b66-4dc3-8d30-20bd7af3b4e4",
              "isHook": false,
              "skipped": false
            },
            {
              "title": "Tambah artikel",
              "fullTitle": "Admin Artikel Tambah artikel",
              "timedOut": null,
              "duration": 12910,
              "state": "passed",
              "speed": "slow",
              "pass": true,
              "fail": false,
              "pending": false,
              "context": null,
              "code": "cy.get(\"a[class='btn btn-primary']\").click();\ncy.get(\"input[placeholder='Title']\").type(\"test\");\ncy.frameLoaded(\"iframe[title='Rich Text Editor, article_section_1']\");\ncy.iframe(\"iframe[title='Rich Text Editor, article_section_1']\").clear().type(\"welcome {cmd+a}\");\ncy.get(\"textarea#summary\").type(\"test\");\ncy.get(\"button[class='btn btn-primary btn-next']\").scrollIntoView();\ncy.get(\".select2-selection\").click();\ncy.get(\".select2-results__option\").contains(/^Active$/) // regex match persis \"Active\"\n.click();\ncy.wait(2000);\ncy.get(\"button[class='btn btn-primary btn-next']\").click();\ncy.get(\"button[class='btn btn-info _btnCategory_']\").click();\ncy.wait(2000);\ncy.get(\".col-md > .form-group > .select2 > .selection > .select2-selection\").click();\ncy.get(\"input[role='searchbox']\").type(\"Rohani\").type(\"{enter}\");\ncy.get(\"#btnContinueCategory\").click();\ncy.get(\"button[class='btn btn-primary btn-next']\").click();\ncy.get(\"input[name='image[file][]']\").attachFile(\"test.png\");\ncy.get(\"textarea[placeholder='Note']\").type(\"test\");\ncy.get(\"button[class='btn btn-primary btn-next']\").click();\ncy.get(\"button[class='btn btn-primary btn-next']\").click();\ncy.get(\"#table-post_wrapper\").should(\"contain\", \"test\");",
              "err": {},
              "uuid": "544cef8e-88fd-4469-b019-c18cb3689ef1",
              "parentUUID": "93a6127b-1b66-4dc3-8d30-20bd7af3b4e4",
              "isHook": false,
              "skipped": false
            },
            {
              "title": "Edit artikel",
              "fullTitle": "Admin Artikel Edit artikel",
              "timedOut": null,
              "duration": 10547,
              "state": "passed",
              "speed": "slow",
              "pass": true,
              "fail": false,
              "pending": false,
              "context": null,
              "code": "cy.xpath(\"(//a[@class='btn btn-primary btn-icon'])[4]\").click();\ncy.get(\"input[placeholder='Title']\").clear().type(\"test2\");\ncy.frameLoaded(\"iframe[title='Rich Text Editor, article_section_1']\");\ncy.iframe(\"iframe[title='Rich Text Editor, article_section_1']\").clear().type(\"welcome {cmd+a}\");\ncy.get(\"textarea#summary\").clear().type(\"test\");\ncy.get(\"button[class='btn btn-primary btn-next']\").scrollIntoView();\ncy.get(\".select2-selection\").click();\ncy.get(\".select2-results__option\").contains(/^Active$/) // regex match persis \"Active\"\n.click();\ncy.wait(2000);\ncy.get(\"button[class='btn btn-primary btn-next']\").click();\ncy.get(\"button[class='btn btn-primary btn-next']\").click();\ncy.get(\"button[class='btn btn-primary btn-next']\").click();\ncy.get(\"button[class='btn btn-primary btn-next']\").click();\ncy.get(\"#table-post_wrapper\").should(\"contain\", \"test2\");",
              "err": {},
              "uuid": "a414c2c6-b690-4cba-9bb1-5060d4723dcd",
              "parentUUID": "93a6127b-1b66-4dc3-8d30-20bd7af3b4e4",
              "isHook": false,
              "skipped": false
            },
            {
              "title": "Hapus artikel - ",
              "fullTitle": "Admin Artikel Hapus artikel - ",
              "timedOut": null,
              "duration": 4528,
              "state": "passed",
              "speed": "fast",
              "pass": true,
              "fail": false,
              "pending": false,
              "context": null,
              "code": "cy.xpath(\"(//button[@name='button'])[4]\").click();\ncy.xpath(\"//button[normalize-space()='Iya, hapus itu!']\").click();\ncy.get(\"#table-post_wrapper\").should(\"not.contain\", \"test2\");",
              "err": {},
              "uuid": "7433da68-72e7-4f4c-b823-41ad547f9824",
              "parentUUID": "93a6127b-1b66-4dc3-8d30-20bd7af3b4e4",
              "isHook": false,
              "skipped": false
            }
          ],
          "suites": [],
          "passes": [
            "280bbe6b-652f-4551-9d20-1491fab3965a",
            "e13a3add-7705-48c2-b522-a3f413d05eda",
            "544cef8e-88fd-4469-b019-c18cb3689ef1",
            "a414c2c6-b690-4cba-9bb1-5060d4723dcd",
            "7433da68-72e7-4f4c-b823-41ad547f9824"
          ],
          "failures": [],
          "pending": [],
          "skipped": [],
          "duration": 43029,
          "root": false,
          "rootEmpty": false,
          "_timeout": 2000
        }
      ],
      "passes": [],
      "failures": [],
      "pending": [],
      "skipped": [],
      "duration": 0,
      "root": true,
      "rootEmpty": true,
      "_timeout": 2000
    }
  ],
  "meta": {
    "mocha": {
      "version": "7.2.0"
    },
    "mochawesome": {
      "options": {
        "quiet": false,
        "reportFilename": "[status]-[name]-report",
        "saveHtml": false,
        "saveJson": true,
        "consoleReporter": "spec",
        "useInlineDiffs": false,
        "code": true
      },
      "version": "7.1.3"
    },
    "marge": {
      "options": {
        "charts": true,
        "reportPageTitle": "Cypress Inline Reporter",
        "reportFilename": "[status]-[name]-report",
        "embeddedScreenshots": true,
        "inlineAssets": true,
        "overwrite": false,
        "html": false,
        "json": true,
        "reportDir": "cypress\\reports\\html\\.jsons"
      },
      "version": "6.2.0"
    }
  }
}