{
  "stats": {
    "suites": 1,
    "tests": 5,
    "passes": 5,
    "pending": 0,
    "failures": 0,
    "start": "2025-07-03T23:17:37.243Z",
    "end": "2025-07-03T23:18:15.310Z",
    "duration": 38067,
    "testsRegistered": 5,
    "passPercent": 100,
    "pendingPercent": 0,
    "other": 0,
    "hasOther": false,
    "skipped": 0,
    "hasSkipped": false
  },
  "results": [
    {
      "uuid": "4e258bee-9662-40e4-8cd8-17750d22e2ed",
      "title": "",
      "fullFile": "cypress\\e2e\\adminArtikel.cy.js",
      "file": "cypress\\e2e\\adminArtikel.cy.js",
      "beforeHooks": [],
      "afterHooks": [],
      "tests": [],
      "suites": [
        {
          "uuid": "3807cac6-8749-4f85-9638-1778ea7ce748",
          "title": "Admin Artikel",
          "fullFile": "",
          "file": "",
          "beforeHooks": [],
          "afterHooks": [],
          "tests": [
            {
              "title": "Tambah artikel tanpa judul",
              "fullTitle": "Admin Artikel Tambah artikel tanpa judul",
              "timedOut": null,
              "duration": 8676,
              "state": "passed",
              "speed": "medium",
              "pass": true,
              "fail": false,
              "pending": false,
              "context": null,
              "code": "cy.get(\"a[class='btn btn-primary']\").click();\ncy.get(\"textarea#summary\").type(\"test\");\ncy.get(\".select2-selection\").click();\ncy.get(\".select2-results__option\").contains(/^Active$/) // regex match persis \"Active\"\n.click();\ncy.get(\".direction > .btn-primary\").scrollIntoView().click();\ncy.wait(300); // kalau muncul terlalu cepat lalu hilang\ncy.get(\".swal2-popup\").should(\"be.visible\").and(\"contain\", \"Harap isi formulir\");",
              "err": {},
              "uuid": "74d4c9a9-6dd8-470a-aaa0-a97dd95b0119",
              "parentUUID": "3807cac6-8749-4f85-9638-1778ea7ce748",
              "isHook": false,
              "skipped": false
            },
            {
              "title": "Tambah artikel tanpa konten",
              "fullTitle": "Admin Artikel Tambah artikel tanpa konten",
              "timedOut": null,
              "duration": 4232,
              "state": "passed",
              "speed": "fast",
              "pass": true,
              "fail": false,
              "pending": false,
              "context": null,
              "code": "cy.get(\"a[class='btn btn-primary']\").click();\ncy.get(\"input[placeholder='Title']\").type(\"test\");\ncy.get(\".direction > .btn-primary\").scrollIntoView().click();\ncy.wait(300); // kalau muncul terlalu cepat lalu hilang\ncy.get(\".swal2-popup\").should(\"be.visible\").and(\"contain\", \"Harap isi formulir\");",
              "err": {},
              "uuid": "a0646579-fbcc-4623-84de-e26db8d9a1c5",
              "parentUUID": "3807cac6-8749-4f85-9638-1778ea7ce748",
              "isHook": false,
              "skipped": false
            },
            {
              "title": "Tambah artikel",
              "fullTitle": "Admin Artikel Tambah artikel",
              "timedOut": null,
              "duration": 11862,
              "state": "passed",
              "speed": "slow",
              "pass": true,
              "fail": false,
              "pending": false,
              "context": null,
              "code": "cy.get(\"a[class='btn btn-primary']\").click();\ncy.get(\"input[placeholder='Title']\").type(\"test\");\ncy.frameLoaded(\"iframe[title='Rich Text Editor, article_section_1']\");\ncy.iframe(\"iframe[title='Rich Text Editor, article_section_1']\").clear().type(\"welcome {cmd+a}\");\ncy.get(\"textarea#summary\").type(\"test\");\ncy.get(\"button[class='btn btn-primary btn-next']\").scrollIntoView();\ncy.get(\".select2-selection\").click();\ncy.get(\".select2-results__option\").contains(/^Active$/) // regex match persis \"Active\"\n.click();\ncy.wait(2000);\ncy.get(\"button[class='btn btn-primary btn-next']\").click();\ncy.get(\"button[class='btn btn-info _btnCategory_']\").click();\ncy.wait(2000);\ncy.get(\".col-md > .form-group > .select2 > .selection > .select2-selection\").click();\ncy.get(\"input[role='searchbox']\").type(\"Rohani\").type(\"{enter}\");\ncy.get(\"#btnContinueCategory\").click();\ncy.get(\"button[class='btn btn-primary btn-next']\").click();\ncy.get(\"input[name='image[file][]']\").attachFile(\"test.png\");\ncy.get(\"textarea[placeholder='Note']\").type(\"test\");\ncy.get(\"button[class='btn btn-primary btn-next']\").click();\ncy.get(\"button[class='btn btn-primary btn-next']\").click();\ncy.get(\"#table-post_wrapper\").should(\"contain\", \"test\");",
              "err": {},
              "uuid": "06eefcd7-d9b9-4496-a73b-87a62109d157",
              "parentUUID": "3807cac6-8749-4f85-9638-1778ea7ce748",
              "isHook": false,
              "skipped": false
            },
            {
              "title": "Edit artikel",
              "fullTitle": "Admin Artikel Edit artikel",
              "timedOut": null,
              "duration": 9155,
              "state": "passed",
              "speed": "medium",
              "pass": true,
              "fail": false,
              "pending": false,
              "context": null,
              "code": "cy.xpath(\"(//a[@class='btn btn-primary btn-icon'])[4]\").click();\ncy.get(\"input[placeholder='Title']\").clear().type(\"test2\");\ncy.frameLoaded(\"iframe[title='Rich Text Editor, article_section_1']\");\ncy.iframe(\"iframe[title='Rich Text Editor, article_section_1']\").clear().type(\"welcome {cmd+a}\");\ncy.get(\"textarea#summary\").clear().type(\"test\");\ncy.get(\"button[class='btn btn-primary btn-next']\").scrollIntoView();\ncy.get(\".select2-selection\").click();\ncy.get(\".select2-results__option\").contains(/^Active$/) // regex match persis \"Active\"\n.click();\ncy.wait(2000);\ncy.get(\"button[class='btn btn-primary btn-next']\").click();\ncy.get(\"button[class='btn btn-primary btn-next']\").click();\ncy.get(\"button[class='btn btn-primary btn-next']\").click();\ncy.get(\"button[class='btn btn-primary btn-next']\").click();\ncy.get(\"#table-post_wrapper\").should(\"contain\", \"test2\");",
              "err": {},
              "uuid": "1b230d2d-cc4e-4194-b2e0-31be73b31d66",
              "parentUUID": "3807cac6-8749-4f85-9638-1778ea7ce748",
              "isHook": false,
              "skipped": false
            },
            {
              "title": "Hapus artikel - ",
              "fullTitle": "Admin Artikel Hapus artikel - ",
              "timedOut": null,
              "duration": 3831,
              "state": "passed",
              "speed": "fast",
              "pass": true,
              "fail": false,
              "pending": false,
              "context": null,
              "code": "cy.xpath(\"(//button[@name='button'])[4]\").click();\ncy.xpath(\"//button[normalize-space()='Iya, hapus itu!']\").click();\ncy.get(\"#table-post_wrapper\").should(\"not.contain\", \"test2\");",
              "err": {},
              "uuid": "1fd9c836-bcf6-47ad-bbb4-c90926fcfc72",
              "parentUUID": "3807cac6-8749-4f85-9638-1778ea7ce748",
              "isHook": false,
              "skipped": false
            }
          ],
          "suites": [],
          "passes": [
            "74d4c9a9-6dd8-470a-aaa0-a97dd95b0119",
            "a0646579-fbcc-4623-84de-e26db8d9a1c5",
            "06eefcd7-d9b9-4496-a73b-87a62109d157",
            "1b230d2d-cc4e-4194-b2e0-31be73b31d66",
            "1fd9c836-bcf6-47ad-bbb4-c90926fcfc72"
          ],
          "failures": [],
          "pending": [],
          "skipped": [],
          "duration": 37756,
          "root": false,
          "rootEmpty": false,
          "_timeout": 2000
        }
      ],
      "passes": [],
      "failures": [],
      "pending": [],
      "skipped": [],
      "duration": 0,
      "root": true,
      "rootEmpty": true,
      "_timeout": 2000
    }
  ],
  "meta": {
    "mocha": {
      "version": "7.2.0"
    },
    "mochawesome": {
      "options": {
        "quiet": false,
        "reportFilename": "[status]-[name]-report",
        "saveHtml": false,
        "saveJson": true,
        "consoleReporter": "spec",
        "useInlineDiffs": false,
        "code": true
      },
      "version": "7.1.3"
    },
    "marge": {
      "options": {
        "charts": true,
        "reportPageTitle": "Cypress Inline Reporter",
        "reportFilename": "[status]-[name]-report",
        "embeddedScreenshots": true,
        "inlineAssets": true,
        "overwrite": false,
        "html": false,
        "json": true,
        "reportDir": "cypress\\reports\\html\\.jsons"
      },
      "version": "6.2.0"
    }
  }
}