{
  "stats": {
    "suites": 1,
    "tests": 5,
    "passes": 5,
    "pending": 0,
    "failures": 0,
    "start": "2025-07-03T08:44:14.682Z",
    "end": "2025-07-03T08:44:56.763Z",
    "duration": 42081,
    "testsRegistered": 5,
    "passPercent": 100,
    "pendingPercent": 0,
    "other": 0,
    "hasOther": false,
    "skipped": 0,
    "hasSkipped": false
  },
  "results": [
    {
      "uuid": "27dd39b5-3845-4eba-b9c3-7a751020c0a1",
      "title": "",
      "fullFile": "cypress\\e2e\\adminArtikel.cy.js",
      "file": "cypress\\e2e\\adminArtikel.cy.js",
      "beforeHooks": [],
      "afterHooks": [],
      "tests": [],
      "suites": [
        {
          "uuid": "d2a241bd-74d3-4ec9-9b7e-f30a9844fc1a",
          "title": "Admin Artikel",
          "fullFile": "",
          "file": "",
          "beforeHooks": [],
          "afterHooks": [],
          "tests": [
            {
              "title": "Tambah artikel tanpa judul",
              "fullTitle": "Admin Artikel Tambah artikel tanpa judul",
              "timedOut": null,
              "duration": 9820,
              "state": "passed",
              "speed": "medium",
              "pass": true,
              "fail": false,
              "pending": false,
              "context": null,
              "code": "cy.get(\"a[class='btn btn-primary']\").click();\ncy.get(\"textarea#summary\").type(\"test\");\ncy.get(\".select2-selection\").click();\ncy.get(\".select2-results__option\").contains(/^Active$/) // regex match persis \"Active\"\n.click();\ncy.get(\".direction > .btn-primary\").scrollIntoView().click();\ncy.wait(300); // kalau muncul terlalu cepat lalu hilang\ncy.get(\".swal2-popup\").should(\"be.visible\").and(\"contain\", \"Harap isi formulir\");",
              "err": {},
              "uuid": "855ef669-f282-42bc-b3bf-d519e17f8752",
              "parentUUID": "d2a241bd-74d3-4ec9-9b7e-f30a9844fc1a",
              "isHook": false,
              "skipped": false
            },
            {
              "title": "Tambah artikel tanpa konten",
              "fullTitle": "Admin Artikel Tambah artikel tanpa konten",
              "timedOut": null,
              "duration": 4644,
              "state": "passed",
              "speed": "fast",
              "pass": true,
              "fail": false,
              "pending": false,
              "context": null,
              "code": "cy.get(\"a[class='btn btn-primary']\").click();\ncy.get(\"input[placeholder='Title']\").type(\"test\");\ncy.get(\".direction > .btn-primary\").scrollIntoView().click();\ncy.wait(300); // kalau muncul terlalu cepat lalu hilang\ncy.get(\".swal2-popup\").should(\"be.visible\").and(\"contain\", \"Harap isi formulir\");",
              "err": {},
              "uuid": "7b11dca5-74fa-429f-8945-323a02f6e1c8",
              "parentUUID": "d2a241bd-74d3-4ec9-9b7e-f30a9844fc1a",
              "isHook": false,
              "skipped": false
            },
            {
              "title": "Tambah artikel",
              "fullTitle": "Admin Artikel Tambah artikel",
              "timedOut": null,
              "duration": 13673,
              "state": "passed",
              "speed": "slow",
              "pass": true,
              "fail": false,
              "pending": false,
              "context": null,
              "code": "cy.get(\"a[class='btn btn-primary']\").click();\ncy.get(\"input[placeholder='Title']\").type(\"test\");\ncy.frameLoaded(\"iframe[title='Rich Text Editor, article_section_1']\");\ncy.iframe(\"iframe[title='Rich Text Editor, article_section_1']\").clear().type(\"welcome {cmd+a}\");\ncy.get(\"textarea#summary\").type(\"test\");\ncy.get(\"button[class='btn btn-primary btn-next']\").scrollIntoView();\ncy.get(\".select2-selection\").click();\ncy.get(\".select2-results__option\").contains(/^Active$/) // regex match persis \"Active\"\n.click();\ncy.wait(2000);\ncy.get(\"button[class='btn btn-primary btn-next']\").click();\ncy.get(\"button[class='btn btn-info _btnCategory_']\").click();\ncy.wait(2000);\ncy.get(\".col-md > .form-group > .select2 > .selection > .select2-selection\").click();\ncy.get(\"input[role='searchbox']\").type(\"Rohani\").type(\"{enter}\");\ncy.get(\"#btnContinueCategory\").click();\ncy.get(\"button[class='btn btn-primary btn-next']\").click();\ncy.get(\"input[name='image[file][]']\").attachFile(\"test.png\");\ncy.get(\"textarea[placeholder='Note']\").type(\"test\");\ncy.get(\"button[class='btn btn-primary btn-next']\").click();\ncy.get(\"button[class='btn btn-primary btn-next']\").click();\ncy.get(\"#table-post_wrapper\").should(\"contain\", \"test\");",
              "err": {},
              "uuid": "c1316693-48a5-4add-a23b-34d5d955d51c",
              "parentUUID": "d2a241bd-74d3-4ec9-9b7e-f30a9844fc1a",
              "isHook": false,
              "skipped": false
            },
            {
              "title": "Edit artikel",
              "fullTitle": "Admin Artikel Edit artikel",
              "timedOut": null,
              "duration": 8963,
              "state": "passed",
              "speed": "medium",
              "pass": true,
              "fail": false,
              "pending": false,
              "context": null,
              "code": "cy.xpath(\"(//a[@class='btn btn-primary btn-icon'])[4]\").click();\ncy.get(\"input[placeholder='Title']\").clear().type(\"test2\");\ncy.frameLoaded(\"iframe[title='Rich Text Editor, article_section_1']\");\ncy.iframe(\"iframe[title='Rich Text Editor, article_section_1']\").clear().type(\"welcome {cmd+a}\");\ncy.get(\"textarea#summary\").clear().type(\"test\");\ncy.get(\"button[class='btn btn-primary btn-next']\").scrollIntoView();\ncy.get(\".select2-selection\").click();\ncy.get(\".select2-results__option\").contains(/^Active$/) // regex match persis \"Active\"\n.click();\ncy.wait(2000);\ncy.get(\"button[class='btn btn-primary btn-next']\").click();\ncy.get(\"button[class='btn btn-primary btn-next']\").click();\ncy.get(\"button[class='btn btn-primary btn-next']\").click();\ncy.get(\"button[class='btn btn-primary btn-next']\").click();\ncy.get(\"#table-post_wrapper\").should(\"contain\", \"test2\");",
              "err": {},
              "uuid": "bde7296c-4888-4913-9403-afc1cce8d0ba",
              "parentUUID": "d2a241bd-74d3-4ec9-9b7e-f30a9844fc1a",
              "isHook": false,
              "skipped": false
            },
            {
              "title": "Hapus artikel - ",
              "fullTitle": "Admin Artikel Hapus artikel - ",
              "timedOut": null,
              "duration": 4421,
              "state": "passed",
              "speed": "fast",
              "pass": true,
              "fail": false,
              "pending": false,
              "context": null,
              "code": "cy.xpath(\"(//button[@name='button'])[4]\").click();\ncy.xpath(\"//button[normalize-space()='Iya, hapus itu!']\").click();\ncy.get(\"#table-post_wrapper\").should(\"not.contain\", \"test2\");",
              "err": {},
              "uuid": "7adfb0e5-122d-481a-b81d-840636c771f3",
              "parentUUID": "d2a241bd-74d3-4ec9-9b7e-f30a9844fc1a",
              "isHook": false,
              "skipped": false
            }
          ],
          "suites": [],
          "passes": [
            "855ef669-f282-42bc-b3bf-d519e17f8752",
            "7b11dca5-74fa-429f-8945-323a02f6e1c8",
            "c1316693-48a5-4add-a23b-34d5d955d51c",
            "bde7296c-4888-4913-9403-afc1cce8d0ba",
            "7adfb0e5-122d-481a-b81d-840636c771f3"
          ],
          "failures": [],
          "pending": [],
          "skipped": [],
          "duration": 41521,
          "root": false,
          "rootEmpty": false,
          "_timeout": 2000
        }
      ],
      "passes": [],
      "failures": [],
      "pending": [],
      "skipped": [],
      "duration": 0,
      "root": true,
      "rootEmpty": true,
      "_timeout": 2000
    }
  ],
  "meta": {
    "mocha": {
      "version": "7.2.0"
    },
    "mochawesome": {
      "options": {
        "quiet": false,
        "reportFilename": "[status]-[name]-report",
        "saveHtml": false,
        "saveJson": true,
        "consoleReporter": "spec",
        "useInlineDiffs": false,
        "code": true
      },
      "version": "7.1.3"
    },
    "marge": {
      "options": {
        "charts": true,
        "reportPageTitle": "Cypress Inline Reporter",
        "reportFilename": "[status]-[name]-report",
        "embeddedScreenshots": true,
        "inlineAssets": true,
        "overwrite": false,
        "html": false,
        "json": true,
        "reportDir": "cypress\\reports\\html\\.jsons"
      },
      "version": "6.2.0"
    }
  }
}