{
  "stats": {
    "suites": 1,
    "tests": 5,
    "passes": 5,
    "pending": 0,
    "failures": 0,
    "start": "2025-06-20T04:11:07.032Z",
    "end": "2025-06-20T04:11:31.294Z",
    "duration": 24262,
    "testsRegistered": 5,
    "passPercent": 100,
    "pendingPercent": 0,
    "other": 0,
    "hasOther": false,
    "skipped": 0,
    "hasSkipped": false
  },
  "results": [
    {
      "uuid": "a8ad03f3-923f-496e-bbc5-44a16c7ae9bb",
      "title": "",
      "fullFile": "cypress\\e2e\\userKeranjang.cy.js",
      "file": "cypress\\e2e\\userKeranjang.cy.js",
      "beforeHooks": [],
      "afterHooks": [],
      "tests": [],
      "suites": [
        {
          "uuid": "30b13c33-c219-42f5-a435-6ee4fba9cae3",
          "title": "User Keranjgan",
          "fullFile": "",
          "file": "",
          "beforeHooks": [],
          "afterHooks": [],
          "tests": [
            {
              "title": "Check keranjang kosong",
              "fullTitle": "User Keranjgan Check keranjang kosong",
              "timedOut": null,
              "duration": 8362,
              "state": "passed",
              "speed": "medium",
              "pass": true,
              "fail": false,
              "pending": false,
              "context": null,
              "code": "cy.get(\"a[href='https://wikanta.com/cart']\").click();\ncy.get(\".text-center.mt-5.mb-5\").should(\"contain\", \"Tidak ada data\");",
              "err": {},
              "uuid": "4b27e214-dc93-47ba-a7ea-01eaf7f2ace9",
              "parentUUID": "30b13c33-c219-42f5-a435-6ee4fba9cae3",
              "isHook": false,
              "skipped": false
            },
            {
              "title": "Check masukkan produk stock 0",
              "fullTitle": "User Keranjgan Check masukkan produk stock 0",
              "timedOut": null,
              "duration": 4528,
              "state": "passed",
              "speed": "fast",
              "pass": true,
              "fail": false,
              "pending": false,
              "context": null,
              "code": "cy.xpath(\"//a[normalize-space()='Kemeja Pria Polos Kerah']\").click();\ncy.get(\"#add-to-cart\").click().wait(500);\ncy.get(\".swal2-popup\").should(\"be.visible\").and(\"contain\", \"Stok produk ini adalah 0\");\ncy.get(\"#shop-now\").click();\ncy.get(\".swal2-popup\").should(\"be.visible\").and(\"contain\", \"Stok produk ini adalah 0\");",
              "err": {},
              "uuid": "542eccd0-82ac-4137-901b-cba31e344098",
              "parentUUID": "30b13c33-c219-42f5-a435-6ee4fba9cae3",
              "isHook": false,
              "skipped": false
            },
            {
              "title": "Check masukkan produk stock 1",
              "fullTitle": "User Keranjgan Check masukkan produk stock 1",
              "timedOut": null,
              "duration": 3379,
              "state": "passed",
              "speed": "fast",
              "pass": true,
              "fail": false,
              "pending": false,
              "context": null,
              "code": "cy.xpath(\"//a[normalize-space()='Contoh Product 001']\").click();\ncy.get(\"#add-to-cart\").click().wait(500);\ncy.get(\".swal2-popup\").should(\"be.visible\").and(\"contain\", \"Berhasil\");",
              "err": {},
              "uuid": "793be059-f895-41ec-b989-52fc116934cc",
              "parentUUID": "30b13c33-c219-42f5-a435-6ee4fba9cae3",
              "isHook": false,
              "skipped": false
            },
            {
              "title": "Check increment produk dikeranjang",
              "fullTitle": "User Keranjgan Check increment produk dikeranjang",
              "timedOut": null,
              "duration": 2786,
              "state": "passed",
              "speed": "fast",
              "pass": true,
              "fail": false,
              "pending": false,
              "context": null,
              "code": "cy.get(\"a[href='https://wikanta.com/cart']\").click();\ncy.get(\"  input[placeholder='Kuantitas']\").clear().type(\"10\").type(\"{enter}\");\ncy.get(\".cart-total.d-block.mb-2\").scrollIntoView().should(\"contain\", \"Rp 100.000\");",
              "err": {},
              "uuid": "d6e40a97-d12f-4abb-a912-5012d3f57673",
              "parentUUID": "30b13c33-c219-42f5-a435-6ee4fba9cae3",
              "isHook": false,
              "skipped": false
            },
            {
              "title": "Check hapus produk di keranjang",
              "fullTitle": "User Keranjgan Check hapus produk di keranjang",
              "timedOut": null,
              "duration": 4972,
              "state": "passed",
              "speed": "fast",
              "pass": true,
              "fail": false,
              "pending": false,
              "context": null,
              "code": "cy.get(\"a[href='https://wikanta.com/cart']\").click();\ncy.get(\".btn-delete\").click();\ncy.get(\".swal2-confirm\").click();\ncy.get(\".text-center.mt-5.mb-5\").should(\"contain\", \"Tidak ada data\");",
              "err": {},
              "uuid": "bc17661f-6cc0-4032-9293-1d1543f7f30c",
              "parentUUID": "30b13c33-c219-42f5-a435-6ee4fba9cae3",
              "isHook": false,
              "skipped": false
            }
          ],
          "suites": [],
          "passes": [
            "4b27e214-dc93-47ba-a7ea-01eaf7f2ace9",
            "542eccd0-82ac-4137-901b-cba31e344098",
            "793be059-f895-41ec-b989-52fc116934cc",
            "d6e40a97-d12f-4abb-a912-5012d3f57673",
            "bc17661f-6cc0-4032-9293-1d1543f7f30c"
          ],
          "failures": [],
          "pending": [],
          "skipped": [],
          "duration": 24027,
          "root": false,
          "rootEmpty": false,
          "_timeout": 2000
        }
      ],
      "passes": [],
      "failures": [],
      "pending": [],
      "skipped": [],
      "duration": 0,
      "root": true,
      "rootEmpty": true,
      "_timeout": 2000
    }
  ],
  "meta": {
    "mocha": {
      "version": "7.2.0"
    },
    "mochawesome": {
      "options": {
        "quiet": false,
        "reportFilename": "[status]-[name]-report",
        "saveHtml": false,
        "saveJson": true,
        "consoleReporter": "spec",
        "useInlineDiffs": false,
        "code": true
      },
      "version": "7.1.3"
    },
    "marge": {
      "options": {
        "charts": true,
        "reportPageTitle": "Cypress Inline Reporter",
        "reportFilename": "[status]-[name]-report",
        "embeddedScreenshots": true,
        "inlineAssets": true,
        "overwrite": false,
        "html": false,
        "json": true,
        "reportDir": "cypress\\reports\\html\\.jsons"
      },
      "version": "6.2.0"
    }
  }
}