{
  "stats": {
    "suites": 1,
    "tests": 6,
    "passes": 6,
    "pending": 0,
    "failures": 0,
    "start": "2025-07-03T22:11:06.071Z",
    "end": "2025-07-03T22:11:20.857Z",
    "duration": 14786,
    "testsRegistered": 6,
    "passPercent": 100,
    "pendingPercent": 0,
    "other": 0,
    "hasOther": false,
    "skipped": 0,
    "hasSkipped": false
  },
  "results": [
    {
      "uuid": "cb645708-ce3f-448c-b01d-695ffcb8051e",
      "title": "",
      "fullFile": "cypress\\e2e\\adminLogin_logout.cy.js",
      "file": "cypress\\e2e\\adminLogin_logout.cy.js",
      "beforeHooks": [],
      "afterHooks": [],
      "tests": [],
      "suites": [
        {
          "uuid": "e66e8f9e-a085-4223-93bd-2ea674849021",
          "title": "Admin Login & Logout",
          "fullFile": "",
          "file": "",
          "beforeHooks": [],
          "afterHooks": [],
          "tests": [
            {
              "title": "should login with valid credentials",
              "fullTitle": "Admin Login & Logout should login with valid credentials",
              "timedOut": null,
              "duration": 5144,
              "state": "passed",
              "speed": "medium",
              "pass": true,
              "fail": false,
              "pending": false,
              "context": null,
              "code": "cy.adminLogin(_admin.default.email, _admin.default.password);\ncy.title().should('include', 'Dashboard');",
              "err": {},
              "uuid": "6be04395-c276-4201-880d-e585d32a6576",
              "parentUUID": "e66e8f9e-a085-4223-93bd-2ea674849021",
              "isHook": false,
              "skipped": false
            },
            {
              "title": "should not login with invalid credentials",
              "fullTitle": "Admin Login & Logout should not login with invalid credentials",
              "timedOut": null,
              "duration": 1627,
              "state": "passed",
              "speed": "fast",
              "pass": true,
              "fail": false,
              "pending": false,
              "context": null,
              "code": "cy.adminLogin('admin@gmail.com', 'wrongpass');\ncy.get('span.invalid-feedback > strong').should('contain', 'Identitas tersebut tidak cocok dengan data kami.');",
              "err": {},
              "uuid": "ad4c4f4d-47da-49a0-ac2b-8489007580c9",
              "parentUUID": "e66e8f9e-a085-4223-93bd-2ea674849021",
              "isHook": false,
              "skipped": false
            },
            {
              "title": "should show validation error if fields are empty",
              "fullTitle": "Admin Login & Logout should show validation error if fields are empty",
              "timedOut": null,
              "duration": 1157,
              "state": "passed",
              "speed": "fast",
              "pass": true,
              "fail": false,
              "pending": false,
              "context": null,
              "code": "cy.adminLogin(' ', ' ');\ncy.get('input#email').invoke('prop', 'validationMessage').should('contain', 'Silahkan isi kolomnya');",
              "err": {},
              "uuid": "265eb751-62fc-43ea-8d5d-639a1e1316ae",
              "parentUUID": "e66e8f9e-a085-4223-93bd-2ea674849021",
              "isHook": false,
              "skipped": false
            },
            {
              "title": "should show validation error if fields email not formated",
              "fullTitle": "Admin Login & Logout should show validation error if fields email not formated",
              "timedOut": null,
              "duration": 1026,
              "state": "passed",
              "speed": "fast",
              "pass": true,
              "fail": false,
              "pending": false,
              "context": null,
              "code": "cy.adminLogin('admin', '123123');\ncy.get('input#email').invoke('prop', 'validationMessage').should('contain', \"Harap sertakan '@' di alamat email. \");",
              "err": {},
              "uuid": "4344378b-68e4-41bd-87b0-0c8e1b647f48",
              "parentUUID": "e66e8f9e-a085-4223-93bd-2ea674849021",
              "isHook": false,
              "skipped": false
            },
            {
              "title": "should logout properly",
              "fullTitle": "Admin Login & Logout should logout properly",
              "timedOut": null,
              "duration": 4977,
              "state": "passed",
              "speed": "fast",
              "pass": true,
              "fail": false,
              "pending": false,
              "context": null,
              "code": "cy.adminLogin(_admin.default.email, _admin.default.password);\ncy.adminLogout();\ncy.title().should('include', 'Beranda');",
              "err": {},
              "uuid": "7629ae2d-b246-4e54-9926-5e1e8bb7fd1b",
              "parentUUID": "e66e8f9e-a085-4223-93bd-2ea674849021",
              "isHook": false,
              "skipped": false
            },
            {
              "title": "should not access dashboard when logged out",
              "fullTitle": "Admin Login & Logout should not access dashboard when logged out",
              "timedOut": null,
              "duration": 372,
              "state": "passed",
              "speed": "fast",
              "pass": true,
              "fail": false,
              "pending": false,
              "context": null,
              "code": "cy.visit('/admin');\ncy.url().should('include', '/login/employer');",
              "err": {},
              "uuid": "3a8d39ee-b7bf-4362-b43b-5d19ba6e6444",
              "parentUUID": "e66e8f9e-a085-4223-93bd-2ea674849021",
              "isHook": false,
              "skipped": false
            }
          ],
          "suites": [],
          "passes": [
            "6be04395-c276-4201-880d-e585d32a6576",
            "ad4c4f4d-47da-49a0-ac2b-8489007580c9",
            "265eb751-62fc-43ea-8d5d-639a1e1316ae",
            "4344378b-68e4-41bd-87b0-0c8e1b647f48",
            "7629ae2d-b246-4e54-9926-5e1e8bb7fd1b",
            "3a8d39ee-b7bf-4362-b43b-5d19ba6e6444"
          ],
          "failures": [],
          "pending": [],
          "skipped": [],
          "duration": 14303,
          "root": false,
          "rootEmpty": false,
          "_timeout": 2000
        }
      ],
      "passes": [],
      "failures": [],
      "pending": [],
      "skipped": [],
      "duration": 0,
      "root": true,
      "rootEmpty": true,
      "_timeout": 2000
    }
  ],
  "meta": {
    "mocha": {
      "version": "7.2.0"
    },
    "mochawesome": {
      "options": {
        "quiet": false,
        "reportFilename": "[status]-[name]-report",
        "saveHtml": false,
        "saveJson": true,
        "consoleReporter": "spec",
        "useInlineDiffs": false,
        "code": true
      },
      "version": "7.1.3"
    },
    "marge": {
      "options": {
        "charts": true,
        "reportPageTitle": "Cypress Inline Reporter",
        "reportFilename": "[status]-[name]-report",
        "embeddedScreenshots": true,
        "inlineAssets": true,
        "overwrite": false,
        "html": false,
        "json": true,
        "reportDir": "cypress\\reports\\html\\.jsons"
      },
      "version": "6.2.0"
    }
  }
}