{
  "stats": {
    "suites": 1,
    "tests": 6,
    "passes": 6,
    "pending": 0,
    "failures": 0,
    "start": "2025-07-03T21:48:01.175Z",
    "end": "2025-07-03T21:48:12.539Z",
    "duration": 11364,
    "testsRegistered": 6,
    "passPercent": 100,
    "pendingPercent": 0,
    "other": 0,
    "hasOther": false,
    "skipped": 0,
    "hasSkipped": false
  },
  "results": [
    {
      "uuid": "80fabd19-110c-405b-8b5d-e157dd96f415",
      "title": "",
      "fullFile": "cypress\\e2e\\userLogin_logout.cy.js",
      "file": "cypress\\e2e\\userLogin_logout.cy.js",
      "beforeHooks": [],
      "afterHooks": [],
      "tests": [],
      "suites": [
        {
          "uuid": "7156b60c-2475-4462-ab26-abbd749a0209",
          "title": "User Login & Logout",
          "fullFile": "",
          "file": "",
          "beforeHooks": [],
          "afterHooks": [],
          "tests": [
            {
              "title": "should login with valid credentials",
              "fullTitle": "User Login & Logout should login with valid credentials",
              "timedOut": null,
              "duration": 4717,
              "state": "passed",
              "speed": "fast",
              "pass": true,
              "fail": false,
              "pending": false,
              "context": null,
              "code": "cy.userLogin(_user.default.email, _user.default.password);\ncy.title().should('include', 'Beranda');",
              "err": {},
              "uuid": "09756b08-cda7-4fe7-bebf-b3932f21d156",
              "parentUUID": "7156b60c-2475-4462-ab26-abbd749a0209",
              "isHook": false,
              "skipped": false
            },
            {
              "title": "should not login with invalid credentials",
              "fullTitle": "User Login & Logout should not login with invalid credentials",
              "timedOut": null,
              "duration": 1351,
              "state": "passed",
              "speed": "fast",
              "pass": true,
              "fail": false,
              "pending": false,
              "context": null,
              "code": "cy.userLogin('admin@gmail.com', 'wrongpass');\ncy.get('span.invalid-feedback > strong').should('contain', 'Identitas tersebut tidak cocok dengan data kami.');",
              "err": {},
              "uuid": "b833d37c-29dc-47f1-a1a8-9e79b88ede5e",
              "parentUUID": "7156b60c-2475-4462-ab26-abbd749a0209",
              "isHook": false,
              "skipped": false
            },
            {
              "title": "should show validation error if fields are empty",
              "fullTitle": "User Login & Logout should show validation error if fields are empty",
              "timedOut": null,
              "duration": 764,
              "state": "passed",
              "speed": "fast",
              "pass": true,
              "fail": false,
              "pending": false,
              "context": null,
              "code": "cy.userLogin(' ', ' ');\ncy.get('input#email').invoke('prop', 'validationMessage').should('contain', 'Silahkan isi kolomnya');",
              "err": {},
              "uuid": "6716b70f-2f37-4c73-8e23-d6e84525c33d",
              "parentUUID": "7156b60c-2475-4462-ab26-abbd749a0209",
              "isHook": false,
              "skipped": false
            },
            {
              "title": "should show validation error if fields email not formated",
              "fullTitle": "User Login & Logout should show validation error if fields email not formated",
              "timedOut": null,
              "duration": 828,
              "state": "passed",
              "speed": "fast",
              "pass": true,
              "fail": false,
              "pending": false,
              "context": null,
              "code": "cy.userLogin('user', '123123');\ncy.get('input#email').invoke('prop', 'validationMessage').should('contain', \"Harap sertakan '@' di alamat email. \");",
              "err": {},
              "uuid": "633a1727-c078-4fbb-a89c-367f2e3a1afd",
              "parentUUID": "7156b60c-2475-4462-ab26-abbd749a0209",
              "isHook": false,
              "skipped": false
            },
            {
              "title": "should logout properly",
              "fullTitle": "User Login & Logout should logout properly",
              "timedOut": null,
              "duration": 2900,
              "state": "passed",
              "speed": "fast",
              "pass": true,
              "fail": false,
              "pending": false,
              "context": null,
              "code": "cy.userLogin(_user.default.email, _user.default.password);\ncy.userLogout();\ncy.title().should('include', 'Beranda');",
              "err": {},
              "uuid": "3a267a5e-abc8-40dd-a452-24b3cb1f8363",
              "parentUUID": "7156b60c-2475-4462-ab26-abbd749a0209",
              "isHook": false,
              "skipped": false
            },
            {
              "title": "should not access dashboard when logged out",
              "fullTitle": "User Login & Logout should not access dashboard when logged out",
              "timedOut": null,
              "duration": 383,
              "state": "passed",
              "speed": "fast",
              "pass": true,
              "fail": false,
              "pending": false,
              "context": null,
              "code": "cy.visit('/account/profile');\ncy.url().should('include', '/login');",
              "err": {},
              "uuid": "cb1e88cc-c8d1-4cad-8589-536faae73d1c",
              "parentUUID": "7156b60c-2475-4462-ab26-abbd749a0209",
              "isHook": false,
              "skipped": false
            }
          ],
          "suites": [],
          "passes": [
            "09756b08-cda7-4fe7-bebf-b3932f21d156",
            "b833d37c-29dc-47f1-a1a8-9e79b88ede5e",
            "6716b70f-2f37-4c73-8e23-d6e84525c33d",
            "633a1727-c078-4fbb-a89c-367f2e3a1afd",
            "3a267a5e-abc8-40dd-a452-24b3cb1f8363",
            "cb1e88cc-c8d1-4cad-8589-536faae73d1c"
          ],
          "failures": [],
          "pending": [],
          "skipped": [],
          "duration": 10943,
          "root": false,
          "rootEmpty": false,
          "_timeout": 2000
        }
      ],
      "passes": [],
      "failures": [],
      "pending": [],
      "skipped": [],
      "duration": 0,
      "root": true,
      "rootEmpty": true,
      "_timeout": 2000
    }
  ],
  "meta": {
    "mocha": {
      "version": "7.2.0"
    },
    "mochawesome": {
      "options": {
        "quiet": false,
        "reportFilename": "[status]-[name]-report",
        "saveHtml": false,
        "saveJson": true,
        "consoleReporter": "spec",
        "useInlineDiffs": false,
        "code": true
      },
      "version": "7.1.3"
    },
    "marge": {
      "options": {
        "charts": true,
        "reportPageTitle": "Cypress Inline Reporter",
        "reportFilename": "[status]-[name]-report",
        "embeddedScreenshots": true,
        "inlineAssets": true,
        "overwrite": false,
        "html": false,
        "json": true,
        "reportDir": "cypress\\reports\\html\\.jsons"
      },
      "version": "6.2.0"
    }
  }
}