{
  "stats": {
    "suites": 1,
    "tests": 5,
    "passes": 5,
    "pending": 0,
    "failures": 0,
    "start": "2025-07-03T23:20:10.206Z",
    "end": "2025-07-03T23:20:27.038Z",
    "duration": 16832,
    "testsRegistered": 5,
    "passPercent": 100,
    "pendingPercent": 0,
    "other": 0,
    "hasOther": false,
    "skipped": 0,
    "hasSkipped": false
  },
  "results": [
    {
      "uuid": "c1028055-9abb-40fb-ae85-28c46d5c8963",
      "title": "",
      "fullFile": "cypress\\e2e\\userKeranjang.cy.js",
      "file": "cypress\\e2e\\userKeranjang.cy.js",
      "beforeHooks": [],
      "afterHooks": [],
      "tests": [],
      "suites": [
        {
          "uuid": "9ca19f56-7f99-4f61-89e9-be2ad7973205",
          "title": "User Keranjang",
          "fullFile": "",
          "file": "",
          "beforeHooks": [],
          "afterHooks": [],
          "tests": [
            {
              "title": "Check keranjang kosong",
              "fullTitle": "User Keranjang Check keranjang kosong",
              "timedOut": null,
              "duration": 3590,
              "state": "passed",
              "speed": "fast",
              "pass": true,
              "fail": false,
              "pending": false,
              "context": null,
              "code": "cy.get(\"a[href='https://wikanta.com/cart']\").click();\ncy.get(\".text-center.mt-5.mb-5\").should(\"contain\", \"Tidak ada data\");",
              "err": {},
              "uuid": "d4004077-3f57-4f55-9327-3c9b4e4c6daf",
              "parentUUID": "9ca19f56-7f99-4f61-89e9-be2ad7973205",
              "isHook": false,
              "skipped": false
            },
            {
              "title": "Check masukkan produk stock 0",
              "fullTitle": "User Keranjang Check masukkan produk stock 0",
              "timedOut": null,
              "duration": 3234,
              "state": "passed",
              "speed": "fast",
              "pass": true,
              "fail": false,
              "pending": false,
              "context": null,
              "code": "cy.xpath(\"//a[normalize-space()='Kemeja Pria Polos Kerah']\").click();\ncy.get(\"#add-to-cart\").click().wait(500);\ncy.get(\".swal2-popup\").should(\"be.visible\").and(\"contain\", \"Stok produk ini adalah 0\");\ncy.get(\"#shop-now\").click();\ncy.get(\".swal2-popup\").should(\"be.visible\").and(\"contain\", \"Stok produk ini adalah 0\");",
              "err": {},
              "uuid": "a5f074a4-91c1-4f77-b8aa-6dc64856bdb0",
              "parentUUID": "9ca19f56-7f99-4f61-89e9-be2ad7973205",
              "isHook": false,
              "skipped": false
            },
            {
              "title": "Check masukkan produk stock 1",
              "fullTitle": "User Keranjang Check masukkan produk stock 1",
              "timedOut": null,
              "duration": 2830,
              "state": "passed",
              "speed": "fast",
              "pass": true,
              "fail": false,
              "pending": false,
              "context": null,
              "code": "cy.xpath(\"(//div[@class='product-view'])[36]\").invoke('attr', 'style', 'display: none');\ncy.xpath(\"//a[normalize-space()='Contoh Product']\").first().click();\ncy.get(\"#add-to-cart\").click().wait(500);\ncy.get(\".swal2-popup\").should(\"be.visible\").and(\"contain\", \"Berhasil\");",
              "err": {},
              "uuid": "847b993c-b2c5-497b-afc5-6599ea2cc8a4",
              "parentUUID": "9ca19f56-7f99-4f61-89e9-be2ad7973205",
              "isHook": false,
              "skipped": false
            },
            {
              "title": "Check increment produk dikeranjang",
              "fullTitle": "User Keranjang Check increment produk dikeranjang",
              "timedOut": null,
              "duration": 3280,
              "state": "passed",
              "speed": "fast",
              "pass": true,
              "fail": false,
              "pending": false,
              "context": null,
              "code": "cy.get(\"a[href='https://wikanta.com/cart']\").click();\ncy.get(\"  input[placeholder='Kuantitas']\").clear().type(\"10\").type(\"{enter}\");\ncy.get(\".cart-total.d-block.mb-2\").scrollIntoView().should(\"contain\", \"Rp 100.000\");",
              "err": {},
              "uuid": "f1895805-fd9a-4379-839d-4aeca1a215b8",
              "parentUUID": "9ca19f56-7f99-4f61-89e9-be2ad7973205",
              "isHook": false,
              "skipped": false
            },
            {
              "title": "Check hapus produk di keranjang",
              "fullTitle": "User Keranjang Check hapus produk di keranjang",
              "timedOut": null,
              "duration": 3628,
              "state": "passed",
              "speed": "fast",
              "pass": true,
              "fail": false,
              "pending": false,
              "context": null,
              "code": "cy.get(\"a[href='https://wikanta.com/cart']\").click();\ncy.get(\".btn-delete\").click();\ncy.get(\".swal2-confirm\").click();\ncy.get(\".text-center.mt-5.mb-5\").should(\"contain\", \"Tidak ada data\");",
              "err": {},
              "uuid": "fc015831-d755-4b2f-83d9-58f6876c6d7f",
              "parentUUID": "9ca19f56-7f99-4f61-89e9-be2ad7973205",
              "isHook": false,
              "skipped": false
            }
          ],
          "suites": [],
          "passes": [
            "d4004077-3f57-4f55-9327-3c9b4e4c6daf",
            "a5f074a4-91c1-4f77-b8aa-6dc64856bdb0",
            "847b993c-b2c5-497b-afc5-6599ea2cc8a4",
            "f1895805-fd9a-4379-839d-4aeca1a215b8",
            "fc015831-d755-4b2f-83d9-58f6876c6d7f"
          ],
          "failures": [],
          "pending": [],
          "skipped": [],
          "duration": 16562,
          "root": false,
          "rootEmpty": false,
          "_timeout": 2000
        }
      ],
      "passes": [],
      "failures": [],
      "pending": [],
      "skipped": [],
      "duration": 0,
      "root": true,
      "rootEmpty": true,
      "_timeout": 2000
    }
  ],
  "meta": {
    "mocha": {
      "version": "7.2.0"
    },
    "mochawesome": {
      "options": {
        "quiet": false,
        "reportFilename": "[status]-[name]-report",
        "saveHtml": false,
        "saveJson": true,
        "consoleReporter": "spec",
        "useInlineDiffs": false,
        "code": true
      },
      "version": "7.1.3"
    },
    "marge": {
      "options": {
        "charts": true,
        "reportPageTitle": "Cypress Inline Reporter",
        "reportFilename": "[status]-[name]-report",
        "embeddedScreenshots": true,
        "inlineAssets": true,
        "overwrite": false,
        "html": false,
        "json": true,
        "reportDir": "cypress\\reports\\html\\.jsons"
      },
      "version": "6.2.0"
    }
  }
}