{
  "stats": {
    "suites": 1,
    "tests": 6,
    "passes": 6,
    "pending": 0,
    "failures": 0,
    "start": "2025-07-04T00:18:32.795Z",
    "end": "2025-07-04T00:18:44.874Z",
    "duration": 12079,
    "testsRegistered": 6,
    "passPercent": 100,
    "pendingPercent": 0,
    "other": 0,
    "hasOther": false,
    "skipped": 0,
    "hasSkipped": false
  },
  "results": [
    {
      "uuid": "3b7dce3d-0aac-47bf-bad3-0324c04f72f4",
      "title": "",
      "fullFile": "cypress\\e2e\\adminLogin_logout.cy.js",
      "file": "cypress\\e2e\\adminLogin_logout.cy.js",
      "beforeHooks": [],
      "afterHooks": [],
      "tests": [],
      "suites": [
        {
          "uuid": "33225553-31f1-458a-af32-df8f25d87133",
          "title": "Admin Login & Logout",
          "fullFile": "",
          "file": "",
          "beforeHooks": [],
          "afterHooks": [],
          "tests": [
            {
              "title": "should login with valid credentials",
              "fullTitle": "Admin Login & Logout should login with valid credentials",
              "timedOut": null,
              "duration": 5456,
              "state": "passed",
              "speed": "medium",
              "pass": true,
              "fail": false,
              "pending": false,
              "context": null,
              "code": "cy.adminLogin(_admin.default.email, _admin.default.password);\ncy.title().should('include', 'Dashboard');",
              "err": {},
              "uuid": "20fe21bc-b9a3-4484-b54f-007b90225f7a",
              "parentUUID": "33225553-31f1-458a-af32-df8f25d87133",
              "isHook": false,
              "skipped": false
            },
            {
              "title": "should not login with invalid credentials",
              "fullTitle": "Admin Login & Logout should not login with invalid credentials",
              "timedOut": null,
              "duration": 1329,
              "state": "passed",
              "speed": "fast",
              "pass": true,
              "fail": false,
              "pending": false,
              "context": null,
              "code": "cy.adminLogin('admin@gmail.com', 'wrongpass');\ncy.get('span.invalid-feedback > strong').should('contain', 'Identitas tersebut tidak cocok dengan data kami.');",
              "err": {},
              "uuid": "f2d5507e-0c98-4916-b7ef-c93e86c55e9c",
              "parentUUID": "33225553-31f1-458a-af32-df8f25d87133",
              "isHook": false,
              "skipped": false
            },
            {
              "title": "should show validation error if fields are empty",
              "fullTitle": "Admin Login & Logout should show validation error if fields are empty",
              "timedOut": null,
              "duration": 607,
              "state": "passed",
              "speed": "fast",
              "pass": true,
              "fail": false,
              "pending": false,
              "context": null,
              "code": "cy.adminLogin(' ', ' ');\ncy.get('input#email').invoke('prop', 'validationMessage').should('contain', 'Silahkan isi kolomnya');",
              "err": {},
              "uuid": "c5ce3ad0-1d06-40ec-9667-36d7de1bb5ac",
              "parentUUID": "33225553-31f1-458a-af32-df8f25d87133",
              "isHook": false,
              "skipped": false
            },
            {
              "title": "should show validation error if fields email not formated",
              "fullTitle": "Admin Login & Logout should show validation error if fields email not formated",
              "timedOut": null,
              "duration": 683,
              "state": "passed",
              "speed": "fast",
              "pass": true,
              "fail": false,
              "pending": false,
              "context": null,
              "code": "cy.adminLogin('admin', '123123');\ncy.get('input#email').invoke('prop', 'validationMessage').should('contain', \"Harap sertakan '@' di alamat email. \");",
              "err": {},
              "uuid": "5466d64e-e0ab-433f-9734-57217e3ad82f",
              "parentUUID": "33225553-31f1-458a-af32-df8f25d87133",
              "isHook": false,
              "skipped": false
            },
            {
              "title": "should logout properly",
              "fullTitle": "Admin Login & Logout should logout properly",
              "timedOut": null,
              "duration": 3507,
              "state": "passed",
              "speed": "fast",
              "pass": true,
              "fail": false,
              "pending": false,
              "context": null,
              "code": "cy.adminLogin(_admin.default.email, _admin.default.password);\ncy.adminLogout();\ncy.title().should('include', 'Beranda');",
              "err": {},
              "uuid": "299fae5f-6789-4dc9-8fa5-d57ab8d29328",
              "parentUUID": "33225553-31f1-458a-af32-df8f25d87133",
              "isHook": false,
              "skipped": false
            },
            {
              "title": "should not access dashboard when logged out",
              "fullTitle": "Admin Login & Logout should not access dashboard when logged out",
              "timedOut": null,
              "duration": 240,
              "state": "passed",
              "speed": "fast",
              "pass": true,
              "fail": false,
              "pending": false,
              "context": null,
              "code": "cy.visit('/admin');\ncy.url().should('include', '/login/employer');",
              "err": {},
              "uuid": "6a683b77-967d-40e5-8d0d-89bcb9e6157b",
              "parentUUID": "33225553-31f1-458a-af32-df8f25d87133",
              "isHook": false,
              "skipped": false
            }
          ],
          "suites": [],
          "passes": [
            "20fe21bc-b9a3-4484-b54f-007b90225f7a",
            "f2d5507e-0c98-4916-b7ef-c93e86c55e9c",
            "c5ce3ad0-1d06-40ec-9667-36d7de1bb5ac",
            "5466d64e-e0ab-433f-9734-57217e3ad82f",
            "299fae5f-6789-4dc9-8fa5-d57ab8d29328",
            "6a683b77-967d-40e5-8d0d-89bcb9e6157b"
          ],
          "failures": [],
          "pending": [],
          "skipped": [],
          "duration": 11822,
          "root": false,
          "rootEmpty": false,
          "_timeout": 2000
        }
      ],
      "passes": [],
      "failures": [],
      "pending": [],
      "skipped": [],
      "duration": 0,
      "root": true,
      "rootEmpty": true,
      "_timeout": 2000
    }
  ],
  "meta": {
    "mocha": {
      "version": "7.2.0"
    },
    "mochawesome": {
      "options": {
        "quiet": false,
        "reportFilename": "[status]-[name]-report",
        "saveHtml": false,
        "saveJson": true,
        "consoleReporter": "spec",
        "useInlineDiffs": false,
        "code": true
      },
      "version": "7.1.3"
    },
    "marge": {
      "options": {
        "charts": true,
        "reportPageTitle": "Cypress Inline Reporter",
        "reportFilename": "[status]-[name]-report",
        "embeddedScreenshots": true,
        "inlineAssets": true,
        "overwrite": false,
        "html": false,
        "json": true,
        "reportDir": "cypress\\reports\\html\\.jsons"
      },
      "version": "6.2.0"
    }
  }
}