{
  "stats": {
    "suites": 1,
    "tests": 2,
    "passes": 2,
    "pending": 0,
    "failures": 0,
    "start": "2025-07-03T23:38:37.244Z",
    "end": "2025-07-03T23:38:44.042Z",
    "duration": 6798,
    "testsRegistered": 2,
    "passPercent": 100,
    "pendingPercent": 0,
    "other": 0,
    "hasOther": false,
    "skipped": 0,
    "hasSkipped": false
  },
  "results": [
    {
      "uuid": "6a72c96d-c5b6-4d5f-89f0-2b61347c720b",
      "title": "",
      "fullFile": "cypress\\e2e\\userKategori.cy.js",
      "file": "cypress\\e2e\\userKategori.cy.js",
      "beforeHooks": [],
      "afterHooks": [],
      "tests": [],
      "suites": [
        {
          "uuid": "59eb6104-17c3-4ee2-9060-eaf4883c73db",
          "title": "User Kategori",
          "fullFile": "",
          "file": "",
          "beforeHooks": [],
          "afterHooks": [],
          "tests": [
            {
              "title": "Check kategori berisi produk",
              "fullTitle": "User Kategori Check kategori berisi produk",
              "timedOut": null,
              "duration": 3916,
              "state": "passed",
              "speed": "fast",
              "pass": true,
              "fail": false,
              "pending": false,
              "context": null,
              "code": "cy.get(\".toggle-bar-wrapper\").scrollIntoView().trigger('mouseenter');\ncy.get(\":nth-child(3) > #dropdownCategory-1\").trigger(\"mouseenter\");\ncy.contains('a', 'Pashima').click();\ncy.get(\".product-info\").should(\"contain\", \"Pashmina\");",
              "err": {},
              "uuid": "0567124f-964a-4f46-8088-aeb75d02f7ca",
              "parentUUID": "59eb6104-17c3-4ee2-9060-eaf4883c73db",
              "isHook": false,
              "skipped": false
            },
            {
              "title": "Check kategori tidak berisi produk",
              "fullTitle": "User Kategori Check kategori tidak berisi produk",
              "timedOut": null,
              "duration": 2745,
              "state": "passed",
              "speed": "fast",
              "pass": true,
              "fail": false,
              "pending": false,
              "context": null,
              "code": "cy.get(\".toggle-bar-wrapper\").scrollIntoView().trigger('mouseenter');\ncy.get(\":nth-child(5) > #dropdownCategory-1\").trigger(\"mouseenter\");\ncy.contains('a', 'Vest Muslim').click();\ncy.get(\":nth-child(2) > .text-center\").should(\"contain\", \"Tidak ada data yang cocok\");",
              "err": {},
              "uuid": "bb98e761-2609-4f48-a913-64dded6ba2be",
              "parentUUID": "59eb6104-17c3-4ee2-9060-eaf4883c73db",
              "isHook": false,
              "skipped": false
            }
          ],
          "suites": [],
          "passes": [
            "0567124f-964a-4f46-8088-aeb75d02f7ca",
            "bb98e761-2609-4f48-a913-64dded6ba2be"
          ],
          "failures": [],
          "pending": [],
          "skipped": [],
          "duration": 6661,
          "root": false,
          "rootEmpty": false,
          "_timeout": 2000
        }
      ],
      "passes": [],
      "failures": [],
      "pending": [],
      "skipped": [],
      "duration": 0,
      "root": true,
      "rootEmpty": true,
      "_timeout": 2000
    }
  ],
  "meta": {
    "mocha": {
      "version": "7.2.0"
    },
    "mochawesome": {
      "options": {
        "quiet": false,
        "reportFilename": "[status]-[name]-report",
        "saveHtml": false,
        "saveJson": true,
        "consoleReporter": "spec",
        "useInlineDiffs": false,
        "code": true
      },
      "version": "7.1.3"
    },
    "marge": {
      "options": {
        "charts": true,
        "reportPageTitle": "Cypress Inline Reporter",
        "reportFilename": "[status]-[name]-report",
        "embeddedScreenshots": true,
        "inlineAssets": true,
        "overwrite": false,
        "html": false,
        "json": true,
        "reportDir": "cypress\\reports\\html\\.jsons"
      },
      "version": "6.2.0"
    }
  }
}