{
  "stats": {
    "suites": 1,
    "tests": 5,
    "passes": 5,
    "pending": 0,
    "failures": 0,
    "start": "2025-06-23T18:45:29.095Z",
    "end": "2025-06-23T18:45:46.131Z",
    "duration": 17036,
    "testsRegistered": 5,
    "passPercent": 100,
    "pendingPercent": 0,
    "other": 0,
    "hasOther": false,
    "skipped": 0,
    "hasSkipped": false
  },
  "results": [
    {
      "uuid": "39be6a97-3aa6-41f4-a08d-de6d4ebfbaad",
      "title": "",
      "fullFile": "cypress\\e2e\\userKeranjang.cy.js",
      "file": "cypress\\e2e\\userKeranjang.cy.js",
      "beforeHooks": [],
      "afterHooks": [],
      "tests": [],
      "suites": [
        {
          "uuid": "3251f0dd-24f2-46a8-816a-50f2a4f89781",
          "title": "User Keranjang",
          "fullFile": "",
          "file": "",
          "beforeHooks": [],
          "afterHooks": [],
          "tests": [
            {
              "title": "Check keranjang kosong",
              "fullTitle": "User Keranjang Check keranjang kosong",
              "timedOut": null,
              "duration": 5584,
              "state": "passed",
              "speed": "medium",
              "pass": true,
              "fail": false,
              "pending": false,
              "context": null,
              "code": "cy.get(\"a[href='https://wikanta.com/cart']\").click();\ncy.get(\".text-center.mt-5.mb-5\").should(\"contain\", \"Tidak ada data\");",
              "err": {},
              "uuid": "e2679f3c-c846-491b-a9b0-6bf6b255018d",
              "parentUUID": "3251f0dd-24f2-46a8-816a-50f2a4f89781",
              "isHook": false,
              "skipped": false
            },
            {
              "title": "Check masukkan produk stock 0",
              "fullTitle": "User Keranjang Check masukkan produk stock 0",
              "timedOut": null,
              "duration": 3460,
              "state": "passed",
              "speed": "fast",
              "pass": true,
              "fail": false,
              "pending": false,
              "context": null,
              "code": "cy.xpath(\"//a[normalize-space()='Kemeja Pria Polos Kerah']\").click();\ncy.get(\"#add-to-cart\").click().wait(500);\ncy.get(\".swal2-popup\").should(\"be.visible\").and(\"contain\", \"Stok produk ini adalah 0\");\ncy.get(\"#shop-now\").click();\ncy.get(\".swal2-popup\").should(\"be.visible\").and(\"contain\", \"Stok produk ini adalah 0\");",
              "err": {},
              "uuid": "f0914139-a4b1-4c3b-9188-86ea39e86072",
              "parentUUID": "3251f0dd-24f2-46a8-816a-50f2a4f89781",
              "isHook": false,
              "skipped": false
            },
            {
              "title": "Check masukkan produk stock 1",
              "fullTitle": "User Keranjang Check masukkan produk stock 1",
              "timedOut": null,
              "duration": 2991,
              "state": "passed",
              "speed": "fast",
              "pass": true,
              "fail": false,
              "pending": false,
              "context": null,
              "code": "cy.xpath(\"(//div[@class='product-view'])[36]\").invoke('attr', 'style', 'display: none');\ncy.xpath(\"//a[normalize-space()='Contoh Product']\").first().click();\ncy.get(\"#add-to-cart\").click().wait(500);\ncy.get(\".swal2-popup\").should(\"be.visible\").and(\"contain\", \"Berhasil\");",
              "err": {},
              "uuid": "ef300b3e-0dab-4426-92e8-f74e1f494555",
              "parentUUID": "3251f0dd-24f2-46a8-816a-50f2a4f89781",
              "isHook": false,
              "skipped": false
            },
            {
              "title": "Check increment produk dikeranjang",
              "fullTitle": "User Keranjang Check increment produk dikeranjang",
              "timedOut": null,
              "duration": 2540,
              "state": "passed",
              "speed": "fast",
              "pass": true,
              "fail": false,
              "pending": false,
              "context": null,
              "code": "cy.get(\"a[href='https://wikanta.com/cart']\").click();\ncy.get(\"  input[placeholder='Kuantitas']\").clear().type(\"10\").type(\"{enter}\");\ncy.get(\".cart-total.d-block.mb-2\").scrollIntoView().should(\"contain\", \"Rp 100.000\");",
              "err": {},
              "uuid": "6292ec36-5ce4-477e-855c-5eb80a2b4051",
              "parentUUID": "3251f0dd-24f2-46a8-816a-50f2a4f89781",
              "isHook": false,
              "skipped": false
            },
            {
              "title": "Check hapus produk di keranjang",
              "fullTitle": "User Keranjang Check hapus produk di keranjang",
              "timedOut": null,
              "duration": 2272,
              "state": "passed",
              "speed": "fast",
              "pass": true,
              "fail": false,
              "pending": false,
              "context": null,
              "code": "cy.get(\"a[href='https://wikanta.com/cart']\").click();\ncy.get(\".btn-delete\").click();\ncy.get(\".swal2-confirm\").click();\ncy.get(\".text-center.mt-5.mb-5\").should(\"contain\", \"Tidak ada data\");",
              "err": {},
              "uuid": "9ab95a2a-4ed5-4712-b384-39b9d3bee940",
              "parentUUID": "3251f0dd-24f2-46a8-816a-50f2a4f89781",
              "isHook": false,
              "skipped": false
            }
          ],
          "suites": [],
          "passes": [
            "e2679f3c-c846-491b-a9b0-6bf6b255018d",
            "f0914139-a4b1-4c3b-9188-86ea39e86072",
            "ef300b3e-0dab-4426-92e8-f74e1f494555",
            "6292ec36-5ce4-477e-855c-5eb80a2b4051",
            "9ab95a2a-4ed5-4712-b384-39b9d3bee940"
          ],
          "failures": [],
          "pending": [],
          "skipped": [],
          "duration": 16847,
          "root": false,
          "rootEmpty": false,
          "_timeout": 2000
        }
      ],
      "passes": [],
      "failures": [],
      "pending": [],
      "skipped": [],
      "duration": 0,
      "root": true,
      "rootEmpty": true,
      "_timeout": 2000
    }
  ],
  "meta": {
    "mocha": {
      "version": "7.2.0"
    },
    "mochawesome": {
      "options": {
        "quiet": false,
        "reportFilename": "[status]-[name]-report",
        "saveHtml": false,
        "saveJson": true,
        "consoleReporter": "spec",
        "useInlineDiffs": false,
        "code": true
      },
      "version": "7.1.3"
    },
    "marge": {
      "options": {
        "charts": true,
        "reportPageTitle": "Cypress Inline Reporter",
        "reportFilename": "[status]-[name]-report",
        "embeddedScreenshots": true,
        "inlineAssets": true,
        "overwrite": false,
        "html": false,
        "json": true,
        "reportDir": "cypress\\reports\\html\\.jsons"
      },
      "version": "6.2.0"
    }
  }
}