{
  "stats": {
    "suites": 1,
    "tests": 5,
    "passes": 5,
    "pending": 0,
    "failures": 0,
    "start": "2025-06-23T18:42:54.494Z",
    "end": "2025-06-23T18:43:33.610Z",
    "duration": 39116,
    "testsRegistered": 5,
    "passPercent": 100,
    "pendingPercent": 0,
    "other": 0,
    "hasOther": false,
    "skipped": 0,
    "hasSkipped": false
  },
  "results": [
    {
      "uuid": "dfb00237-5a33-4708-9319-7d2d76513380",
      "title": "",
      "fullFile": "cypress\\e2e\\adminArtikel.cy.js",
      "file": "cypress\\e2e\\adminArtikel.cy.js",
      "beforeHooks": [],
      "afterHooks": [],
      "tests": [],
      "suites": [
        {
          "uuid": "f04715c1-6595-4971-873e-5bfaca93da1b",
          "title": "Admin Artikel",
          "fullFile": "",
          "file": "",
          "beforeHooks": [],
          "afterHooks": [],
          "tests": [
            {
              "title": "Tambah artikel tanpa judul",
              "fullTitle": "Admin Artikel Tambah artikel tanpa judul",
              "timedOut": null,
              "duration": 10630,
              "state": "passed",
              "speed": "slow",
              "pass": true,
              "fail": false,
              "pending": false,
              "context": null,
              "code": "cy.get(\"a[class='btn btn-primary']\").click();\ncy.get(\"textarea#summary\").type(\"test\");\ncy.get(\".select2-selection\").click();\ncy.get(\".select2-results__option\").contains(/^Active$/) // regex match persis \"Active\"\n.click();\ncy.get(\".direction > .btn-primary\").scrollIntoView().click();\ncy.wait(300); // kalau muncul terlalu cepat lalu hilang\ncy.get(\".swal2-popup\").should(\"be.visible\").and(\"contain\", \"Harap isi formulir\");",
              "err": {},
              "uuid": "185ad583-8de7-47c2-a008-a5bbd9d43f2b",
              "parentUUID": "f04715c1-6595-4971-873e-5bfaca93da1b",
              "isHook": false,
              "skipped": false
            },
            {
              "title": "Tambah artikel tanpa konten",
              "fullTitle": "Admin Artikel Tambah artikel tanpa konten",
              "timedOut": null,
              "duration": 4879,
              "state": "passed",
              "speed": "fast",
              "pass": true,
              "fail": false,
              "pending": false,
              "context": null,
              "code": "cy.get(\"a[class='btn btn-primary']\").click();\ncy.get(\"input[placeholder='Title']\").type(\"test\");\ncy.get(\".direction > .btn-primary\").scrollIntoView().click();\ncy.wait(300); // kalau muncul terlalu cepat lalu hilang\ncy.get(\".swal2-popup\").should(\"be.visible\").and(\"contain\", \"Harap isi formulir\");",
              "err": {},
              "uuid": "6edc0ff5-03bc-4cbf-93e6-f8bb9e853fb5",
              "parentUUID": "f04715c1-6595-4971-873e-5bfaca93da1b",
              "isHook": false,
              "skipped": false
            },
            {
              "title": "Tambah artikel",
              "fullTitle": "Admin Artikel Tambah artikel",
              "timedOut": null,
              "duration": 12388,
              "state": "passed",
              "speed": "slow",
              "pass": true,
              "fail": false,
              "pending": false,
              "context": null,
              "code": "cy.get(\"a[class='btn btn-primary']\").click();\ncy.get(\"input[placeholder='Title']\").type(\"test\");\ncy.frameLoaded(\"iframe[title='Rich Text Editor, article_section_1']\");\ncy.iframe(\"iframe[title='Rich Text Editor, article_section_1']\").clear().type(\"welcome {cmd+a}\");\ncy.get(\"textarea#summary\").type(\"test\");\ncy.get(\"button[class='btn btn-primary btn-next']\").scrollIntoView();\ncy.get(\".select2-selection\").click();\ncy.get(\".select2-results__option\").contains(/^Active$/) // regex match persis \"Active\"\n.click();\ncy.wait(2000);\ncy.get(\"button[class='btn btn-primary btn-next']\").click();\ncy.get(\"button[class='btn btn-info _btnCategory_']\").click();\ncy.wait(2000);\ncy.get(\".col-md > .form-group > .select2 > .selection > .select2-selection\").click();\ncy.get(\"input[role='searchbox']\").type(\"Rohani\").type(\"{enter}\");\ncy.get(\"#btnContinueCategory\").click();\ncy.get(\"button[class='btn btn-primary btn-next']\").click();\ncy.get(\"input[name='image[file][]']\").attachFile(\"test.png\");\ncy.get(\"textarea[placeholder='Note']\").type(\"test\");\ncy.get(\"button[class='btn btn-primary btn-next']\").click();\ncy.get(\"button[class='btn btn-primary btn-next']\").click();\ncy.get(\"#table-post_wrapper\").should(\"contain\", \"test\");",
              "err": {},
              "uuid": "545caafb-c0e3-4221-943f-e20656b2ec04",
              "parentUUID": "f04715c1-6595-4971-873e-5bfaca93da1b",
              "isHook": false,
              "skipped": false
            },
            {
              "title": "Edit artikel",
              "fullTitle": "Admin Artikel Edit artikel",
              "timedOut": null,
              "duration": 7463,
              "state": "passed",
              "speed": "medium",
              "pass": true,
              "fail": false,
              "pending": false,
              "context": null,
              "code": "cy.xpath(\"(//a[@class='btn btn-primary btn-icon'])[4]\").click();\ncy.get(\"input[placeholder='Title']\").clear().type(\"test2\");\ncy.frameLoaded(\"iframe[title='Rich Text Editor, article_section_1']\");\ncy.iframe(\"iframe[title='Rich Text Editor, article_section_1']\").clear().type(\"welcome {cmd+a}\");\ncy.get(\"textarea#summary\").clear().type(\"test\");\ncy.get(\"button[class='btn btn-primary btn-next']\").scrollIntoView();\ncy.get(\".select2-selection\").click();\ncy.get(\".select2-results__option\").contains(/^Active$/) // regex match persis \"Active\"\n.click();\ncy.wait(2000);\ncy.get(\"button[class='btn btn-primary btn-next']\").click();\ncy.get(\"button[class='btn btn-primary btn-next']\").click();\ncy.get(\"button[class='btn btn-primary btn-next']\").click();\ncy.get(\"button[class='btn btn-primary btn-next']\").click();\ncy.get(\"#table-post_wrapper\").should(\"contain\", \"test2\");",
              "err": {},
              "uuid": "e6546e61-058f-4420-b363-d8a28ec00bc3",
              "parentUUID": "f04715c1-6595-4971-873e-5bfaca93da1b",
              "isHook": false,
              "skipped": false
            },
            {
              "title": "Hapus artikel - ",
              "fullTitle": "Admin Artikel Hapus artikel - ",
              "timedOut": null,
              "duration": 3298,
              "state": "passed",
              "speed": "fast",
              "pass": true,
              "fail": false,
              "pending": false,
              "context": null,
              "code": "cy.xpath(\"(//button[@name='button'])[4]\").click();\ncy.xpath(\"//button[normalize-space()='Iya, hapus itu!']\").click();\ncy.get(\"#table-post_wrapper\").should(\"not.contain\", \"test2\");",
              "err": {},
              "uuid": "abf1fd17-fa5c-4b39-a179-953675f3d0dd",
              "parentUUID": "f04715c1-6595-4971-873e-5bfaca93da1b",
              "isHook": false,
              "skipped": false
            }
          ],
          "suites": [],
          "passes": [
            "185ad583-8de7-47c2-a008-a5bbd9d43f2b",
            "6edc0ff5-03bc-4cbf-93e6-f8bb9e853fb5",
            "545caafb-c0e3-4221-943f-e20656b2ec04",
            "e6546e61-058f-4420-b363-d8a28ec00bc3",
            "abf1fd17-fa5c-4b39-a179-953675f3d0dd"
          ],
          "failures": [],
          "pending": [],
          "skipped": [],
          "duration": 38658,
          "root": false,
          "rootEmpty": false,
          "_timeout": 2000
        }
      ],
      "passes": [],
      "failures": [],
      "pending": [],
      "skipped": [],
      "duration": 0,
      "root": true,
      "rootEmpty": true,
      "_timeout": 2000
    }
  ],
  "meta": {
    "mocha": {
      "version": "7.2.0"
    },
    "mochawesome": {
      "options": {
        "quiet": false,
        "reportFilename": "[status]-[name]-report",
        "saveHtml": false,
        "saveJson": true,
        "consoleReporter": "spec",
        "useInlineDiffs": false,
        "code": true
      },
      "version": "7.1.3"
    },
    "marge": {
      "options": {
        "charts": true,
        "reportPageTitle": "Cypress Inline Reporter",
        "reportFilename": "[status]-[name]-report",
        "embeddedScreenshots": true,
        "inlineAssets": true,
        "overwrite": false,
        "html": false,
        "json": true,
        "reportDir": "cypress\\reports\\html\\.jsons"
      },
      "version": "6.2.0"
    }
  }
}